{"/Users/joaofurriel/Documents/Estudo/MIEIC/Ano3/ESOF/pdfmake-1/tests/columnCalculator.js":{"path":"/Users/joaofurriel/Documents/Estudo/MIEIC/Ano3/ESOF/pdfmake-1/tests/columnCalculator.js","s":{"1":1,"2":1,"3":1,"4":0,"5":0,"6":0,"7":0,"8":0,"9":0,"10":0,"11":0,"12":0,"13":0,"14":0,"15":0,"16":0,"17":0,"18":0,"19":0,"20":0,"21":0,"22":0,"23":0,"24":0,"25":0,"26":0,"27":0,"28":0,"29":0,"30":0,"31":0,"32":0,"33":0,"34":0,"35":0,"36":0,"37":0,"38":0,"39":0,"40":0,"41":0,"42":0,"43":0,"44":0,"45":0,"46":0,"47":0,"48":0},"b":{},"f":{"1":0,"2":0,"3":0,"4":0,"5":0,"6":0,"7":0,"8":0,"9":0,"10":0,"11":0,"12":0,"13":0,"14":0},"fnMap":{"1":{"name":"(anonymous_1)","line":5,"loc":{"start":{"line":5,"column":29},"end":{"line":5,"column":39}}},"2":{"name":"(anonymous_2)","line":6,"loc":{"start":{"line":6,"column":31},"end":{"line":6,"column":42}}},"3":{"name":"(anonymous_3)","line":7,"loc":{"start":{"line":7,"column":66},"end":{"line":7,"column":77}}},"4":{"name":"(anonymous_4)","line":16,"loc":{"start":{"line":16,"column":19},"end":{"line":16,"column":33}}},"5":{"name":"(anonymous_5)","line":21,"loc":{"start":{"line":21,"column":89},"end":{"line":21,"column":100}}},"6":{"name":"(anonymous_6)","line":35,"loc":{"start":{"line":35,"column":77},"end":{"line":35,"column":88}}},"7":{"name":"(anonymous_7)","line":44,"loc":{"start":{"line":44,"column":19},"end":{"line":44,"column":33}}},"8":{"name":"(anonymous_8)","line":49,"loc":{"start":{"line":49,"column":61},"end":{"line":49,"column":72}}},"9":{"name":"(anonymous_9)","line":58,"loc":{"start":{"line":58,"column":19},"end":{"line":58,"column":33}}},"10":{"name":"(anonymous_10)","line":63,"loc":{"start":{"line":63,"column":84},"end":{"line":63,"column":95}}},"11":{"name":"(anonymous_11)","line":72,"loc":{"start":{"line":72,"column":19},"end":{"line":72,"column":33}}},"12":{"name":"(anonymous_12)","line":77,"loc":{"start":{"line":77,"column":114},"end":{"line":77,"column":125}}},"13":{"name":"(anonymous_13)","line":90,"loc":{"start":{"line":90,"column":93},"end":{"line":90,"column":104}}},"14":{"name":"(anonymous_14)","line":103,"loc":{"start":{"line":103,"column":148},"end":{"line":103,"column":159}}}},"statementMap":{"1":{"start":{"line":1,"column":0},"end":{"line":1,"column":31}},"2":{"start":{"line":3,"column":0},"end":{"line":3,"column":58}},"3":{"start":{"line":5,"column":0},"end":{"line":116,"column":3}},"4":{"start":{"line":6,"column":1},"end":{"line":115,"column":4}},"5":{"start":{"line":7,"column":2},"end":{"line":19,"column":5}},"6":{"start":{"line":8,"column":3},"end":{"line":12,"column":5}},"7":{"start":{"line":14,"column":3},"end":{"line":14,"column":52}},"8":{"start":{"line":16,"column":3},"end":{"line":18,"column":6}},"9":{"start":{"line":17,"column":4},"end":{"line":17,"column":44}},"10":{"start":{"line":21,"column":2},"end":{"line":33,"column":5}},"11":{"start":{"line":22,"column":3},"end":{"line":26,"column":5}},"12":{"start":{"line":28,"column":3},"end":{"line":28,"column":52}},"13":{"start":{"line":30,"column":3},"end":{"line":30,"column":57}},"14":{"start":{"line":31,"column":3},"end":{"line":31,"column":57}},"15":{"start":{"line":32,"column":3},"end":{"line":32,"column":61}},"16":{"start":{"line":35,"column":2},"end":{"line":47,"column":5}},"17":{"start":{"line":36,"column":3},"end":{"line":40,"column":5}},"18":{"start":{"line":42,"column":3},"end":{"line":42,"column":52}},"19":{"start":{"line":44,"column":3},"end":{"line":46,"column":6}},"20":{"start":{"line":45,"column":4},"end":{"line":45,"column":48}},"21":{"start":{"line":49,"column":2},"end":{"line":61,"column":5}},"22":{"start":{"line":50,"column":3},"end":{"line":54,"column":5}},"23":{"start":{"line":56,"column":3},"end":{"line":56,"column":52}},"24":{"start":{"line":58,"column":3},"end":{"line":60,"column":6}},"25":{"start":{"line":59,"column":4},"end":{"line":59,"column":40}},"26":{"start":{"line":63,"column":2},"end":{"line":75,"column":5}},"27":{"start":{"line":64,"column":3},"end":{"line":68,"column":5}},"28":{"start":{"line":70,"column":3},"end":{"line":70,"column":52}},"29":{"start":{"line":72,"column":3},"end":{"line":74,"column":6}},"30":{"start":{"line":73,"column":4},"end":{"line":73,"column":48}},"31":{"start":{"line":77,"column":2},"end":{"line":88,"column":5}},"32":{"start":{"line":78,"column":3},"end":{"line":82,"column":5}},"33":{"start":{"line":84,"column":3},"end":{"line":84,"column":52}},"34":{"start":{"line":85,"column":3},"end":{"line":85,"column":61}},"35":{"start":{"line":86,"column":3},"end":{"line":86,"column":44}},"36":{"start":{"line":87,"column":3},"end":{"line":87,"column":44}},"37":{"start":{"line":90,"column":2},"end":{"line":101,"column":5}},"38":{"start":{"line":91,"column":3},"end":{"line":95,"column":5}},"39":{"start":{"line":97,"column":3},"end":{"line":97,"column":52}},"40":{"start":{"line":98,"column":3},"end":{"line":98,"column":38}},"41":{"start":{"line":99,"column":3},"end":{"line":99,"column":38}},"42":{"start":{"line":100,"column":3},"end":{"line":100,"column":39}},"43":{"start":{"line":103,"column":2},"end":{"line":114,"column":5}},"44":{"start":{"line":104,"column":3},"end":{"line":108,"column":5}},"45":{"start":{"line":110,"column":3},"end":{"line":110,"column":52}},"46":{"start":{"line":111,"column":3},"end":{"line":111,"column":38}},"47":{"start":{"line":112,"column":3},"end":{"line":112,"column":62}},"48":{"start":{"line":113,"column":3},"end":{"line":113,"column":92}}},"branchMap":{}}}