{
"/Users/joaofurriel/pdfmake-1/src/columnCalculator.js":{"path":"/Users/joaofurriel/pdfmake-1/src/columnCalculator.js","s":{"1":1,"2":0,"3":0,"4":0,"5":0,"6":0,"7":0,"8":0,"9":0,"10":0,"11":0,"12":0,"13":0,"14":0,"15":0,"16":0,"17":0,"18":0,"19":0,"20":0,"21":0,"22":0,"23":0,"24":0,"25":0,"26":0,"27":0,"28":0,"29":0,"30":0,"31":0,"32":0,"33":0,"34":0,"35":0,"36":0,"37":0,"38":0,"39":0,"40":0,"41":1,"42":0,"43":1,"44":0,"45":1,"46":0,"47":0,"48":0,"49":0,"50":0,"51":0,"52":0,"53":0,"54":0,"55":0,"56":0,"57":0,"58":0,"59":0,"60":0,"61":0,"62":0,"63":0,"64":0},"b":{"1":[0,0],"2":[0,0],"3":[0,0],"4":[0,0],"5":[0,0],"6":[0,0],"7":[0,0],"8":[0,0],"9":[0,0],"10":[0,0,0,0],"11":[0,0],"12":[0,0],"13":[0,0,0],"14":[0,0,0],"15":[0,0]},"f":{"1":0,"2":0,"3":0,"4":0,"5":0,"6":0,"7":0,"8":0,"9":0,"10":0,"11":0},"fnMap":{"1":{"name":"buildColumnWidths","line":4,"loc":{"start":{"line":4,"column":0},"end":{"line":4,"column":52}}},"2":{"name":"(anonymous_2)","line":13,"loc":{"start":{"line":13,"column":17},"end":{"line":13,"column":34}}},"3":{"name":"(anonymous_3)","line":27,"loc":{"start":{"line":27,"column":22},"end":{"line":27,"column":36}}},"4":{"name":"(anonymous_4)","line":51,"loc":{"start":{"line":51,"column":22},"end":{"line":51,"column":36}}},"5":{"name":"(anonymous_5)","line":55,"loc":{"start":{"line":55,"column":22},"end":{"line":55,"column":36}}},"6":{"name":"(anonymous_6)","line":61,"loc":{"start":{"line":61,"column":23},"end":{"line":61,"column":37}}},"7":{"name":"(anonymous_7)","line":70,"loc":{"start":{"line":70,"column":23},"end":{"line":70,"column":37}}},"8":{"name":"(anonymous_8)","line":80,"loc":{"start":{"line":80,"column":23},"end":{"line":80,"column":37}}},"9":{"name":"isAutoColumn","line":87,"loc":{"start":{"line":87,"column":0},"end":{"line":87,"column":30}}},"10":{"name":"isStarColumn","line":91,"loc":{"start":{"line":91,"column":0},"end":{"line":91,"column":30}}},"11":{"name":"measureMinMax","line":96,"loc":{"start":{"line":96,"column":0},"end":{"line":96,"column":32}}}},"statementMap":{"1":{"start":{"line":4,"column":0},"end":{"line":85,"column":1}},"2":{"start":{"line":5,"column":1},"end":{"line":11,"column":42}},"3":{"start":{"line":13,"column":1},"end":{"line":25,"column":4}},"4":{"start":{"line":14,"column":2},"end":{"line":24,"column":3}},"5":{"start":{"line":15,"column":3},"end":{"line":15,"column":28}},"6":{"start":{"line":16,"column":3},"end":{"line":16,"column":31}},"7":{"start":{"line":17,"column":3},"end":{"line":17,"column":31}},"8":{"start":{"line":18,"column":9},"end":{"line":24,"column":3}},"9":{"start":{"line":19,"column":3},"end":{"line":19,"column":28}},"10":{"start":{"line":20,"column":3},"end":{"line":20,"column":55}},"11":{"start":{"line":21,"column":3},"end":{"line":21,"column":55}},"12":{"start":{"line":23,"column":3},"end":{"line":23,"column":29}},"13":{"start":{"line":27,"column":1},"end":{"line":39,"column":4}},"14":{"start":{"line":29,"column":2},"end":{"line":31,"column":3}},"15":{"start":{"line":30,"column":3},"end":{"line":30,"column":64}},"16":{"start":{"line":32,"column":2},"end":{"line":36,"column":3}},"17":{"start":{"line":33,"column":3},"end":{"line":33,"column":34}},"18":{"start":{"line":35,"column":3},"end":{"line":35,"column":30}},"19":{"start":{"line":38,"column":2},"end":{"line":38,"column":35}},"20":{"start":{"line":44,"column":1},"end":{"line":44,"column":54}},"21":{"start":{"line":45,"column":1},"end":{"line":45,"column":54}},"22":{"start":{"line":46,"column":1},"end":{"line":84,"column":2}},"23":{"start":{"line":51,"column":2},"end":{"line":53,"column":5}},"24":{"start":{"line":52,"column":3},"end":{"line":52,"column":34}},"25":{"start":{"line":55,"column":2},"end":{"line":57,"column":5}},"26":{"start":{"line":56,"column":3},"end":{"line":56,"column":31}},"27":{"start":{"line":59,"column":2},"end":{"line":75,"column":3}},"28":{"start":{"line":61,"column":3},"end":{"line":64,"column":6}},"29":{"start":{"line":62,"column":4},"end":{"line":62,"column":35}},"30":{"start":{"line":63,"column":4},"end":{"line":63,"column":37}},"31":{"start":{"line":67,"column":3},"end":{"line":67,"column":33}},"32":{"start":{"line":68,"column":3},"end":{"line":68,"column":23}},"33":{"start":{"line":70,"column":3},"end":{"line":74,"column":6}},"34":{"start":{"line":71,"column":4},"end":{"line":71,"column":42}},"35":{"start":{"line":72,"column":4},"end":{"line":72,"column":47}},"36":{"start":{"line":73,"column":4},"end":{"line":73,"column":37}},"37":{"start":{"line":77,"column":2},"end":{"line":83,"column":3}},"38":{"start":{"line":78,"column":3},"end":{"line":78,"column":54}},"39":{"start":{"line":80,"column":3},"end":{"line":82,"column":6}},"40":{"start":{"line":81,"column":4},"end":{"line":81,"column":30}},"41":{"start":{"line":87,"column":0},"end":{"line":89,"column":1}},"42":{"start":{"line":88,"column":1},"end":{"line":88,"column":32}},"43":{"start":{"line":91,"column":0},"end":{"line":93,"column":1}},"44":{"start":{"line":92,"column":1},"end":{"line":92,"column":111}},"45":{"start":{"line":96,"column":0},"end":{"line":124,"column":1}},"46":{"start":{"line":97,"column":1},"end":{"line":97,"column":33}},"47":{"start":{"line":99,"column":1},"end":{"line":99,"column":34}},"48":{"start":{"line":100,"column":1},"end":{"line":100,"column":19}},"49":{"start":{"line":102,"column":1},"end":{"line":116,"column":2}},"50":{"start":{"line":103,"column":2},"end":{"line":103,"column":21}},"51":{"start":{"line":105,"column":2},"end":{"line":115,"column":3}},"52":{"start":{"line":106,"column":3},"end":{"line":106,"column":52}},"53":{"start":{"line":107,"column":3},"end":{"line":107,"column":52}},"54":{"start":{"line":108,"column":3},"end":{"line":108,"column":15}},"55":{"start":{"line":109,"column":9},"end":{"line":115,"column":3}},"56":{"start":{"line":110,"column":3},"end":{"line":110,"column":29}},"57":{"start":{"line":111,"column":3},"end":{"line":111,"column":29}},"58":{"start":{"line":113,"column":3},"end":{"line":113,"column":69}},"59":{"start":{"line":114,"column":3},"end":{"line":114,"column":70}},"60":{"start":{"line":118,"column":1},"end":{"line":121,"column":2}},"61":{"start":{"line":119,"column":2},"end":{"line":119,"column":40}},"62":{"start":{"line":120,"column":2},"end":{"line":120,"column":40}},"63":{"start":{"line":123,"column":1},"end":{"line":123,"column":15}},"64":{"start":{"line":130,"column":0},"end":{"line":135,"column":2}}},"branchMap":{"1":{"line":14,"type":"if","locations":[{"start":{"line":14,"column":2},"end":{"line":14,"column":2}},{"start":{"line":14,"column":2},"end":{"line":14,"column":2}}]},"2":{"line":18,"type":"if","locations":[{"start":{"line":18,"column":9},"end":{"line":18,"column":9}},{"start":{"line":18,"column":9},"end":{"line":18,"column":9}}]},"3":{"line":29,"type":"if","locations":[{"start":{"line":29,"column":2},"end":{"line":29,"column":2}},{"start":{"line":29,"column":2},"end":{"line":29,"column":2}}]},"4":{"line":29,"type":"binary-expr","locations":[{"start":{"line":29,"column":6},"end":{"line":29,"column":35}},{"start":{"line":29,"column":39},"end":{"line":29,"column":61}}]},"5":{"line":32,"type":"if","locations":[{"start":{"line":32,"column":2},"end":{"line":32,"column":2}},{"start":{"line":32,"column":2},"end":{"line":32,"column":2}}]},"6":{"line":32,"type":"binary-expr","locations":[{"start":{"line":32,"column":6},"end":{"line":32,"column":33}},{"start":{"line":32,"column":37},"end":{"line":32,"column":53}}]},"7":{"line":46,"type":"if","locations":[{"start":{"line":46,"column":1},"end":{"line":46,"column":1}},{"start":{"line":46,"column":1},"end":{"line":46,"column":1}}]},"8":{"line":59,"type":"if","locations":[{"start":{"line":59,"column":2},"end":{"line":59,"column":2}},{"start":{"line":59,"column":2},"end":{"line":59,"column":2}}]},"9":{"line":77,"type":"if","locations":[{"start":{"line":77,"column":2},"end":{"line":77,"column":2}},{"start":{"line":77,"column":2},"end":{"line":77,"column":2}}]},"10":{"line":92,"type":"binary-expr","locations":[{"start":{"line":92,"column":8},"end":{"line":92,"column":29}},{"start":{"line":92,"column":33},"end":{"line":92,"column":59}},{"start":{"line":92,"column":63},"end":{"line":92,"column":83}},{"start":{"line":92,"column":87},"end":{"line":92,"column":110}}]},"11":{"line":105,"type":"if","locations":[{"start":{"line":105,"column":2},"end":{"line":105,"column":2}},{"start":{"line":105,"column":2},"end":{"line":105,"column":2}}]},"12":{"line":109,"type":"if","locations":[{"start":{"line":109,"column":9},"end":{"line":109,"column":9}},{"start":{"line":109,"column":9},"end":{"line":109,"column":9}}]},"13":{"line":113,"type":"binary-expr","locations":[{"start":{"line":113,"column":19},"end":{"line":113,"column":40}},{"start":{"line":113,"column":44},"end":{"line":113,"column":51}},{"start":{"line":113,"column":56},"end":{"line":113,"column":67}}]},"14":{"line":114,"type":"binary-expr","locations":[{"start":{"line":114,"column":19},"end":{"line":114,"column":41}},{"start":{"line":114,"column":45},"end":{"line":114,"column":52}},{"start":{"line":114,"column":57},"end":{"line":114,"column":68}}]},"15":{"line":118,"type":"if","locations":[{"start":{"line":118,"column":1},"end":{"line":118,"column":1}},{"start":{"line":118,"column":1},"end":{"line":118,"column":1}}]}},"l":{"4":1,"5":0,"13":0,"14":0,"15":0,"16":0,"17":0,"18":0,"19":0,"20":0,"21":0,"23":0,"27":0,"29":0,"30":0,"32":0,"33":0,"35":0,"38":0,"44":0,"45":0,"46":0,"51":0,"52":0,"55":0,"56":0,"59":0,"61":0,"62":0,"63":0,"67":0,"68":0,"70":0,"71":0,"72":0,"73":0,"77":0,"78":0,"80":0,"81":0,"87":1,"88":0,"91":1,"92":0,"96":1,"97":0,"99":0,"100":0,"102":0,"103":0,"105":0,"106":0,"107":0,"108":0,"109":0,"110":0,"111":0,"113":0,"114":0,"118":0,"119":0,"120":0,"123":0,"130":0}},
"/Users/joaofurriel/pdfmake-1/src/docMeasure.js":{"path":"/Users/joaofurriel/pdfmake-1/src/docMeasure.js","s":{"1":0,"2":0,"3":0,"4":0,"5":0,"6":0,"7":1,"8":0,"9":0,"10":0,"11":0,"12":0,"13":0,"14":0,"15":0,"16":0,"17":0,"18":0,"19":0,"20":0,"21":0,"22":0,"23":0,"24":0,"25":0,"26":0,"27":0,"28":0,"29":0,"30":0,"31":0,"32":0,"33":0,"34":0,"35":0,"36":0,"37":0,"38":0,"39":0,"40":0,"41":0,"42":0,"43":0,"44":0,"45":1,"46":0,"47":0,"48":0,"49":0,"50":0,"51":1,"52":1,"53":0,"54":0,"55":0,"56":1,"57":0,"58":0,"59":0,"60":0,"61":0,"62":0,"63":0,"64":0,"65":1,"66":0,"67":0,"68":0,"69":0,"70":0,"71":0,"72":0,"73":0,"74":0,"75":0,"76":0,"77":0,"78":0,"79":0,"80":0,"81":0,"82":0,"83":0,"84":0,"85":0,"86":0,"87":0,"88":0,"89":0,"90":0,"91":0,"92":0,"93":0,"94":0,"95":0,"96":0,"97":0,"98":0,"99":0,"100":0,"101":0,"102":0,"103":0,"104":0,"105":0,"106":0,"107":0,"108":0,"109":0,"110":0,"111":0,"112":0,"113":0,"114":0,"115":0,"116":0,"117":0,"118":0,"119":0,"120":0,"121":0,"122":0,"123":0,"124":0,"125":0,"126":0,"127":0,"128":0,"129":0,"130":0,"131":0,"132":0,"133":0,"134":0,"135":0,"136":0,"137":0,"138":0,"139":0,"140":0,"141":0,"142":0,"143":0,"144":0,"145":0,"146":0,"147":0,"148":0,"149":0,"150":0,"151":0,"152":0,"153":0,"154":0,"155":0,"156":0,"157":0,"158":0,"159":0,"160":0,"161":0,"162":0,"163":0,"164":0,"165":0,"166":0,"167":0,"168":0,"169":0,"170":0,"171":0,"172":0,"173":0,"174":0,"175":0,"176":0,"177":0,"178":0,"179":0,"180":0,"181":0,"182":0,"183":0,"184":0,"185":0,"186":0,"187":0,"188":0,"189":1,"190":0,"191":0,"192":0,"193":0,"194":1,"195":0,"196":0,"197":0,"198":0,"199":0,"200":0,"201":0,"202":0,"203":0,"204":0,"205":0,"206":0,"207":0,"208":1,"209":0,"210":0,"211":0,"212":0,"213":0,"214":0,"215":0,"216":0,"217":0,"218":0,"219":1,"220":0,"221":0,"222":0,"223":0,"224":0,"225":0,"226":0,"227":0,"228":0,"229":0,"230":0,"231":0,"232":0,"233":0,"234":1,"235":0,"236":0,"237":0,"238":0,"239":0,"240":1,"241":0,"242":0,"243":1,"244":0,"245":0,"246":1,"247":0,"248":0,"249":0,"250":0,"251":0,"252":0,"253":0,"254":0,"255":0,"256":0,"257":0,"258":0,"259":0,"260":0,"261":0,"262":0,"263":0,"264":0,"265":0,"266":0,"267":0,"268":0,"269":0,"270":0,"271":0,"272":0,"273":0,"274":0,"275":0,"276":0,"277":0,"278":0,"279":0,"280":0,"281":0,"282":0},"b":{"1":[0,0],"2":[0,0],"3":[0,0],"4":[0,0],"5":[0,0],"6":[0,0],"7":[0,0],"8":[0,0],"9":[0,0],"10":[0,0],"11":[0,0],"12":[0,0],"13":[0,0],"14":[0,0],"15":[0,0],"16":[0,0,0,0],"17":[0,0,0],"18":[0,0,0],"19":[0,0,0],"20":[0,0,0],"21":[0,0],"22":[0,0],"23":[0,0],"24":[0,0],"25":[0,0],"26":[0,0],"27":[0,0],"28":[0,0],"29":[0,0],"30":[0,0],"31":[0,0],"32":[0,0,0,0],"33":[0,0],"34":[0,0],"35":[0,0],"36":[0,0],"37":[0,0],"38":[0,0],"39":[0,0],"40":[0,0],"41":[0,0],"42":[0,0],"43":[0,0],"44":[0,0],"45":[0,0],"46":[0,0],"47":[0,0],"48":[0,0],"49":[0,0],"50":[0,0],"51":[0,0],"52":[0,0],"53":[0,0],"54":[0,0],"55":[0,0],"56":[0,0],"57":[0,0],"58":[0,0],"59":[0,0],"60":[0,0],"61":[0,0],"62":[0,0],"63":[0,0],"64":[0,0,0,0],"65":[0,0,0,0]},"f":{"1":0,"2":0,"3":0,"4":0,"5":0,"6":0,"7":0,"8":0,"9":0,"10":0,"11":0,"12":0,"13":0,"14":0,"15":0,"16":0,"17":0,"18":0,"19":0,"20":0,"21":0,"22":0,"23":0,"24":0,"25":0,"26":0,"27":0,"28":0,"29":0,"30":0,"31":0,"32":0,"33":0,"34":0,"35":0,"36":0,"37":0},"fnMap":{"1":{"name":"DocMeasure","line":14,"loc":{"start":{"line":14,"column":0},"end":{"line":14,"column":101}}},"2":{"name":"(anonymous_2)","line":29,"loc":{"start":{"line":29,"column":39},"end":{"line":29,"column":62}}},"3":{"name":"(anonymous_3)","line":33,"loc":{"start":{"line":33,"column":35},"end":{"line":33,"column":50}}},"4":{"name":"(anonymous_4)","line":49,"loc":{"start":{"line":49,"column":35},"end":{"line":49,"column":46}}},"5":{"name":"extendMargins","line":76,"loc":{"start":{"line":76,"column":1},"end":{"line":76,"column":30}}},"6":{"name":"getNodeMargin","line":87,"loc":{"start":{"line":87,"column":1},"end":{"line":87,"column":26}}},"7":{"name":"processSingleMargins","line":89,"loc":{"start":{"line":89,"column":2},"end":{"line":89,"column":52}}},"8":{"name":"flattenStyleArray","line":101,"loc":{"start":{"line":101,"column":2},"end":{"line":101,"column":40}}},"9":{"name":"convertMargin","line":115,"loc":{"start":{"line":115,"column":2},"end":{"line":115,"column":33}}},"10":{"name":"(anonymous_10)","line":155,"loc":{"start":{"line":155,"column":44},"end":{"line":155,"column":59}}},"11":{"name":"(anonymous_11)","line":163,"loc":{"start":{"line":163,"column":36},"end":{"line":163,"column":51}}},"12":{"name":"(anonymous_12)","line":183,"loc":{"start":{"line":183,"column":35},"end":{"line":183,"column":50}}},"13":{"name":"(anonymous_13)","line":199,"loc":{"start":{"line":199,"column":48},"end":{"line":199,"column":63}}},"14":{"name":"(anonymous_14)","line":215,"loc":{"start":{"line":215,"column":38},"end":{"line":215,"column":73}}},"15":{"name":"(anonymous_15)","line":224,"loc":{"start":{"line":224,"column":35},"end":{"line":224,"column":89}}},"16":{"name":"(anonymous_16)","line":251,"loc":{"start":{"line":251,"column":35},"end":{"line":251,"column":61}}},"17":{"name":"(anonymous_17)","line":277,"loc":{"start":{"line":277,"column":38},"end":{"line":277,"column":53}}},"18":{"name":"(anonymous_18)","line":293,"loc":{"start":{"line":293,"column":36},"end":{"line":293,"column":51}}},"19":{"name":"measureCb","line":341,"loc":{"start":{"line":341,"column":1},"end":{"line":341,"column":33}}},"20":{"name":"(anonymous_20)","line":342,"loc":{"start":{"line":342,"column":9},"end":{"line":342,"column":20}}},"21":{"name":"getLayout","line":350,"loc":{"start":{"line":350,"column":1},"end":{"line":350,"column":34}}},"22":{"name":"(anonymous_22)","line":358,"loc":{"start":{"line":358,"column":15},"end":{"line":358,"column":33}}},"23":{"name":"(anonymous_23)","line":359,"loc":{"start":{"line":359,"column":15},"end":{"line":359,"column":33}}},"24":{"name":"(anonymous_24)","line":360,"loc":{"start":{"line":360,"column":15},"end":{"line":360,"column":33}}},"25":{"name":"(anonymous_25)","line":361,"loc":{"start":{"line":361,"column":15},"end":{"line":361,"column":33}}},"26":{"name":"(anonymous_26)","line":362,"loc":{"start":{"line":362,"column":16},"end":{"line":362,"column":34}}},"27":{"name":"(anonymous_27)","line":363,"loc":{"start":{"line":363,"column":17},"end":{"line":363,"column":35}}},"28":{"name":"(anonymous_28)","line":364,"loc":{"start":{"line":364,"column":15},"end":{"line":364,"column":33}}},"29":{"name":"(anonymous_29)","line":365,"loc":{"start":{"line":365,"column":18},"end":{"line":365,"column":36}}},"30":{"name":"getOffsets","line":371,"loc":{"start":{"line":371,"column":1},"end":{"line":371,"column":29}}},"31":{"name":"extendWidthsForColSpans","line":391,"loc":{"start":{"line":391,"column":1},"end":{"line":391,"column":36}}},"32":{"name":"getMinMax","line":419,"loc":{"start":{"line":419,"column":1},"end":{"line":419,"column":40}}},"33":{"name":"markSpans","line":430,"loc":{"start":{"line":430,"column":1},"end":{"line":430,"column":40}}},"34":{"name":"markVSpans","line":441,"loc":{"start":{"line":441,"column":1},"end":{"line":441,"column":44}}},"35":{"name":"extendTableWidths","line":452,"loc":{"start":{"line":452,"column":1},"end":{"line":452,"column":34}}},"36":{"name":"(anonymous_36)","line":474,"loc":{"start":{"line":474,"column":37},"end":{"line":474,"column":52}}},"37":{"name":"(anonymous_37)","line":508,"loc":{"start":{"line":508,"column":33},"end":{"line":508,"column":48}}}},"statementMap":{"1":{"start":{"line":4,"column":0},"end":{"line":4,"column":39}},"2":{"start":{"line":5,"column":0},"end":{"line":5,"column":55}},"3":{"start":{"line":6,"column":0},"end":{"line":6,"column":53}},"4":{"start":{"line":7,"column":0},"end":{"line":7,"column":55}},"5":{"start":{"line":8,"column":0},"end":{"line":8,"column":37}},"6":{"start":{"line":9,"column":0},"end":{"line":9,"column":38}},"7":{"start":{"line":14,"column":0},"end":{"line":21,"column":1}},"8":{"start":{"line":15,"column":1},"end":{"line":15,"column":46}},"9":{"start":{"line":16,"column":1},"end":{"line":16,"column":72}},"10":{"start":{"line":17,"column":1},"end":{"line":17,"column":34}},"11":{"start":{"line":18,"column":1},"end":{"line":18,"column":34}},"12":{"start":{"line":19,"column":1},"end":{"line":19,"column":22}},"13":{"start":{"line":20,"column":1},"end":{"line":20,"column":25}},"14":{"start":{"line":29,"column":0},"end":{"line":31,"column":2}},"15":{"start":{"line":30,"column":1},"end":{"line":30,"column":39}},"16":{"start":{"line":33,"column":0},"end":{"line":153,"column":2}},"17":{"start":{"line":35,"column":1},"end":{"line":39,"column":2}},"18":{"start":{"line":36,"column":2},"end":{"line":36,"column":25}},"19":{"start":{"line":37,"column":8},"end":{"line":39,"column":2}},"20":{"start":{"line":38,"column":2},"end":{"line":38,"column":24}},"21":{"start":{"line":42,"column":1},"end":{"line":45,"column":2}},"22":{"start":{"line":44,"column":2},"end":{"line":44,"column":22}},"23":{"start":{"line":47,"column":1},"end":{"line":47,"column":17}},"24":{"start":{"line":49,"column":1},"end":{"line":74,"column":4}},"25":{"start":{"line":51,"column":2},"end":{"line":51,"column":37}},"26":{"start":{"line":53,"column":2},"end":{"line":73,"column":3}},"27":{"start":{"line":54,"column":3},"end":{"line":54,"column":51}},"28":{"start":{"line":55,"column":9},"end":{"line":73,"column":3}},"29":{"start":{"line":56,"column":3},"end":{"line":56,"column":61}},"30":{"start":{"line":57,"column":9},"end":{"line":73,"column":3}},"31":{"start":{"line":58,"column":3},"end":{"line":58,"column":55}},"32":{"start":{"line":59,"column":9},"end":{"line":73,"column":3}},"33":{"start":{"line":60,"column":3},"end":{"line":60,"column":54}},"34":{"start":{"line":61,"column":9},"end":{"line":73,"column":3}},"35":{"start":{"line":62,"column":3},"end":{"line":62,"column":49}},"36":{"start":{"line":63,"column":9},"end":{"line":73,"column":3}},"37":{"start":{"line":64,"column":3},"end":{"line":64,"column":48}},"38":{"start":{"line":65,"column":9},"end":{"line":73,"column":3}},"39":{"start":{"line":66,"column":3},"end":{"line":66,"column":49}},"40":{"start":{"line":67,"column":9},"end":{"line":73,"column":3}},"41":{"start":{"line":68,"column":3},"end":{"line":68,"column":50}},"42":{"start":{"line":69,"column":9},"end":{"line":73,"column":3}},"43":{"start":{"line":70,"column":3},"end":{"line":70,"column":46}},"44":{"start":{"line":72,"column":3},"end":{"line":72,"column":83}},"45":{"start":{"line":76,"column":1},"end":{"line":85,"column":2}},"46":{"start":{"line":77,"column":2},"end":{"line":77,"column":28}},"47":{"start":{"line":79,"column":2},"end":{"line":82,"column":3}},"48":{"start":{"line":80,"column":3},"end":{"line":80,"column":43}},"49":{"start":{"line":81,"column":3},"end":{"line":81,"column":43}},"50":{"start":{"line":84,"column":2},"end":{"line":84,"column":14}},"51":{"start":{"line":87,"column":1},"end":{"line":152,"column":2}},"52":{"start":{"line":89,"column":2},"end":{"line":99,"column":3}},"53":{"start":{"line":90,"column":3},"end":{"line":97,"column":4}},"54":{"start":{"line":91,"column":4},"end":{"line":96,"column":6}},"55":{"start":{"line":98,"column":3},"end":{"line":98,"column":24}},"56":{"start":{"line":101,"column":2},"end":{"line":113,"column":3}},"57":{"start":{"line":102,"column":3},"end":{"line":102,"column":28}},"58":{"start":{"line":103,"column":3},"end":{"line":111,"column":4}},"59":{"start":{"line":104,"column":4},"end":{"line":104,"column":34}},"60":{"start":{"line":105,"column":4},"end":{"line":105,"column":59}},"61":{"start":{"line":106,"column":4},"end":{"line":110,"column":5}},"62":{"start":{"line":107,"column":5},"end":{"line":109,"column":6}},"63":{"start":{"line":108,"column":6},"end":{"line":108,"column":40}},"64":{"start":{"line":112,"column":3},"end":{"line":112,"column":26}},"65":{"start":{"line":115,"column":2},"end":{"line":124,"column":3}},"66":{"start":{"line":116,"column":3},"end":{"line":122,"column":4}},"67":{"start":{"line":117,"column":4},"end":{"line":117,"column":48}},"68":{"start":{"line":118,"column":10},"end":{"line":122,"column":4}},"69":{"start":{"line":119,"column":4},"end":{"line":121,"column":5}},"70":{"start":{"line":120,"column":5},"end":{"line":120,"column":61}},"71":{"start":{"line":123,"column":3},"end":{"line":123,"column":17}},"72":{"start":{"line":126,"column":2},"end":{"line":126,"column":60}},"73":{"start":{"line":128,"column":2},"end":{"line":139,"column":3}},"74":{"start":{"line":129,"column":3},"end":{"line":129,"column":78}},"75":{"start":{"line":130,"column":3},"end":{"line":130,"column":59}},"76":{"start":{"line":132,"column":3},"end":{"line":134,"column":4}},"77":{"start":{"line":133,"column":4},"end":{"line":133,"column":63}},"78":{"start":{"line":136,"column":3},"end":{"line":138,"column":4}},"79":{"start":{"line":137,"column":4},"end":{"line":137,"column":55}},"80":{"start":{"line":141,"column":2},"end":{"line":141,"column":46}},"81":{"start":{"line":143,"column":2},"end":{"line":145,"column":3}},"82":{"start":{"line":144,"column":3},"end":{"line":144,"column":39}},"83":{"start":{"line":147,"column":2},"end":{"line":151,"column":3}},"84":{"start":{"line":148,"column":3},"end":{"line":148,"column":15}},"85":{"start":{"line":150,"column":3},"end":{"line":150,"column":17}},"86":{"start":{"line":155,"column":0},"end":{"line":161,"column":2}},"87":{"start":{"line":156,"column":1},"end":{"line":160,"column":1}},"88":{"start":{"line":157,"column":2},"end":{"line":157,"column":52}},"89":{"start":{"line":158,"column":2},"end":{"line":158,"column":34}},"90":{"start":{"line":159,"column":2},"end":{"line":159,"column":21}},"91":{"start":{"line":163,"column":0},"end":{"line":181,"column":2}},"92":{"start":{"line":164,"column":1},"end":{"line":166,"column":2}},"93":{"start":{"line":165,"column":2},"end":{"line":165,"column":34}},"94":{"start":{"line":168,"column":1},"end":{"line":168,"column":60}},"95":{"start":{"line":170,"column":1},"end":{"line":177,"column":2}},"96":{"start":{"line":171,"column":2},"end":{"line":171,"column":145}},"97":{"start":{"line":172,"column":2},"end":{"line":172,"column":75}},"98":{"start":{"line":173,"column":2},"end":{"line":173,"column":43}},"99":{"start":{"line":175,"column":2},"end":{"line":175,"column":80}},"100":{"start":{"line":176,"column":2},"end":{"line":176,"column":83}},"101":{"start":{"line":179,"column":1},"end":{"line":179,"column":60}},"102":{"start":{"line":180,"column":1},"end":{"line":180,"column":13}},"103":{"start":{"line":183,"column":0},"end":{"line":197,"column":2}},"104":{"start":{"line":187,"column":1},"end":{"line":187,"column":42}},"105":{"start":{"line":188,"column":1},"end":{"line":188,"column":23}},"106":{"start":{"line":190,"column":1},"end":{"line":190,"column":63}},"107":{"start":{"line":192,"column":1},"end":{"line":192,"column":28}},"108":{"start":{"line":193,"column":1},"end":{"line":193,"column":32}},"109":{"start":{"line":194,"column":1},"end":{"line":194,"column":32}},"110":{"start":{"line":196,"column":1},"end":{"line":196,"column":13}},"111":{"start":{"line":199,"column":0},"end":{"line":213,"column":2}},"112":{"start":{"line":200,"column":1},"end":{"line":200,"column":24}},"113":{"start":{"line":202,"column":1},"end":{"line":202,"column":20}},"114":{"start":{"line":203,"column":1},"end":{"line":203,"column":20}},"115":{"start":{"line":205,"column":1},"end":{"line":210,"column":2}},"116":{"start":{"line":206,"column":2},"end":{"line":206,"column":40}},"117":{"start":{"line":208,"column":2},"end":{"line":208,"column":64}},"118":{"start":{"line":209,"column":2},"end":{"line":209,"column":64}},"119":{"start":{"line":212,"column":1},"end":{"line":212,"column":13}},"120":{"start":{"line":215,"column":0},"end":{"line":222,"column":2}},"121":{"start":{"line":216,"column":1},"end":{"line":221,"column":2}},"122":{"start":{"line":217,"column":2},"end":{"line":217,"column":67}},"123":{"start":{"line":218,"column":2},"end":{"line":218,"column":72}},"124":{"start":{"line":220,"column":2},"end":{"line":220,"column":61}},"125":{"start":{"line":224,"column":0},"end":{"line":249,"column":2}},"126":{"start":{"line":225,"column":1},"end":{"line":225,"column":12}},"127":{"start":{"line":227,"column":1},"end":{"line":243,"column":2}},"128":{"start":{"line":228,"column":2},"end":{"line":228,"column":80}},"129":{"start":{"line":232,"column":2},"end":{"line":232,"column":36}},"130":{"start":{"line":233,"column":2},"end":{"line":242,"column":4}},"131":{"start":{"line":245,"column":1},"end":{"line":245,"column":53}},"132":{"start":{"line":246,"column":1},"end":{"line":246,"column":56}},"133":{"start":{"line":248,"column":1},"end":{"line":248,"column":15}},"134":{"start":{"line":251,"column":0},"end":{"line":275,"column":2}},"135":{"start":{"line":252,"column":1},"end":{"line":252,"column":37}},"136":{"start":{"line":254,"column":1},"end":{"line":254,"column":43}},"137":{"start":{"line":255,"column":1},"end":{"line":255,"column":55}},"138":{"start":{"line":256,"column":1},"end":{"line":256,"column":20}},"139":{"start":{"line":257,"column":1},"end":{"line":257,"column":20}},"140":{"start":{"line":259,"column":1},"end":{"line":259,"column":17}},"141":{"start":{"line":261,"column":1},"end":{"line":272,"column":2}},"142":{"start":{"line":262,"column":2},"end":{"line":262,"column":55}},"143":{"start":{"line":264,"column":2},"end":{"line":264,"column":32}},"144":{"start":{"line":266,"column":2},"end":{"line":268,"column":3}},"145":{"start":{"line":267,"column":3},"end":{"line":267,"column":103}},"146":{"start":{"line":270,"column":2},"end":{"line":270,"column":86}},"147":{"start":{"line":271,"column":2},"end":{"line":271,"column":86}},"148":{"start":{"line":274,"column":1},"end":{"line":274,"column":13}},"149":{"start":{"line":277,"column":0},"end":{"line":291,"column":2}},"150":{"start":{"line":278,"column":1},"end":{"line":278,"column":28}},"151":{"start":{"line":279,"column":1},"end":{"line":279,"column":59}},"152":{"start":{"line":281,"column":1},"end":{"line":283,"column":2}},"153":{"start":{"line":282,"column":2},"end":{"line":282,"column":44}},"154":{"start":{"line":285,"column":1},"end":{"line":285,"column":56}},"155":{"start":{"line":287,"column":1},"end":{"line":287,"column":66}},"156":{"start":{"line":288,"column":1},"end":{"line":288,"column":66}},"157":{"start":{"line":290,"column":1},"end":{"line":290,"column":13}},"158":{"start":{"line":293,"column":0},"end":{"line":472,"column":2}},"159":{"start":{"line":294,"column":1},"end":{"line":294,"column":25}},"160":{"start":{"line":295,"column":1},"end":{"line":295,"column":45}},"161":{"start":{"line":296,"column":1},"end":{"line":296,"column":42}},"162":{"start":{"line":298,"column":1},"end":{"line":298,"column":19}},"163":{"start":{"line":299,"column":1},"end":{"line":299,"column":26}},"164":{"start":{"line":301,"column":1},"end":{"line":330,"column":2}},"165":{"start":{"line":302,"column":2},"end":{"line":302,"column":33}},"166":{"start":{"line":303,"column":2},"end":{"line":303,"column":18}},"167":{"start":{"line":304,"column":2},"end":{"line":304,"column":18}},"168":{"start":{"line":306,"column":2},"end":{"line":329,"column":3}},"169":{"start":{"line":307,"column":3},"end":{"line":307,"column":38}},"170":{"start":{"line":308,"column":3},"end":{"line":308,"column":27}},"171":{"start":{"line":309,"column":3},"end":{"line":312,"column":4}},"172":{"start":{"line":310,"column":4},"end":{"line":310,"column":69}},"173":{"start":{"line":311,"column":4},"end":{"line":311,"column":54}},"174":{"start":{"line":313,"column":3},"end":{"line":324,"column":4}},"175":{"start":{"line":314,"column":4},"end":{"line":314,"column":21}},"176":{"start":{"line":315,"column":4},"end":{"line":315,"column":76}},"177":{"start":{"line":317,"column":4},"end":{"line":323,"column":5}},"178":{"start":{"line":318,"column":5},"end":{"line":318,"column":43}},"179":{"start":{"line":319,"column":5},"end":{"line":319,"column":105}},"180":{"start":{"line":321,"column":5},"end":{"line":321,"column":57}},"181":{"start":{"line":322,"column":5},"end":{"line":322,"column":57}},"182":{"start":{"line":326,"column":3},"end":{"line":328,"column":4}},"183":{"start":{"line":327,"column":4},"end":{"line":327,"column":51}},"184":{"start":{"line":332,"column":1},"end":{"line":332,"column":27}},"185":{"start":{"line":334,"column":1},"end":{"line":334,"column":66}},"186":{"start":{"line":336,"column":1},"end":{"line":336,"column":53}},"187":{"start":{"line":337,"column":1},"end":{"line":337,"column":53}},"188":{"start":{"line":339,"column":1},"end":{"line":339,"column":13}},"189":{"start":{"line":341,"column":1},"end":{"line":348,"column":2}},"190":{"start":{"line":342,"column":2},"end":{"line":347,"column":4}},"191":{"start":{"line":343,"column":3},"end":{"line":345,"column":4}},"192":{"start":{"line":344,"column":4},"end":{"line":344,"column":63}},"193":{"start":{"line":346,"column":3},"end":{"line":346,"column":34}},"194":{"start":{"line":350,"column":1},"end":{"line":369,"column":2}},"195":{"start":{"line":351,"column":2},"end":{"line":351,"column":27}},"196":{"start":{"line":353,"column":2},"end":{"line":355,"column":3}},"197":{"start":{"line":354,"column":3},"end":{"line":354,"column":33}},"198":{"start":{"line":357,"column":2},"end":{"line":366,"column":4}},"199":{"start":{"line":358,"column":35},"end":{"line":358,"column":44}},"200":{"start":{"line":359,"column":35},"end":{"line":359,"column":44}},"201":{"start":{"line":360,"column":35},"end":{"line":360,"column":50}},"202":{"start":{"line":361,"column":35},"end":{"line":361,"column":50}},"203":{"start":{"line":362,"column":36},"end":{"line":362,"column":45}},"204":{"start":{"line":363,"column":37},"end":{"line":363,"column":46}},"205":{"start":{"line":364,"column":35},"end":{"line":364,"column":44}},"206":{"start":{"line":365,"column":38},"end":{"line":365,"column":47}},"207":{"start":{"line":368,"column":2},"end":{"line":368,"column":37}},"208":{"start":{"line":371,"column":1},"end":{"line":389,"column":2}},"209":{"start":{"line":372,"column":2},"end":{"line":372,"column":19}},"210":{"start":{"line":373,"column":2},"end":{"line":373,"column":22}},"211":{"start":{"line":374,"column":2},"end":{"line":374,"column":27}},"212":{"start":{"line":376,"column":2},"end":{"line":381,"column":3}},"213":{"start":{"line":377,"column":3},"end":{"line":377,"column":93}},"214":{"start":{"line":378,"column":3},"end":{"line":378,"column":25}},"215":{"start":{"line":379,"column":3},"end":{"line":379,"column":26}},"216":{"start":{"line":380,"column":3},"end":{"line":380,"column":51}},"217":{"start":{"line":383,"column":2},"end":{"line":383,"column":86}},"218":{"start":{"line":385,"column":2},"end":{"line":388,"column":4}},"219":{"start":{"line":391,"column":1},"end":{"line":417,"column":2}},"220":{"start":{"line":392,"column":2},"end":{"line":392,"column":11}},"221":{"start":{"line":394,"column":2},"end":{"line":416,"column":3}},"222":{"start":{"line":395,"column":3},"end":{"line":395,"column":26}},"223":{"start":{"line":397,"column":3},"end":{"line":397,"column":69}},"224":{"start":{"line":398,"column":3},"end":{"line":398,"column":62}},"225":{"start":{"line":399,"column":3},"end":{"line":399,"column":62}},"226":{"start":{"line":401,"column":3},"end":{"line":407,"column":4}},"227":{"start":{"line":402,"column":4},"end":{"line":402,"column":34}},"228":{"start":{"line":404,"column":4},"end":{"line":406,"column":5}},"229":{"start":{"line":405,"column":5},"end":{"line":405,"column":52}},"230":{"start":{"line":409,"column":3},"end":{"line":415,"column":4}},"231":{"start":{"line":410,"column":4},"end":{"line":410,"column":34}},"232":{"start":{"line":412,"column":4},"end":{"line":414,"column":5}},"233":{"start":{"line":413,"column":5},"end":{"line":413,"column":52}},"234":{"start":{"line":419,"column":1},"end":{"line":428,"column":2}},"235":{"start":{"line":420,"column":2},"end":{"line":420,"column":44}},"236":{"start":{"line":422,"column":2},"end":{"line":425,"column":3}},"237":{"start":{"line":423,"column":3},"end":{"line":423,"column":95}},"238":{"start":{"line":424,"column":3},"end":{"line":424,"column":95}},"239":{"start":{"line":427,"column":2},"end":{"line":427,"column":16}},"240":{"start":{"line":430,"column":1},"end":{"line":439,"column":2}},"241":{"start":{"line":431,"column":2},"end":{"line":438,"column":3}},"242":{"start":{"line":432,"column":3},"end":{"line":437,"column":5}},"243":{"start":{"line":441,"column":1},"end":{"line":450,"column":2}},"244":{"start":{"line":442,"column":2},"end":{"line":449,"column":3}},"245":{"start":{"line":443,"column":3},"end":{"line":448,"column":5}},"246":{"start":{"line":452,"column":1},"end":{"line":471,"column":2}},"247":{"start":{"line":453,"column":2},"end":{"line":455,"column":3}},"248":{"start":{"line":454,"column":3},"end":{"line":454,"column":30}},"249":{"start":{"line":457,"column":2},"end":{"line":463,"column":3}},"250":{"start":{"line":458,"column":3},"end":{"line":458,"column":45}},"251":{"start":{"line":460,"column":3},"end":{"line":462,"column":4}},"252":{"start":{"line":461,"column":4},"end":{"line":461,"column":76}},"253":{"start":{"line":465,"column":2},"end":{"line":470,"column":3}},"254":{"start":{"line":466,"column":3},"end":{"line":466,"column":32}},"255":{"start":{"line":467,"column":3},"end":{"line":469,"column":4}},"256":{"start":{"line":468,"column":4},"end":{"line":468,"column":40}},"257":{"start":{"line":474,"column":0},"end":{"line":506,"column":2}},"258":{"start":{"line":475,"column":1},"end":{"line":475,"column":18}},"259":{"start":{"line":477,"column":1},"end":{"line":500,"column":2}},"260":{"start":{"line":478,"column":2},"end":{"line":478,"column":30}},"261":{"start":{"line":480,"column":2},"end":{"line":499,"column":3}},"262":{"start":{"line":482,"column":3},"end":{"line":482,"column":41}},"263":{"start":{"line":483,"column":3},"end":{"line":483,"column":41}},"264":{"start":{"line":484,"column":3},"end":{"line":484,"column":9}},"265":{"start":{"line":486,"column":3},"end":{"line":486,"column":40}},"266":{"start":{"line":487,"column":3},"end":{"line":487,"column":40}},"267":{"start":{"line":488,"column":3},"end":{"line":488,"column":9}},"268":{"start":{"line":490,"column":3},"end":{"line":490,"column":41}},"269":{"start":{"line":491,"column":3},"end":{"line":491,"column":41}},"270":{"start":{"line":492,"column":3},"end":{"line":492,"column":9}},"271":{"start":{"line":494,"column":3},"end":{"line":497,"column":4}},"272":{"start":{"line":495,"column":4},"end":{"line":495,"column":41}},"273":{"start":{"line":496,"column":4},"end":{"line":496,"column":41}},"274":{"start":{"line":498,"column":3},"end":{"line":498,"column":9}},"275":{"start":{"line":502,"column":1},"end":{"line":502,"column":37}},"276":{"start":{"line":503,"column":1},"end":{"line":503,"column":39}},"277":{"start":{"line":505,"column":1},"end":{"line":505,"column":13}},"278":{"start":{"line":508,"column":0},"end":{"line":512,"column":2}},"279":{"start":{"line":509,"column":1},"end":{"line":509,"column":32}},"280":{"start":{"line":510,"column":1},"end":{"line":510,"column":60}},"281":{"start":{"line":511,"column":1},"end":{"line":511,"column":13}},"282":{"start":{"line":514,"column":0},"end":{"line":514,"column":28}}},"branchMap":{"1":{"line":35,"type":"if","locations":[{"start":{"line":35,"column":1},"end":{"line":35,"column":1}},{"start":{"line":35,"column":1},"end":{"line":35,"column":1}}]},"2":{"line":37,"type":"if","locations":[{"start":{"line":37,"column":8},"end":{"line":37,"column":8}},{"start":{"line":37,"column":8},"end":{"line":37,"column":8}}]},"3":{"line":37,"type":"binary-expr","locations":[{"start":{"line":37,"column":12},"end":{"line":37,"column":35}},{"start":{"line":37,"column":39},"end":{"line":37,"column":61}}]},"4":{"line":42,"type":"if","locations":[{"start":{"line":42,"column":1},"end":{"line":42,"column":1}},{"start":{"line":42,"column":1},"end":{"line":42,"column":1}}]},"5":{"line":53,"type":"if","locations":[{"start":{"line":53,"column":2},"end":{"line":53,"column":2}},{"start":{"line":53,"column":2},"end":{"line":53,"column":2}}]},"6":{"line":55,"type":"if","locations":[{"start":{"line":55,"column":9},"end":{"line":55,"column":9}},{"start":{"line":55,"column":9},"end":{"line":55,"column":9}}]},"7":{"line":57,"type":"if","locations":[{"start":{"line":57,"column":9},"end":{"line":57,"column":9}},{"start":{"line":57,"column":9},"end":{"line":57,"column":9}}]},"8":{"line":59,"type":"if","locations":[{"start":{"line":59,"column":9},"end":{"line":59,"column":9}},{"start":{"line":59,"column":9},"end":{"line":59,"column":9}}]},"9":{"line":61,"type":"if","locations":[{"start":{"line":61,"column":9},"end":{"line":61,"column":9}},{"start":{"line":61,"column":9},"end":{"line":61,"column":9}}]},"10":{"line":63,"type":"if","locations":[{"start":{"line":63,"column":9},"end":{"line":63,"column":9}},{"start":{"line":63,"column":9},"end":{"line":63,"column":9}}]},"11":{"line":65,"type":"if","locations":[{"start":{"line":65,"column":9},"end":{"line":65,"column":9}},{"start":{"line":65,"column":9},"end":{"line":65,"column":9}}]},"12":{"line":67,"type":"if","locations":[{"start":{"line":67,"column":9},"end":{"line":67,"column":9}},{"start":{"line":67,"column":9},"end":{"line":67,"column":9}}]},"13":{"line":69,"type":"if","locations":[{"start":{"line":69,"column":9},"end":{"line":69,"column":9}},{"start":{"line":69,"column":9},"end":{"line":69,"column":9}}]},"14":{"line":79,"type":"if","locations":[{"start":{"line":79,"column":2},"end":{"line":79,"column":2}},{"start":{"line":79,"column":2},"end":{"line":79,"column":2}}]},"15":{"line":90,"type":"if","locations":[{"start":{"line":90,"column":3},"end":{"line":90,"column":3}},{"start":{"line":90,"column":3},"end":{"line":90,"column":3}}]},"16":{"line":90,"type":"binary-expr","locations":[{"start":{"line":90,"column":7},"end":{"line":90,"column":22}},{"start":{"line":90,"column":26},"end":{"line":90,"column":40}},{"start":{"line":90,"column":44},"end":{"line":90,"column":60}},{"start":{"line":90,"column":64},"end":{"line":90,"column":81}}]},"17":{"line":92,"type":"binary-expr","locations":[{"start":{"line":92,"column":5},"end":{"line":92,"column":20}},{"start":{"line":92,"column":24},"end":{"line":92,"column":40}},{"start":{"line":92,"column":44},"end":{"line":92,"column":45}}]},"18":{"line":93,"type":"binary-expr","locations":[{"start":{"line":93,"column":5},"end":{"line":93,"column":19}},{"start":{"line":93,"column":23},"end":{"line":93,"column":39}},{"start":{"line":93,"column":43},"end":{"line":93,"column":44}}]},"19":{"line":94,"type":"binary-expr","locations":[{"start":{"line":94,"column":5},"end":{"line":94,"column":21}},{"start":{"line":94,"column":25},"end":{"line":94,"column":41}},{"start":{"line":94,"column":46},"end":{"line":94,"column":47}}]},"20":{"line":95,"type":"binary-expr","locations":[{"start":{"line":95,"column":5},"end":{"line":95,"column":22}},{"start":{"line":95,"column":26},"end":{"line":95,"column":42}},{"start":{"line":95,"column":47},"end":{"line":95,"column":48}}]},"21":{"line":107,"type":"if","locations":[{"start":{"line":107,"column":5},"end":{"line":107,"column":5}},{"start":{"line":107,"column":5},"end":{"line":107,"column":5}}]},"22":{"line":116,"type":"if","locations":[{"start":{"line":116,"column":3},"end":{"line":116,"column":3}},{"start":{"line":116,"column":3},"end":{"line":116,"column":3}}]},"23":{"line":116,"type":"binary-expr","locations":[{"start":{"line":116,"column":7},"end":{"line":116,"column":33}},{"start":{"line":116,"column":37},"end":{"line":116,"column":61}}]},"24":{"line":118,"type":"if","locations":[{"start":{"line":118,"column":10},"end":{"line":118,"column":10}},{"start":{"line":118,"column":10},"end":{"line":118,"column":10}}]},"25":{"line":119,"type":"if","locations":[{"start":{"line":119,"column":4},"end":{"line":119,"column":4}},{"start":{"line":119,"column":4},"end":{"line":119,"column":4}}]},"26":{"line":128,"type":"if","locations":[{"start":{"line":128,"column":2},"end":{"line":128,"column":2}},{"start":{"line":128,"column":2},"end":{"line":128,"column":2}}]},"27":{"line":129,"type":"cond-expr","locations":[{"start":{"line":129,"column":52},"end":{"line":129,"column":62}},{"start":{"line":129,"column":65},"end":{"line":129,"column":77}}]},"28":{"line":132,"type":"if","locations":[{"start":{"line":132,"column":3},"end":{"line":132,"column":3}},{"start":{"line":132,"column":3},"end":{"line":132,"column":3}}]},"29":{"line":136,"type":"if","locations":[{"start":{"line":136,"column":3},"end":{"line":136,"column":3}},{"start":{"line":136,"column":3},"end":{"line":136,"column":3}}]},"30":{"line":143,"type":"if","locations":[{"start":{"line":143,"column":2},"end":{"line":143,"column":2}},{"start":{"line":143,"column":2},"end":{"line":143,"column":2}}]},"31":{"line":147,"type":"if","locations":[{"start":{"line":147,"column":2},"end":{"line":147,"column":2}},{"start":{"line":147,"column":2},"end":{"line":147,"column":2}}]},"32":{"line":147,"type":"binary-expr","locations":[{"start":{"line":147,"column":5},"end":{"line":147,"column":28}},{"start":{"line":147,"column":32},"end":{"line":147,"column":55}},{"start":{"line":147,"column":59},"end":{"line":147,"column":82}},{"start":{"line":147,"column":86},"end":{"line":147,"column":109}}]},"33":{"line":156,"type":"if","locations":[{"start":{"line":156,"column":1},"end":{"line":156,"column":1}},{"start":{"line":156,"column":1},"end":{"line":156,"column":1}}]},"34":{"line":164,"type":"if","locations":[{"start":{"line":164,"column":1},"end":{"line":164,"column":1}},{"start":{"line":164,"column":1},"end":{"line":164,"column":1}}]},"35":{"line":170,"type":"if","locations":[{"start":{"line":170,"column":1},"end":{"line":170,"column":1}},{"start":{"line":170,"column":1},"end":{"line":170,"column":1}}]},"36":{"line":171,"type":"cond-expr","locations":[{"start":{"line":171,"column":82},"end":{"line":171,"column":111}},{"start":{"line":171,"column":114},"end":{"line":171,"column":144}}]},"37":{"line":175,"type":"binary-expr","locations":[{"start":{"line":175,"column":50},"end":{"line":175,"column":60}},{"start":{"line":175,"column":64},"end":{"line":175,"column":79}}]},"38":{"line":176,"type":"binary-expr","locations":[{"start":{"line":176,"column":17},"end":{"line":176,"column":28}},{"start":{"line":176,"column":33},"end":{"line":176,"column":81}}]},"39":{"line":216,"type":"if","locations":[{"start":{"line":216,"column":1},"end":{"line":216,"column":1}},{"start":{"line":216,"column":1},"end":{"line":216,"column":1}}]},"40":{"line":227,"type":"if","locations":[{"start":{"line":227,"column":1},"end":{"line":227,"column":1}},{"start":{"line":227,"column":1},"end":{"line":227,"column":1}}]},"41":{"line":254,"type":"cond-expr","locations":[{"start":{"line":254,"column":25},"end":{"line":254,"column":32}},{"start":{"line":254,"column":35},"end":{"line":254,"column":42}}]},"42":{"line":266,"type":"if","locations":[{"start":{"line":266,"column":2},"end":{"line":266,"column":2}},{"start":{"line":266,"column":2},"end":{"line":266,"column":2}}]},"43":{"line":266,"type":"binary-expr","locations":[{"start":{"line":266,"column":6},"end":{"line":266,"column":18}},{"start":{"line":266,"column":22},"end":{"line":266,"column":34}}]},"44":{"line":267,"type":"binary-expr","locations":[{"start":{"line":267,"column":53},"end":{"line":267,"column":69}},{"start":{"line":267,"column":73},"end":{"line":267,"column":79}}]},"45":{"line":279,"type":"binary-expr","locations":[{"start":{"line":279,"column":13},"end":{"line":279,"column":53}},{"start":{"line":279,"column":57},"end":{"line":279,"column":58}}]},"46":{"line":309,"type":"if","locations":[{"start":{"line":309,"column":3},"end":{"line":309,"column":3}},{"start":{"line":309,"column":3},"end":{"line":309,"column":3}}]},"47":{"line":313,"type":"if","locations":[{"start":{"line":313,"column":3},"end":{"line":313,"column":3}},{"start":{"line":313,"column":3},"end":{"line":313,"column":3}}]},"48":{"line":317,"type":"if","locations":[{"start":{"line":317,"column":4},"end":{"line":317,"column":4}},{"start":{"line":317,"column":4},"end":{"line":317,"column":4}}]},"49":{"line":317,"type":"binary-expr","locations":[{"start":{"line":317,"column":8},"end":{"line":317,"column":20}},{"start":{"line":317,"column":24},"end":{"line":317,"column":40}}]},"50":{"line":326,"type":"if","locations":[{"start":{"line":326,"column":3},"end":{"line":326,"column":3}},{"start":{"line":326,"column":3},"end":{"line":326,"column":3}}]},"51":{"line":326,"type":"binary-expr","locations":[{"start":{"line":326,"column":7},"end":{"line":326,"column":19}},{"start":{"line":326,"column":23},"end":{"line":326,"column":39}}]},"52":{"line":343,"type":"if","locations":[{"start":{"line":343,"column":3},"end":{"line":343,"column":3}},{"start":{"line":343,"column":3},"end":{"line":343,"column":3}}]},"53":{"line":343,"type":"binary-expr","locations":[{"start":{"line":343,"column":7},"end":{"line":343,"column":20}},{"start":{"line":343,"column":24},"end":{"line":343,"column":48}}]},"54":{"line":353,"type":"if","locations":[{"start":{"line":353,"column":2},"end":{"line":353,"column":2}},{"start":{"line":353,"column":2},"end":{"line":353,"column":2}}]},"55":{"line":353,"type":"binary-expr","locations":[{"start":{"line":353,"column":6},"end":{"line":353,"column":37}},{"start":{"line":353,"column":41},"end":{"line":353,"column":63}}]},"56":{"line":401,"type":"if","locations":[{"start":{"line":401,"column":3},"end":{"line":401,"column":3}},{"start":{"line":401,"column":3},"end":{"line":401,"column":3}}]},"57":{"line":409,"type":"if","locations":[{"start":{"line":409,"column":3},"end":{"line":409,"column":3}},{"start":{"line":409,"column":3},"end":{"line":409,"column":3}}]},"58":{"line":423,"type":"cond-expr","locations":[{"start":{"line":423,"column":65},"end":{"line":423,"column":89}},{"start":{"line":423,"column":92},"end":{"line":423,"column":93}}]},"59":{"line":424,"type":"cond-expr","locations":[{"start":{"line":424,"column":65},"end":{"line":424,"column":89}},{"start":{"line":424,"column":92},"end":{"line":424,"column":93}}]},"60":{"line":453,"type":"if","locations":[{"start":{"line":453,"column":2},"end":{"line":453,"column":2}},{"start":{"line":453,"column":2},"end":{"line":453,"column":2}}]},"61":{"line":457,"type":"if","locations":[{"start":{"line":457,"column":2},"end":{"line":457,"column":2}},{"start":{"line":457,"column":2},"end":{"line":457,"column":2}}]},"62":{"line":457,"type":"binary-expr","locations":[{"start":{"line":457,"column":6},"end":{"line":457,"column":43}},{"start":{"line":457,"column":47},"end":{"line":457,"column":82}}]},"63":{"line":467,"type":"if","locations":[{"start":{"line":467,"column":3},"end":{"line":467,"column":3}},{"start":{"line":467,"column":3},"end":{"line":467,"column":3}}]},"64":{"line":467,"type":"binary-expr","locations":[{"start":{"line":467,"column":7},"end":{"line":467,"column":28}},{"start":{"line":467,"column":32},"end":{"line":467,"column":51}},{"start":{"line":467,"column":55},"end":{"line":467,"column":76}},{"start":{"line":467,"column":80},"end":{"line":467,"column":99}}]},"65":{"line":480,"type":"switch","locations":[{"start":{"line":481,"column":2},"end":{"line":484,"column":9}},{"start":{"line":485,"column":2},"end":{"line":488,"column":9}},{"start":{"line":489,"column":2},"end":{"line":492,"column":9}},{"start":{"line":493,"column":2},"end":{"line":498,"column":9}}]}},"l":{"4":0,"5":0,"6":0,"7":0,"8":0,"9":0,"14":1,"15":0,"16":0,"17":0,"18":0,"19":0,"20":0,"29":0,"30":0,"33":0,"35":0,"36":0,"37":0,"38":0,"42":0,"44":0,"47":0,"49":0,"51":0,"53":0,"54":0,"55":0,"56":0,"57":0,"58":0,"59":0,"60":0,"61":0,"62":0,"63":0,"64":0,"65":0,"66":0,"67":0,"68":0,"69":0,"70":0,"72":0,"76":1,"77":0,"79":0,"80":0,"81":0,"84":0,"87":1,"89":1,"90":0,"91":0,"98":0,"101":1,"102":0,"103":0,"104":0,"105":0,"106":0,"107":0,"108":0,"112":0,"115":1,"116":0,"117":0,"118":0,"119":0,"120":0,"123":0,"126":0,"128":0,"129":0,"130":0,"132":0,"133":0,"136":0,"137":0,"141":0,"143":0,"144":0,"147":0,"148":0,"150":0,"155":0,"156":0,"157":0,"158":0,"159":0,"163":0,"164":0,"165":0,"168":0,"170":0,"171":0,"172":0,"173":0,"175":0,"176":0,"179":0,"180":0,"183":0,"187":0,"188":0,"190":0,"192":0,"193":0,"194":0,"196":0,"199":0,"200":0,"202":0,"203":0,"205":0,"206":0,"208":0,"209":0,"212":0,"215":0,"216":0,"217":0,"218":0,"220":0,"224":0,"225":0,"227":0,"228":0,"232":0,"233":0,"245":0,"246":0,"248":0,"251":0,"252":0,"254":0,"255":0,"256":0,"257":0,"259":0,"261":0,"262":0,"264":0,"266":0,"267":0,"270":0,"271":0,"274":0,"277":0,"278":0,"279":0,"281":0,"282":0,"285":0,"287":0,"288":0,"290":0,"293":0,"294":0,"295":0,"296":0,"298":0,"299":0,"301":0,"302":0,"303":0,"304":0,"306":0,"307":0,"308":0,"309":0,"310":0,"311":0,"313":0,"314":0,"315":0,"317":0,"318":0,"319":0,"321":0,"322":0,"326":0,"327":0,"332":0,"334":0,"336":0,"337":0,"339":0,"341":1,"342":0,"343":0,"344":0,"346":0,"350":1,"351":0,"353":0,"354":0,"357":0,"358":0,"359":0,"360":0,"361":0,"362":0,"363":0,"364":0,"365":0,"368":0,"371":1,"372":0,"373":0,"374":0,"376":0,"377":0,"378":0,"379":0,"380":0,"383":0,"385":0,"391":1,"392":0,"394":0,"395":0,"397":0,"398":0,"399":0,"401":0,"402":0,"404":0,"405":0,"409":0,"410":0,"412":0,"413":0,"419":1,"420":0,"422":0,"423":0,"424":0,"427":0,"430":1,"431":0,"432":0,"441":1,"442":0,"443":0,"452":1,"453":0,"454":0,"457":0,"458":0,"460":0,"461":0,"465":0,"466":0,"467":0,"468":0,"474":0,"475":0,"477":0,"478":0,"480":0,"482":0,"483":0,"484":0,"486":0,"487":0,"488":0,"490":0,"491":0,"492":0,"494":0,"495":0,"496":0,"498":0,"502":0,"503":0,"505":0,"508":0,"509":0,"510":0,"511":0,"514":0}},
"/Users/joaofurriel/pdfmake-1/src/documentContext.js":{"path":"/Users/joaofurriel/pdfmake-1/src/documentContext.js","s":{"1":0,"2":1,"3":0,"4":0,"5":0,"6":0,"7":0,"8":0,"9":0,"10":0,"11":0,"12":0,"13":0,"14":0,"15":0,"16":0,"17":0,"18":0,"19":0,"20":0,"21":0,"22":0,"23":0,"24":0,"25":0,"26":0,"27":0,"28":0,"29":0,"30":0,"31":0,"32":0,"33":0,"34":0,"35":0,"36":0,"37":0,"38":0,"39":0,"40":0,"41":0,"42":0,"43":0,"44":0,"45":0,"46":0,"47":0,"48":0,"49":0,"50":0,"51":0,"52":0,"53":0,"54":0,"55":0,"56":0,"57":0,"58":0,"59":0,"60":0,"61":0,"62":0,"63":0,"64":0,"65":0,"66":0,"67":0,"68":0,"69":0,"70":0,"71":0,"72":0,"73":0,"74":0,"75":0,"76":0,"77":0,"78":0,"79":0,"80":0,"81":0,"82":0,"83":1,"84":0,"85":0,"86":0,"87":0,"88":0,"89":0,"90":0,"91":0,"92":0,"93":0,"94":0,"95":0,"96":0,"97":0,"98":0,"99":0,"100":0,"101":0,"102":0,"103":0,"104":0,"105":0,"106":0,"107":0,"108":0,"109":0,"110":0,"111":0,"112":0,"113":0,"114":0,"115":0,"116":0,"117":0,"118":0,"119":0,"120":1,"121":0,"122":0,"123":0,"124":0,"125":0,"126":0,"127":0,"128":0},"b":{"1":[0,0],"2":[0,0],"3":[0,0],"4":[0,0],"5":[0,0],"6":[0,0],"7":[0,0],"8":[0,0],"9":[0,0],"10":[0,0],"11":[0,0],"12":[0,0],"13":[0,0],"14":[0,0],"15":[0,0],"16":[0,0],"17":[0,0]},"f":{"1":0,"2":0,"3":0,"4":0,"5":0,"6":0,"7":0,"8":0,"9":0,"10":0,"11":0,"12":0,"13":0,"14":0,"15":0,"16":0,"17":0,"18":0,"19":0,"20":0,"21":0},"fnMap":{"1":{"name":"DocumentContext","line":10,"loc":{"start":{"line":10,"column":0},"end":{"line":10,"column":48}}},"2":{"name":"(anonymous_2)","line":29,"loc":{"start":{"line":29,"column":45},"end":{"line":29,"column":56}}},"3":{"name":"(anonymous_3)","line":44,"loc":{"start":{"line":44,"column":40},"end":{"line":44,"column":76}}},"4":{"name":"(anonymous_4)","line":59,"loc":{"start":{"line":59,"column":48},"end":{"line":59,"column":70}}},"5":{"name":"(anonymous_5)","line":68,"loc":{"start":{"line":68,"column":39},"end":{"line":68,"column":60}}},"6":{"name":"(anonymous_6)","line":77,"loc":{"start":{"line":77,"column":52},"end":{"line":77,"column":73}}},"7":{"name":"(anonymous_7)","line":88,"loc":{"start":{"line":88,"column":48},"end":{"line":88,"column":59}}},"8":{"name":"(anonymous_8)","line":102,"loc":{"start":{"line":102,"column":38},"end":{"line":102,"column":60}}},"9":{"name":"(anonymous_9)","line":107,"loc":{"start":{"line":107,"column":37},"end":{"line":107,"column":54}}},"10":{"name":"(anonymous_10)","line":114,"loc":{"start":{"line":114,"column":43},"end":{"line":114,"column":54}}},"11":{"name":"(anonymous_11)","line":120,"loc":{"start":{"line":120,"column":41},"end":{"line":120,"column":51}}},"12":{"name":"(anonymous_12)","line":128,"loc":{"start":{"line":128,"column":35},"end":{"line":128,"column":49}}},"13":{"name":"(anonymous_13)","line":139,"loc":{"start":{"line":139,"column":47},"end":{"line":139,"column":58}}},"14":{"name":"(anonymous_14)","line":151,"loc":{"start":{"line":151,"column":45},"end":{"line":151,"column":56}}},"15":{"name":"pageOrientation","line":163,"loc":{"start":{"line":163,"column":0},"end":{"line":163,"column":71}}},"16":{"name":"(anonymous_16)","line":173,"loc":{"start":{"line":173,"column":18},"end":{"line":173,"column":61}}},"17":{"name":"(anonymous_17)","line":194,"loc":{"start":{"line":194,"column":43},"end":{"line":194,"column":69}}},"18":{"name":"(anonymous_18)","line":217,"loc":{"start":{"line":217,"column":36},"end":{"line":217,"column":55}}},"19":{"name":"(anonymous_19)","line":228,"loc":{"start":{"line":228,"column":43},"end":{"line":228,"column":54}}},"20":{"name":"(anonymous_20)","line":234,"loc":{"start":{"line":234,"column":47},"end":{"line":234,"column":58}}},"21":{"name":"bottomMostContext","line":251,"loc":{"start":{"line":251,"column":0},"end":{"line":251,"column":35}}}},"statementMap":{"1":{"start":{"line":4,"column":0},"end":{"line":4,"column":53}},"2":{"start":{"line":10,"column":0},"end":{"line":27,"column":1}},"3":{"start":{"line":11,"column":1},"end":{"line":11,"column":17}},"4":{"start":{"line":13,"column":1},"end":{"line":13,"column":32}},"5":{"start":{"line":15,"column":1},"end":{"line":15,"column":27}},"6":{"start":{"line":16,"column":1},"end":{"line":16,"column":77}},"7":{"start":{"line":17,"column":1},"end":{"line":17,"column":26}},"8":{"start":{"line":18,"column":1},"end":{"line":18,"column":16}},"9":{"start":{"line":20,"column":1},"end":{"line":20,"column":21}},"10":{"start":{"line":22,"column":1},"end":{"line":22,"column":24}},"11":{"start":{"line":24,"column":2},"end":{"line":24,"column":40}},"12":{"start":{"line":26,"column":1},"end":{"line":26,"column":24}},"13":{"start":{"line":29,"column":0},"end":{"line":42,"column":2}},"14":{"start":{"line":30,"column":1},"end":{"line":39,"column":4}},"15":{"start":{"line":41,"column":1},"end":{"line":41,"column":26}},"16":{"start":{"line":44,"column":0},"end":{"line":57,"column":2}},"17":{"start":{"line":45,"column":1},"end":{"line":45,"column":55}},"18":{"start":{"line":47,"column":1},"end":{"line":47,"column":33}},"19":{"start":{"line":49,"column":2},"end":{"line":49,"column":31}},"20":{"start":{"line":50,"column":1},"end":{"line":50,"column":24}},"21":{"start":{"line":51,"column":1},"end":{"line":51,"column":56}},"22":{"start":{"line":52,"column":1},"end":{"line":52,"column":18}},"23":{"start":{"line":53,"column":1},"end":{"line":53,"column":29}},"24":{"start":{"line":54,"column":1},"end":{"line":54,"column":46}},"25":{"start":{"line":56,"column":1},"end":{"line":56,"column":30}},"26":{"start":{"line":59,"column":0},"end":{"line":66,"column":2}},"27":{"start":{"line":60,"column":1},"end":{"line":65,"column":2}},"28":{"start":{"line":61,"column":2},"end":{"line":61,"column":48}},"29":{"start":{"line":62,"column":2},"end":{"line":62,"column":25}},"30":{"start":{"line":64,"column":2},"end":{"line":64,"column":75}},"31":{"start":{"line":68,"column":0},"end":{"line":75,"column":2}},"32":{"start":{"line":69,"column":1},"end":{"line":69,"column":50}},"33":{"start":{"line":70,"column":1},"end":{"line":70,"column":44}},"34":{"start":{"line":71,"column":1},"end":{"line":71,"column":44}},"35":{"start":{"line":72,"column":1},"end":{"line":72,"column":70}},"36":{"start":{"line":73,"column":1},"end":{"line":73,"column":72}},"37":{"start":{"line":74,"column":1},"end":{"line":74,"column":72}},"38":{"start":{"line":77,"column":0},"end":{"line":86,"column":2}},"39":{"start":{"line":78,"column":1},"end":{"line":85,"column":3}},"40":{"start":{"line":88,"column":0},"end":{"line":100,"column":2}},"41":{"start":{"line":89,"column":1},"end":{"line":89,"column":34}},"42":{"start":{"line":91,"column":1},"end":{"line":91,"column":33}},"43":{"start":{"line":93,"column":1},"end":{"line":93,"column":24}},"44":{"start":{"line":94,"column":1},"end":{"line":94,"column":18}},"45":{"start":{"line":95,"column":1},"end":{"line":95,"column":29}},"46":{"start":{"line":96,"column":1},"end":{"line":96,"column":35}},"47":{"start":{"line":97,"column":1},"end":{"line":97,"column":44}},"48":{"start":{"line":98,"column":1},"end":{"line":98,"column":57}},"49":{"start":{"line":99,"column":1},"end":{"line":99,"column":46}},"50":{"start":{"line":102,"column":0},"end":{"line":105,"column":2}},"51":{"start":{"line":103,"column":1},"end":{"line":103,"column":16}},"52":{"start":{"line":104,"column":1},"end":{"line":104,"column":44}},"53":{"start":{"line":107,"column":0},"end":{"line":112,"column":2}},"54":{"start":{"line":108,"column":1},"end":{"line":108,"column":18}},"55":{"start":{"line":109,"column":1},"end":{"line":109,"column":32}},"56":{"start":{"line":111,"column":1},"end":{"line":111,"column":33}},"57":{"start":{"line":114,"column":0},"end":{"line":118,"column":2}},"58":{"start":{"line":115,"column":1},"end":{"line":115,"column":31}},"59":{"start":{"line":116,"column":1},"end":{"line":116,"column":111}},"60":{"start":{"line":117,"column":1},"end":{"line":117,"column":124}},"61":{"start":{"line":120,"column":0},"end":{"line":126,"column":2}},"62":{"start":{"line":121,"column":2},"end":{"line":125,"column":3}},"63":{"start":{"line":122,"column":4},"end":{"line":122,"column":29}},"64":{"start":{"line":124,"column":4},"end":{"line":124,"column":16}},"65":{"start":{"line":128,"column":0},"end":{"line":137,"column":2}},"66":{"start":{"line":129,"column":1},"end":{"line":132,"column":2}},"67":{"start":{"line":130,"column":2},"end":{"line":130,"column":13}},"68":{"start":{"line":131,"column":2},"end":{"line":131,"column":95}},"69":{"start":{"line":133,"column":1},"end":{"line":136,"column":2}},"70":{"start":{"line":134,"column":2},"end":{"line":134,"column":13}},"71":{"start":{"line":135,"column":2},"end":{"line":135,"column":98}},"72":{"start":{"line":139,"column":0},"end":{"line":149,"column":2}},"73":{"start":{"line":140,"column":1},"end":{"line":148,"column":4}},"74":{"start":{"line":151,"column":0},"end":{"line":161,"column":2}},"75":{"start":{"line":152,"column":1},"end":{"line":152,"column":34}},"76":{"start":{"line":154,"column":1},"end":{"line":154,"column":18}},"77":{"start":{"line":155,"column":1},"end":{"line":155,"column":18}},"78":{"start":{"line":156,"column":1},"end":{"line":156,"column":44}},"79":{"start":{"line":157,"column":1},"end":{"line":157,"column":46}},"80":{"start":{"line":158,"column":1},"end":{"line":158,"column":24}},"81":{"start":{"line":159,"column":1},"end":{"line":159,"column":36}},"82":{"start":{"line":160,"column":1},"end":{"line":160,"column":46}},"83":{"start":{"line":163,"column":0},"end":{"line":171,"column":1}},"84":{"start":{"line":164,"column":1},"end":{"line":170,"column":2}},"85":{"start":{"line":165,"column":2},"end":{"line":165,"column":32}},"86":{"start":{"line":166,"column":8},"end":{"line":170,"column":2}},"87":{"start":{"line":167,"column":2},"end":{"line":167,"column":21}},"88":{"start":{"line":169,"column":2},"end":{"line":169,"column":20}},"89":{"start":{"line":173,"column":0},"end":{"line":191,"column":2}},"90":{"start":{"line":175,"column":1},"end":{"line":175,"column":92}},"91":{"start":{"line":177,"column":1},"end":{"line":189,"column":2}},"92":{"start":{"line":178,"column":2},"end":{"line":182,"column":4}},"93":{"start":{"line":184,"column":2},"end":{"line":188,"column":4}},"94":{"start":{"line":194,"column":0},"end":{"line":214,"column":2}},"95":{"start":{"line":195,"column":1},"end":{"line":195,"column":35}},"96":{"start":{"line":197,"column":1},"end":{"line":197,"column":26}},"97":{"start":{"line":198,"column":1},"end":{"line":198,"column":20}},"98":{"start":{"line":200,"column":1},"end":{"line":200,"column":56}},"99":{"start":{"line":201,"column":1},"end":{"line":206,"column":2}},"100":{"start":{"line":202,"column":2},"end":{"line":202,"column":68}},"101":{"start":{"line":204,"column":2},"end":{"line":204,"column":28}},"102":{"start":{"line":205,"column":2},"end":{"line":205,"column":24}},"103":{"start":{"line":208,"column":2},"end":{"line":213,"column":3}},"104":{"start":{"line":217,"column":0},"end":{"line":226,"column":2}},"105":{"start":{"line":218,"column":1},"end":{"line":218,"column":46}},"106":{"start":{"line":219,"column":1},"end":{"line":219,"column":23}},"107":{"start":{"line":220,"column":1},"end":{"line":220,"column":35}},"108":{"start":{"line":221,"column":1},"end":{"line":221,"column":23}},"109":{"start":{"line":223,"column":1},"end":{"line":223,"column":32}},"110":{"start":{"line":225,"column":1},"end":{"line":225,"column":13}},"111":{"start":{"line":228,"column":0},"end":{"line":232,"column":2}},"112":{"start":{"line":229,"column":1},"end":{"line":229,"column":66}},"113":{"start":{"line":229,"column":54},"end":{"line":229,"column":66}},"114":{"start":{"line":231,"column":1},"end":{"line":231,"column":30}},"115":{"start":{"line":234,"column":0},"end":{"line":249,"column":2}},"116":{"start":{"line":235,"column":2},"end":{"line":235,"column":48}},"117":{"start":{"line":236,"column":2},"end":{"line":236,"column":85}},"118":{"start":{"line":237,"column":2},"end":{"line":237,"column":83}},"119":{"start":{"line":239,"column":2},"end":{"line":248,"column":4}},"120":{"start":{"line":251,"column":0},"end":{"line":265,"column":1}},"121":{"start":{"line":252,"column":1},"end":{"line":252,"column":7}},"122":{"start":{"line":254,"column":1},"end":{"line":256,"column":34}},"123":{"start":{"line":254,"column":24},"end":{"line":254,"column":31}},"124":{"start":{"line":255,"column":6},"end":{"line":256,"column":34}},"125":{"start":{"line":255,"column":29},"end":{"line":255,"column":36}},"126":{"start":{"line":256,"column":6},"end":{"line":256,"column":34}},"127":{"start":{"line":258,"column":1},"end":{"line":264,"column":3}},"128":{"start":{"line":271,"column":0},"end":{"line":271,"column":33}}},"branchMap":{"1":{"line":51,"type":"binary-expr","locations":[{"start":{"line":51,"column":43},"end":{"line":51,"column":49}},{"start":{"line":51,"column":53},"end":{"line":51,"column":54}}]},"2":{"line":60,"type":"if","locations":[{"start":{"line":60,"column":1},"end":{"line":60,"column":1}},{"start":{"line":60,"column":1},"end":{"line":60,"column":1}}]},"3":{"line":104,"type":"binary-expr","locations":[{"start":{"line":104,"column":32},"end":{"line":104,"column":37}},{"start":{"line":104,"column":41},"end":{"line":104,"column":42}}]},"4":{"line":121,"type":"if","locations":[{"start":{"line":121,"column":2},"end":{"line":121,"column":2}},{"start":{"line":121,"column":2},"end":{"line":121,"column":2}}]},"5":{"line":129,"type":"if","locations":[{"start":{"line":129,"column":1},"end":{"line":129,"column":1}},{"start":{"line":129,"column":1},"end":{"line":129,"column":1}}]},"6":{"line":129,"type":"binary-expr","locations":[{"start":{"line":129,"column":4},"end":{"line":129,"column":19}},{"start":{"line":129,"column":23},"end":{"line":129,"column":33}}]},"7":{"line":133,"type":"if","locations":[{"start":{"line":133,"column":1},"end":{"line":133,"column":1}},{"start":{"line":133,"column":1},"end":{"line":133,"column":1}}]},"8":{"line":133,"type":"binary-expr","locations":[{"start":{"line":133,"column":4},"end":{"line":133,"column":19}},{"start":{"line":133,"column":23},"end":{"line":133,"column":33}}]},"9":{"line":164,"type":"if","locations":[{"start":{"line":164,"column":1},"end":{"line":164,"column":1}},{"start":{"line":164,"column":1},"end":{"line":164,"column":1}}]},"10":{"line":166,"type":"if","locations":[{"start":{"line":166,"column":8},"end":{"line":166,"column":8}},{"start":{"line":166,"column":8},"end":{"line":166,"column":8}}]},"11":{"line":177,"type":"if","locations":[{"start":{"line":177,"column":1},"end":{"line":177,"column":1}},{"start":{"line":177,"column":1},"end":{"line":177,"column":1}}]},"12":{"line":201,"type":"if","locations":[{"start":{"line":201,"column":1},"end":{"line":201,"column":1}},{"start":{"line":201,"column":1},"end":{"line":201,"column":1}}]},"13":{"line":229,"type":"if","locations":[{"start":{"line":229,"column":1},"end":{"line":229,"column":1}},{"start":{"line":229,"column":1},"end":{"line":229,"column":1}}]},"14":{"line":229,"type":"binary-expr","locations":[{"start":{"line":229,"column":5},"end":{"line":229,"column":18}},{"start":{"line":229,"column":22},"end":{"line":229,"column":52}}]},"15":{"line":254,"type":"if","locations":[{"start":{"line":254,"column":1},"end":{"line":254,"column":1}},{"start":{"line":254,"column":1},"end":{"line":254,"column":1}}]},"16":{"line":255,"type":"if","locations":[{"start":{"line":255,"column":6},"end":{"line":255,"column":6}},{"start":{"line":255,"column":6},"end":{"line":255,"column":6}}]},"17":{"line":256,"type":"cond-expr","locations":[{"start":{"line":256,"column":26},"end":{"line":256,"column":28}},{"start":{"line":256,"column":31},"end":{"line":256,"column":33}}]}},"l":{"4":0,"10":1,"11":0,"13":0,"15":0,"16":0,"17":0,"18":0,"20":0,"22":0,"24":0,"26":0,"29":0,"30":0,"41":0,"44":0,"45":0,"47":0,"49":0,"50":0,"51":0,"52":0,"53":0,"54":0,"56":0,"59":0,"60":0,"61":0,"62":0,"64":0,"68":0,"69":0,"70":0,"71":0,"72":0,"73":0,"74":0,"77":0,"78":0,"88":0,"89":0,"91":0,"93":0,"94":0,"95":0,"96":0,"97":0,"98":0,"99":0,"102":0,"103":0,"104":0,"107":0,"108":0,"109":0,"111":0,"114":0,"115":0,"116":0,"117":0,"120":0,"121":0,"122":0,"124":0,"128":0,"129":0,"130":0,"131":0,"133":0,"134":0,"135":0,"139":0,"140":0,"151":0,"152":0,"154":0,"155":0,"156":0,"157":0,"158":0,"159":0,"160":0,"163":1,"164":0,"165":0,"166":0,"167":0,"169":0,"173":0,"175":0,"177":0,"178":0,"184":0,"194":0,"195":0,"197":0,"198":0,"200":0,"201":0,"202":0,"204":0,"205":0,"208":0,"217":0,"218":0,"219":0,"220":0,"221":0,"223":0,"225":0,"228":0,"229":0,"231":0,"234":0,"235":0,"236":0,"237":0,"239":0,"251":1,"252":0,"254":0,"255":0,"256":0,"258":0,"271":0}},
"/Users/joaofurriel/pdfmake-1/src/elementWriter.js":{"path":"/Users/joaofurriel/pdfmake-1/src/elementWriter.js","s":{"1":0,"2":0,"3":0,"4":0,"5":1,"6":0,"7":0,"8":0,"9":1,"10":0,"11":0,"12":0,"13":0,"14":0,"15":0,"16":0,"17":0,"18":0,"19":0,"20":0,"21":0,"22":0,"23":0,"24":0,"25":0,"26":0,"27":0,"28":0,"29":0,"30":0,"31":0,"32":0,"33":0,"34":0,"35":0,"36":0,"37":0,"38":0,"39":0,"40":0,"41":0,"42":0,"43":0,"44":0,"45":0,"46":0,"47":0,"48":0,"49":0,"50":0,"51":0,"52":0,"53":0,"54":0,"55":0,"56":0,"57":0,"58":0,"59":0,"60":0,"61":0,"62":0,"63":0,"64":0,"65":0,"66":0,"67":0,"68":0,"69":0,"70":0,"71":0,"72":0,"73":0,"74":0,"75":0,"76":0,"77":0,"78":0,"79":0,"80":0,"81":0,"82":0,"83":0,"84":0,"85":0,"86":0,"87":0,"88":1,"89":0,"90":0,"91":0,"92":0,"93":0,"94":0,"95":0,"96":0,"97":0,"98":0,"99":0,"100":0,"101":0,"102":0,"103":0,"104":0,"105":0,"106":0,"107":0,"108":0,"109":0,"110":0,"111":0,"112":0,"113":0,"114":0,"115":0,"116":0,"117":0,"118":0,"119":0,"120":0,"121":0,"122":0,"123":0,"124":0,"125":0,"126":0,"127":0,"128":0,"129":0,"130":0},"b":{"1":[0,0],"2":[0,0,0,0],"3":[0,0],"4":[0,0],"5":[0,0],"6":[0,0],"7":[0,0],"8":[0,0,0],"9":[0,0],"10":[0,0],"11":[0,0],"12":[0,0],"13":[0,0,0,0],"14":[0,0],"15":[0,0],"16":[0,0],"17":[0,0],"18":[0,0],"19":[0,0],"20":[0,0],"21":[0,0],"22":[0,0],"23":[0,0],"24":[0,0],"25":[0,0],"26":[0,0],"27":[0,0],"28":[0,0],"29":[0,0,0],"30":[0,0],"31":[0,0],"32":[0,0],"33":[0,0],"34":[0,0],"35":[0,0],"36":[0,0],"37":[0,0],"38":[0,0],"39":[0,0],"40":[0,0],"41":[0,0],"42":[0,0],"43":[0,0],"44":[0,0],"45":[0,0],"46":[0,0],"47":[0,0],"48":[0,0],"49":[0,0],"50":[0,0]},"f":{"1":0,"2":0,"3":0,"4":0,"5":0,"6":0,"7":0,"8":0,"9":0,"10":0,"11":0,"12":0,"13":0,"14":0},"fnMap":{"1":{"name":"ElementWriter","line":13,"loc":{"start":{"line":13,"column":0},"end":{"line":13,"column":41}}},"2":{"name":"addPageItem","line":19,"loc":{"start":{"line":19,"column":0},"end":{"line":19,"column":40}}},"3":{"name":"(anonymous_3)","line":27,"loc":{"start":{"line":27,"column":34},"end":{"line":27,"column":83}}},"4":{"name":"(anonymous_4)","line":53,"loc":{"start":{"line":53,"column":36},"end":{"line":53,"column":51}}},"5":{"name":"(anonymous_5)","line":87,"loc":{"start":{"line":87,"column":35},"end":{"line":87,"column":58}}},"6":{"name":"(anonymous_6)","line":111,"loc":{"start":{"line":111,"column":32},"end":{"line":111,"column":52}}},"7":{"name":"(anonymous_7)","line":137,"loc":{"start":{"line":137,"column":37},"end":{"line":137,"column":53}}},"8":{"name":"(anonymous_8)","line":155,"loc":{"start":{"line":155,"column":36},"end":{"line":155,"column":92}}},"9":{"name":"cloneLine","line":170,"loc":{"start":{"line":170,"column":0},"end":{"line":170,"column":25}}},"10":{"name":"(anonymous_10)","line":182,"loc":{"start":{"line":182,"column":38},"end":{"line":182,"column":115}}},"11":{"name":"(anonymous_11)","line":188,"loc":{"start":{"line":188,"column":21},"end":{"line":188,"column":36}}},"12":{"name":"(anonymous_12)","line":238,"loc":{"start":{"line":238,"column":38},"end":{"line":238,"column":71}}},"13":{"name":"(anonymous_13)","line":252,"loc":{"start":{"line":252,"column":37},"end":{"line":252,"column":48}}},"14":{"name":"(anonymous_14)","line":256,"loc":{"start":{"line":256,"column":51},"end":{"line":256,"column":61}}}},"statementMap":{"1":{"start":{"line":4,"column":0},"end":{"line":4,"column":29}},"2":{"start":{"line":5,"column":0},"end":{"line":5,"column":37}},"3":{"start":{"line":6,"column":0},"end":{"line":6,"column":53}},"4":{"start":{"line":7,"column":0},"end":{"line":7,"column":51}},"5":{"start":{"line":13,"column":0},"end":{"line":17,"column":1}},"6":{"start":{"line":14,"column":1},"end":{"line":14,"column":24}},"7":{"start":{"line":15,"column":1},"end":{"line":15,"column":24}},"8":{"start":{"line":16,"column":1},"end":{"line":16,"column":24}},"9":{"start":{"line":19,"column":0},"end":{"line":25,"column":1}},"10":{"start":{"line":20,"column":1},"end":{"line":24,"column":2}},"11":{"start":{"line":21,"column":2},"end":{"line":21,"column":24}},"12":{"start":{"line":23,"column":2},"end":{"line":23,"column":36}},"13":{"start":{"line":27,"column":0},"end":{"line":51,"column":2}},"14":{"start":{"line":28,"column":1},"end":{"line":28,"column":31}},"15":{"start":{"line":29,"column":1},"end":{"line":29,"column":28}},"16":{"start":{"line":30,"column":1},"end":{"line":31,"column":49}},"17":{"start":{"line":33,"column":1},"end":{"line":35,"column":2}},"18":{"start":{"line":34,"column":2},"end":{"line":34,"column":15}},"19":{"start":{"line":37,"column":1},"end":{"line":37,"column":36}},"20":{"start":{"line":38,"column":1},"end":{"line":38,"column":36}},"21":{"start":{"line":40,"column":1},"end":{"line":40,"column":22}},"22":{"start":{"line":42,"column":4},"end":{"line":45,"column":14}},"23":{"start":{"line":46,"column":1},"end":{"line":46,"column":38}},"24":{"start":{"line":48,"column":1},"end":{"line":48,"column":58}},"25":{"start":{"line":48,"column":33},"end":{"line":48,"column":58}},"26":{"start":{"line":50,"column":1},"end":{"line":50,"column":17}},"27":{"start":{"line":53,"column":0},"end":{"line":85,"column":2}},"28":{"start":{"line":54,"column":1},"end":{"line":54,"column":41}},"29":{"start":{"line":55,"column":1},"end":{"line":55,"column":33}},"30":{"start":{"line":57,"column":1},"end":{"line":57,"column":86}},"31":{"start":{"line":59,"column":1},"end":{"line":59,"column":16}},"32":{"start":{"line":60,"column":1},"end":{"line":67,"column":2}},"33":{"start":{"line":62,"column":3},"end":{"line":62,"column":30}},"34":{"start":{"line":63,"column":3},"end":{"line":63,"column":9}},"35":{"start":{"line":65,"column":3},"end":{"line":65,"column":36}},"36":{"start":{"line":66,"column":3},"end":{"line":66,"column":9}},"37":{"start":{"line":69,"column":1},"end":{"line":71,"column":2}},"38":{"start":{"line":70,"column":2},"end":{"line":70,"column":34}},"39":{"start":{"line":73,"column":1},"end":{"line":84,"column":2}},"40":{"start":{"line":77,"column":2},"end":{"line":77,"column":74}},"41":{"start":{"line":79,"column":2},"end":{"line":83,"column":3}},"42":{"start":{"line":80,"column":3},"end":{"line":80,"column":34}},"43":{"start":{"line":82,"column":3},"end":{"line":82,"column":31}},"44":{"start":{"line":87,"column":0},"end":{"line":109,"column":2}},"45":{"start":{"line":88,"column":1},"end":{"line":88,"column":28}},"46":{"start":{"line":89,"column":1},"end":{"line":90,"column":49}},"47":{"start":{"line":92,"column":1},"end":{"line":94,"column":2}},"48":{"start":{"line":93,"column":2},"end":{"line":93,"column":15}},"49":{"start":{"line":96,"column":1},"end":{"line":96,"column":38}},"50":{"start":{"line":97,"column":1},"end":{"line":97,"column":21}},"51":{"start":{"line":99,"column":1},"end":{"line":99,"column":24}},"52":{"start":{"line":101,"column":1},"end":{"line":104,"column":14}},"53":{"start":{"line":106,"column":1},"end":{"line":106,"column":33}},"54":{"start":{"line":108,"column":1},"end":{"line":108,"column":17}},"55":{"start":{"line":111,"column":0},"end":{"line":135,"column":2}},"56":{"start":{"line":112,"column":1},"end":{"line":112,"column":28}},"57":{"start":{"line":113,"column":1},"end":{"line":114,"column":49}},"58":{"start":{"line":116,"column":1},"end":{"line":118,"column":2}},"59":{"start":{"line":117,"column":2},"end":{"line":117,"column":15}},"60":{"start":{"line":120,"column":1},"end":{"line":120,"column":32}},"61":{"start":{"line":121,"column":1},"end":{"line":121,"column":18}},"62":{"start":{"line":123,"column":1},"end":{"line":123,"column":21}},"63":{"start":{"line":125,"column":1},"end":{"line":130,"column":2}},"64":{"start":{"line":126,"column":2},"end":{"line":126,"column":29}},"65":{"start":{"line":127,"column":2},"end":{"line":127,"column":19}},"66":{"start":{"line":128,"column":2},"end":{"line":128,"column":19}},"67":{"start":{"line":129,"column":2},"end":{"line":129,"column":44}},"68":{"start":{"line":132,"column":1},"end":{"line":132,"column":30}},"69":{"start":{"line":134,"column":1},"end":{"line":134,"column":17}},"70":{"start":{"line":137,"column":0},"end":{"line":153,"column":2}},"71":{"start":{"line":138,"column":1},"end":{"line":138,"column":41}},"72":{"start":{"line":139,"column":1},"end":{"line":139,"column":34}},"73":{"start":{"line":140,"column":1},"end":{"line":140,"column":16}},"74":{"start":{"line":141,"column":1},"end":{"line":148,"column":2}},"75":{"start":{"line":143,"column":3},"end":{"line":143,"column":31}},"76":{"start":{"line":144,"column":3},"end":{"line":144,"column":9}},"77":{"start":{"line":146,"column":3},"end":{"line":146,"column":37}},"78":{"start":{"line":147,"column":3},"end":{"line":147,"column":9}},"79":{"start":{"line":150,"column":1},"end":{"line":152,"column":2}},"80":{"start":{"line":151,"column":2},"end":{"line":151,"column":36}},"81":{"start":{"line":155,"column":0},"end":{"line":168,"column":2}},"82":{"start":{"line":156,"column":1},"end":{"line":156,"column":28}},"83":{"start":{"line":157,"column":1},"end":{"line":158,"column":49}},"84":{"start":{"line":160,"column":1},"end":{"line":167,"column":2}},"85":{"start":{"line":161,"column":2},"end":{"line":161,"column":87}},"86":{"start":{"line":162,"column":8},"end":{"line":165,"column":18}},"87":{"start":{"line":166,"column":2},"end":{"line":166,"column":18}},"88":{"start":{"line":170,"column":0},"end":{"line":180,"column":1}},"89":{"start":{"line":171,"column":1},"end":{"line":171,"column":38}},"90":{"start":{"line":173,"column":1},"end":{"line":177,"column":2}},"91":{"start":{"line":174,"column":2},"end":{"line":176,"column":3}},"92":{"start":{"line":175,"column":3},"end":{"line":175,"column":27}},"93":{"start":{"line":179,"column":1},"end":{"line":179,"column":15}},"94":{"start":{"line":182,"column":0},"end":{"line":229,"column":2}},"95":{"start":{"line":183,"column":1},"end":{"line":183,"column":24}},"96":{"start":{"line":184,"column":1},"end":{"line":184,"column":33}},"97":{"start":{"line":186,"column":1},"end":{"line":186,"column":74}},"98":{"start":{"line":186,"column":61},"end":{"line":186,"column":74}},"99":{"start":{"line":188,"column":1},"end":{"line":224,"column":4}},"100":{"start":{"line":189,"column":8},"end":{"line":223,"column":9}},"101":{"start":{"line":191,"column":16},"end":{"line":191,"column":45}},"102":{"start":{"line":193,"column":16},"end":{"line":193,"column":84}},"103":{"start":{"line":194,"column":16},"end":{"line":194,"column":84}},"104":{"start":{"line":196,"column":16},"end":{"line":199,"column":19}},"105":{"start":{"line":200,"column":16},"end":{"line":200,"column":22}},"106":{"start":{"line":203,"column":16},"end":{"line":203,"column":40}},"107":{"start":{"line":205,"column":16},"end":{"line":205,"column":128}},"108":{"start":{"line":206,"column":16},"end":{"line":209,"column":19}},"109":{"start":{"line":210,"column":16},"end":{"line":210,"column":22}},"110":{"start":{"line":213,"column":16},"end":{"line":213,"column":42}},"111":{"start":{"line":215,"column":16},"end":{"line":215,"column":88}},"112":{"start":{"line":216,"column":16},"end":{"line":216,"column":88}},"113":{"start":{"line":218,"column":16},"end":{"line":221,"column":19}},"114":{"start":{"line":222,"column":16},"end":{"line":222,"column":22}},"115":{"start":{"line":226,"column":1},"end":{"line":226,"column":60}},"116":{"start":{"line":226,"column":33},"end":{"line":226,"column":60}},"117":{"start":{"line":228,"column":1},"end":{"line":228,"column":13}},"118":{"start":{"line":238,"column":0},"end":{"line":250,"column":2}},"119":{"start":{"line":239,"column":1},"end":{"line":242,"column":2}},"120":{"start":{"line":240,"column":2},"end":{"line":240,"column":113}},"121":{"start":{"line":241,"column":2},"end":{"line":241,"column":47}},"122":{"start":{"line":244,"column":1},"end":{"line":246,"column":2}},"123":{"start":{"line":245,"column":2},"end":{"line":245,"column":124}},"124":{"start":{"line":248,"column":1},"end":{"line":248,"column":38}},"125":{"start":{"line":249,"column":1},"end":{"line":249,"column":31}},"126":{"start":{"line":252,"column":0},"end":{"line":254,"column":2}},"127":{"start":{"line":253,"column":1},"end":{"line":253,"column":40}},"128":{"start":{"line":256,"column":0},"end":{"line":258,"column":2}},"129":{"start":{"line":257,"column":1},"end":{"line":257,"column":68}},"130":{"start":{
[...]
ions":[{"start":{"line":106,"column":8},"end":{"line":106,"column":80}},{"start":{"line":107,"column":8},"end":{"line":110,"column":13}}]},"31":{"line":105,"type":"binary-expr","locations":[{"start":{"line":105,"column":8},"end":{"line":105,"column":19}},{"start":{"line":105,"column":23},"end":{"line":105,"column":34}},{"start":{"line":105,"column":38},"end":{"line":105,"column":53}}]},"32":{"line":107,"type":"cond-expr","locations":[{"start":{"line":108,"column":8},"end":{"line":108,"column":49}},{"start":{"line":110,"column":8},"end":{"line":110,"column":13}}]},"33":{"line":107,"type":"binary-expr","locations":[{"start":{"line":107,"column":8},"end":{"line":107,"column":19}},{"start":{"line":107,"column":23},"end":{"line":107,"column":34}},{"start":{"line":107,"column":38},"end":{"line":107,"column":53}}]},"34":{"line":126,"type":"cond-expr","locations":[{"start":{"line":126,"column":29},"end":{"line":126,"column":30}},{"start":{"line":126,"column":33},"end":{"line":126,"column":119}}]},"35":{"line":126,"type":"cond-expr","locations":[{"start":{"line":126,"column":48},"end":{"line":126,"column":49}},{"start":{"line":126,"column":52},"end":{"line":126,"column":119}}]},"36":{"line":126,"type":"cond-expr","locations":[{"start":{"line":126,"column":69},"end":{"line":126,"column":70}},{"start":{"line":126,"column":73},"end":{"line":126,"column":119}}]},"37":{"line":126,"type":"cond-expr","locations":[{"start":{"line":126,"column":91},"end":{"line":126,"column":92}},{"start":{"line":126,"column":95},"end":{"line":126,"column":119}}]},"38":{"line":126,"type":"cond-expr","locations":[{"start":{"line":126,"column":114},"end":{"line":126,"column":115}},{"start":{"line":126,"column":118},"end":{"line":126,"column":119}}]},"39":{"line":135,"type":"if","locations":[{"start":{"line":135,"column":4},"end":{"line":135,"column":4}},{"start":{"line":135,"column":4},"end":{"line":135,"column":4}}]},"40":{"line":138,"type":"if","locations":[{"start":{"line":138,"column":11},"end":{"line":138,"column":11}},{"start":{"line":138,"column":11},"end":{"line":138,"column":11}}]},"41":{"line":142,"type":"if","locations":[{"start":{"line":142,"column":11},"end":{"line":142,"column":11}},{"start":{"line":142,"column":11},"end":{"line":142,"column":11}}]},"42":{"line":147,"type":"if","locations":[{"start":{"line":147,"column":11},"end":{"line":147,"column":11}},{"start":{"line":147,"column":11},"end":{"line":147,"column":11}}]},"43":{"line":153,"type":"if","locations":[{"start":{"line":153,"column":11},"end":{"line":153,"column":11}},{"start":{"line":153,"column":11},"end":{"line":153,"column":11}}]}},"l":{"14":1,"16":0,"31":1,"33":0,"37":0,"38":0,"39":0,"40":0,"41":0,"42":0,"44":0,"49":0,"54":1,"56":0,"71":1,"73":0,"75":0,"76":0,"77":0,"78":0,"79":0,"80":0,"81":0,"85":0,"91":1,"93":0,"95":0,"96":0,"97":0,"114":0,"118":1,"120":0,"124":0,"125":0,"126":0,"129":0,"133":0,"134":0,"135":0,"137":0,"138":0,"140":0,"141":0,"142":0,"144":0,"145":0,"146":0,"147":0,"149":0,"150":0,"151":0,"152":0,"153":0,"155":0,"156":0,"157":0,"158":0,"159":0,"162":0,"163":0,"164":0,"165":0,"166":0,"167":0,"171":0,"175":0}},
"/Users/joaofurriel/pdfmake-1/src/browser-extensions/pdfMake.js":{"path":"/Users/joaofurriel/pdfmake-1/src/browser-extensions/pdfMake.js","s":{"1":0,"2":0,"3":0,"4":0,"5":1,"6":0,"7":0,"8":0,"9":1,"10":0,"11":0,"12":0,"13":0,"14":0,"15":0,"16":0,"17":0,"18":0,"19":0,"20":0,"21":0,"22":0,"23":0,"24":0,"25":0,"26":0,"27":0,"28":0,"29":0,"30":0,"31":0,"32":0,"33":0,"34":0,"35":0,"36":0,"37":0,"38":0,"39":0,"40":0,"41":0,"42":0,"43":0,"44":0,"45":0,"46":0,"47":0,"48":0,"49":0,"50":0,"51":0,"52":0,"53":0,"54":0,"55":0,"56":0,"57":0,"58":0,"59":0,"60":0,"61":0,"62":0,"63":0,"64":0,"65":0,"66":0,"67":0,"68":0,"69":0,"70":0,"71":0,"72":0,"73":0,"74":0,"75":0,"76":0,"77":0,"78":0,"79":0,"80":0,"81":0,"82":0,"83":0,"84":0,"85":0,"86":0,"87":0,"88":0,"89":0,"90":0,"91":0,"92":0,"93":0,"94":0,"95":0,"96":0,"97":0,"98":0},"b":{"1":[0,0],"2":[0,0],"3":[0,0],"4":[0,0],"5":[0,0],"6":[0,0],"7":[0,0],"8":[0,0],"9":[0,0],"10":[0,0],"11":[0,0],"12":[0,0],"13":[0,0],"14":[0,0],"15":[0,0],"16":[0,0],"17":[0,0],"18":[0,0]},"f":{"1":0,"2":0,"3":0,"4":0,"5":0,"6":0,"7":0,"8":0,"9":0,"10":0,"11":0,"12":0,"13":0,"14":0,"15":0,"16":0,"17":0,"18":0,"19":0,"20":0},"fnMap":{"1":{"name":"Document","line":19,"loc":{"start":{"line":19,"column":0},"end":{"line":19,"column":45}}},"2":{"name":"canCreatePdf","line":25,"loc":{"start":{"line":25,"column":0},"end":{"line":25,"column":24}}},"3":{"name":"(anonymous_3)","line":33,"loc":{"start":{"line":33,"column":32},"end":{"line":33,"column":60}}},"4":{"name":"(anonymous_4)","line":41,"loc":{"start":{"line":41,"column":16},"end":{"line":41,"column":32}}},"5":{"name":"(anonymous_5)","line":44,"loc":{"start":{"line":44,"column":15},"end":{"line":44,"column":26}}},"6":{"name":"(anonymous_6)","line":51,"loc":{"start":{"line":51,"column":31},"end":{"line":51,"column":52}}},"7":{"name":"(anonymous_7)","line":53,"loc":{"start":{"line":53,"column":27},"end":{"line":53,"column":56}}},"8":{"name":"(anonymous_8)","line":58,"loc":{"start":{"line":58,"column":26},"end":{"line":58,"column":44}}},"9":{"name":"(anonymous_9)","line":64,"loc":{"start":{"line":64,"column":17},"end":{"line":64,"column":35}}},"10":{"name":"(anonymous_10)","line":91,"loc":{"start":{"line":91,"column":27},"end":{"line":91,"column":38}}},"11":{"name":"(anonymous_11)","line":97,"loc":{"start":{"line":97,"column":17},"end":{"line":97,"column":35}}},"12":{"name":"(anonymous_12)","line":123,"loc":{"start":{"line":123,"column":30},"end":{"line":123,"column":60}}},"13":{"name":"(anonymous_13)","line":130,"loc":{"start":{"line":130,"column":18},"end":{"line":130,"column":36}}},"14":{"name":"(anonymous_14)","line":154,"loc":{"start":{"line":154,"column":31},"end":{"line":154,"column":53}}},"15":{"name":"(anonymous_15)","line":156,"loc":{"start":{"line":156,"column":26},"end":{"line":156,"column":43}}},"16":{"name":"(anonymous_16)","line":161,"loc":{"start":{"line":161,"column":32},"end":{"line":161,"column":54}}},"17":{"name":"(anonymous_17)","line":163,"loc":{"start":{"line":163,"column":26},"end":{"line":163,"column":43}}},"18":{"name":"(anonymous_18)","line":168,"loc":{"start":{"line":168,"column":31},"end":{"line":168,"column":53}}},"19":{"name":"(anonymous_19)","line":170,"loc":{"start":{"line":170,"column":26},"end":{"line":170,"column":42}}},"20":{"name":"(anonymous_20)","line":176,"loc":{"start":{"line":176,"column":12},"end":{"line":176,"column":36}}}},"statementMap":{"1":{"start":{"line":6,"column":0},"end":{"line":6,"column":39}},"2":{"start":{"line":7,"column":0},"end":{"line":7,"column":61}},"3":{"start":{"line":8,"column":0},"end":{"line":8,"column":30}},"4":{"start":{"line":10,"column":0},"end":{"line":17,"column":2}},"5":{"start":{"line":19,"column":0},"end":{"line":23,"column":1}},"6":{"start":{"line":20,"column":1},"end":{"line":20,"column":36}},"7":{"start":{"line":21,"column":1},"end":{"line":21,"column":42}},"8":{"start":{"line":22,"column":1},"end":{"line":22,"column":16}},"9":{"start":{"line":25,"column":0},"end":{"line":31,"column":1}},"10":{"start":{"line":27,"column":1},"end":{"line":29,"column":2}},"11":{"start":{"line":28,"column":2},"end":{"line":28,"column":15}},"12":{"start":{"line":30,"column":1},"end":{"line":30,"column":13}},"13":{"start":{"line":33,"column":0},"end":{"line":49,"column":2}},"14":{"start":{"line":34,"column":1},"end":{"line":34,"column":42}},"15":{"start":{"line":35,"column":1},"end":{"line":35,"column":29}},"16":{"start":{"line":37,"column":1},"end":{"line":37,"column":69}},"17":{"start":{"line":38,"column":1},"end":{"line":38,"column":17}},"18":{"start":{"line":39,"column":1},"end":{"line":39,"column":12}},"19":{"start":{"line":41,"column":1},"end":{"line":43,"column":4}},"20":{"start":{"line":42,"column":2},"end":{"line":42,"column":21}},"21":{"start":{"line":44,"column":1},"end":{"line":47,"column":4}},"22":{"start":{"line":45,"column":2},"end":{"line":45,"column":33}},"23":{"start":{"line":46,"column":2},"end":{"line":46,"column":38}},"24":{"start":{"line":48,"column":1},"end":{"line":48,"column":11}},"25":{"start":{"line":51,"column":0},"end":{"line":56,"column":2}},"26":{"start":{"line":52,"column":2},"end":{"line":52,"column":78}},"27":{"start":{"line":52,"column":11},"end":{"line":52,"column":78}},"28":{"start":{"line":53,"column":2},"end":{"line":55,"column":5}},"29":{"start":{"line":54,"column":4},"end":{"line":54,"column":14}},"30":{"start":{"line":58,"column":0},"end":{"line":88,"column":2}},"31":{"start":{"line":61,"column":1},"end":{"line":61,"column":37}},"32":{"start":{"line":63,"column":1},"end":{"line":87,"column":2}},"33":{"start":{"line":64,"column":2},"end":{"line":83,"column":28}},"34":{"start":{"line":65,"column":3},"end":{"line":65,"column":12}},"35":{"start":{"line":66,"column":3},"end":{"line":74,"column":4}},"36":{"start":{"line":67,"column":4},"end":{"line":67,"column":59}},"37":{"start":{"line":70,"column":4},"end":{"line":73,"column":5}},"38":{"start":{"line":71,"column":5},"end":{"line":71,"column":44}},"39":{"start":{"line":72,"column":5},"end":{"line":72,"column":70}},"40":{"start":{"line":76,"column":3},"end":{"line":82,"column":4}},"41":{"start":{"line":77,"column":4},"end":{"line":77,"column":52}},"42":{"start":{"line":78,"column":4},"end":{"line":78,"column":52}},"43":{"start":{"line":79,"column":4},"end":{"line":79,"column":31}},"44":{"start":{"line":81,"column":4},"end":{"line":81,"column":36}},"45":{"start":{"line":85,"column":2},"end":{"line":85,"column":14}},"46":{"start":{"line":86,"column":2},"end":{"line":86,"column":10}},"47":{"start":{"line":91,"column":0},"end":{"line":121,"column":2}},"48":{"start":{"line":94,"column":1},"end":{"line":94,"column":37}},"49":{"start":{"line":96,"column":1},"end":{"line":120,"column":2}},"50":{"start":{"line":97,"column":2},"end":{"line":116,"column":27}},"51":{"start":{"line":98,"column":3},"end":{"line":98,"column":12}},"52":{"start":{"line":99,"column":3},"end":{"line":107,"column":4}},"53":{"start":{"line":100,"column":4},"end":{"line":100,"column":59}},"54":{"start":{"line":103,"column":4},"end":{"line":106,"column":5}},"55":{"start":{"line":104,"column":5},"end":{"line":104,"column":44}},"56":{"start":{"line":105,"column":5},"end":{"line":105,"column":70}},"57":{"start":{"line":109,"column":3},"end":{"line":115,"column":4}},"58":{"start":{"line":110,"column":4},"end":{"line":110,"column":52}},"59":{"start":{"line":111,"column":4},"end":{"line":111,"column":52}},"60":{"start":{"line":112,"column":4},"end":{"line":112,"column":31}},"61":{"start":{"line":114,"column":4},"end":{"line":114,"column":36}},"62":{"start":{"line":118,"column":2},"end":{"line":118,"column":14}},"63":{"start":{"line":119,"column":2},"end":{"line":119,"column":10}},"64":{"start":{"line":123,"column":0},"end":{"line":152,"column":2}},"65":{"start":{"line":124,"column":3},"end":{"line":127,"column":4}},"66":{"start":{"line":125,"column":6},"end":{"line":125,"column":27}},"67":{"start":{"line":126,"column":6},"end":{"line":126,"column":29}},"68":{"start":{"line":129,"column":3},"end":{"line":129,"column":51}},"69":{"start":{"line":130,"column":3},"end":{"line":151,"column":6}},"70":{"start":{"line":131,"column":7},"end":{"line":131,"column":16}},"71":{"start":{"line":132,"column":7},"end":{"line":141,"column":8}},"72":{"start":{"line":133,"column":11},"end":{"line":133,"column":66}},"73":{"start":{"line":137,"column":11},"end":{"line":140,"column":12}},"74":{"start":{"line":138,"column":15},"end":{"line":138,"column":54}},"75":{"start":{"line":139,"column":15},"end":{"line":139,"column":80}},"76":{"start":{"line":142,"column":7},"end":{"line":147,"column":8}},"77":{"start":{"line":143,"column":11},"end":{"line":143,"column":41}},"78":{"start":{"line":146,"column":11},"end":{"line":146,"column":43}},"79":{"start":{"line":148,"column":7},"end":{"line":150,"column":8}},"80":{"start":{"line":149,"column":11},"end":{"line":149,"column":16}},"81":{"start":{"line":154,"column":0},"end":{"line":159,"column":2}},"82":{"start":{"line":155,"column":1},"end":{"line":155,"column":77}},"83":{"start":{"line":155,"column":10},"end":{"line":155,"column":77}},"84":{"start":{"line":156,"column":1},"end":{"line":158,"column":4}},"85":{"start":{"line":157,"column":2},"end":{"line":157,"column":32}},"86":{"start":{"line":161,"column":0},"end":{"line":166,"column":2}},"87":{"start":{"line":162,"column":1},"end":{"line":162,"column":78}},"88":{"start":{"line":162,"column":10},"end":{"line":162,"column":78}},"89":{"start":{"line":163,"column":1},"end":{"line":165,"column":4}},"90":{"start":{"line":164,"column":2},"end":{"line":164,"column":65}},"91":{"start":{"line":168,"column":0},"end":{"line":173,"column":2}},"92":{"start":{"line":169,"column":1},"end":{"line":169,"column":77}},"93":{"start":{"line":169,"column":10},"end":{"line":169,"column":77}},"94":{"start":{"line":170,"column":1},"end":{"line":172,"column":5}},"95":{"start":{"line":171,"column":4},"end":{"line":171,"column":15}},"96":{"start":{"line":175,"column":0},"end":{"line":181,"column":2}},"97":{"start":{"line":177,"column":2},"end":{"line":179,"column":3}},"98":{"start":{"line":178,"column":3},"end":{"line":178,"column":80}}},"branchMap":{"1":{"line":21,"type":"binary-expr","locations":[{"start":{"line":21,"column":14},"end":{"line":21,"column":19}},{"start":{"line":21,"column":23},"end":{"line":21,"column":41}}]},"2":{"line":27,"type":"if","locations":[{"start":{"line":27,"column":1},"end":{"line":27,"column":1}},{"start":{"line":27,"column":1},"end":{"line":27,"column":1}}]},"3":{"line":52,"type":"if","locations":[{"start":{"line":52,"column":2},"end":{"line":52,"column":2}},{"start":{"line":52,"column":2},"end":{"line":52,"column":2}}]},"4":{"line":70,"type":"if","locations":[{"start":{"line":70,"column":4},"end":{"line":70,"column":4}},{"start":{"line":70,"column":4},"end":{"line":70,"column":4}}]},"5":{"line":76,"type":"if","locations":[{"start":{"line":76,"column":3},"end":{"line":76,"column":3}},{"start":{"line":76,"column":3},"end":{"line":76,"column":3}}]},"6":{"line":77,"type":"binary-expr","locations":[{"start":{"line":77,"column":21},"end":{"line":77,"column":31}},{"start":{"line":77,"column":35},"end":{"line":77,"column":51}}]},"7":{"line":103,"type":"if","locations":[{"start":{"line":103,"column":4},"end":{"line":103,"column":4}},{"start":{"line":103,"column":4},"end":{"line":103,"column":4}}]},"8":{"line":109,"type":"if","locations":[{"start":{"line":109,"column":3},"end":{"line":109,"column":3}},{"start":{"line":109,"column":3},"end":{"line":109,"column":3}}]},"9":{"line":110,"type":"binary-expr","locations":[{"start":{"line":110,"column":21},"end":{"line":110,"column":31}},{"start":{"line":110,"column":35},"end":{"line":110,"column":51}}]},"10":{"line":124,"type":"if","locations":[{"start":{"line":124,"column":3},"end":{"line":124,"column":3}},{"start":{"line":124,"column":3},"end":{"line":124,"column":3}}]},"11":{"line":129,"type":"binary-expr","locations":[{"start":{"line":129,"column":21},"end":{"line":129,"column":36}},{"start":{"line":129,"column":40},"end":{"line":129,"column":50}}]},"12":{"line":137,"type":"if","locations":[{"start":{"line":137,"column":11},"end":{"line":137,"column":11}},{"start":{"line":137,"column":11},"end":{"line":137,"column":11}}]},"13":{"line":142,"type":"if","locations":[{"start":{"line":142,"column":7},"end":{"line":142,"column":7}},{"start":{"line":142,"column":7},"end":{"line":142,"column":7}}]},"14":{"line":148,"type":"if","locations":[{"start":{"line":148,"column":7},"end":{"line":148,"column":7}},{"start":{"line":148,"column":7},"end":{"line":148,"column":7}}]},"15":{"line":155,"type":"if","locations":[{"start":{"line":155,"column":1},"end":{"line":155,"column":1}},{"start":{"line":155,"column":1},"end":{"line":155,"column":1}}]},"16":{"line":162,"type":"if","locations":[{"start":{"line":162,"column":1},"end":{"line":162,"column":1}},{"start":{"line":162,"column":1},"end":{"line":162,"column":1}}]},"17":{"line":169,"type":"if","locations":[{"start":{"line":169,"column":1},"end":{"line":169,"column":1}},{"start":{"line":169,"column":1},"end":{"line":169,"column":1}}]},"18":{"line":177,"type":"if","locations":[{"start":{"line":177,"column":2},"end":{"line":177,"column":2}},{"start":{"line":177,"column":2},"end":{"line":177,"column":2}}]}},"l":{"6":0,"7":0,"8":0,"10":0,"19":1,"20":0,"21":0,"22":0,"25":1,"27":0,"28":0,"30":0,"33":0,"34":0,"35":0,"37":0,"38":0,"39":0,"41":0,"42":0,"44":0,"45":0,"46":0,"48":0,"51":0,"52":0,"53":0,"54":0,"58":0,"61":0,"63":0,"64":0,"65":0,"66":0,"67":0,"70":0,"71":0,"72":0,"76":0,"77":0,"78":0,"79":0,"81":0,"85":0,"86":0,"91":0,"94":0,"96":0,"97":0,"98":0,"99":0,"100":0,"103":0,"104":0,"105":0,"109":0,"110":0,"111":0,"112":0,"114":0,"118":0,"119":0,"123":0,"124":0,"125":0,"126":0,"129":0,"130":0,"131":0,"132":0,"133":0,"137":0,"138":0,"139":0,"142":0,"143":0,"146":0,"148":0,"149":0,"154":0,"155":0,"156":0,"157":0,"161":0,"162":0,"163":0,"164":0,"168":0,"169":0,"170":0,"171":0,"175":0,"177":0,"178":0}},
"/Users/joaofurriel/pdfmake-1/src/browser-extensions/virtual-fs.js":{"path":"/Users/joaofurriel/pdfmake-1/src/browser-extensions/virtual-fs.js","s":{"1":1,"2":0,"3":0,"4":0,"5":0,"6":0,"7":0,"8":0,"9":0,"10":0,"11":0,"12":0,"13":0,"14":1,"15":0,"16":0,"17":0,"18":0,"19":0,"20":0},"b":{"1":[0,0],"2":[0,0],"3":[0,0]},"f":{"1":0,"2":0,"3":0,"4":0,"5":0},"fnMap":{"1":{"name":"VirtualFileSystem","line":5,"loc":{"start":{"line":5,"column":0},"end":{"line":5,"column":29}}},"2":{"name":"(anonymous_2)","line":10,"loc":{"start":{"line":10,"column":43},"end":{"line":10,"column":62}}},"3":{"name":"(anonymous_3)","line":21,"loc":{"start":{"line":21,"column":44},"end":{"line":21,"column":72}}},"4":{"name":"(anonymous_4)","line":25,"loc":{"start":{"line":25,"column":37},"end":{"line":25,"column":52}}},"5":{"name":"fixFilename","line":30,"loc":{"start":{"line":30,"column":0},"end":{"line":30,"column":31}}}},"statementMap":{"1":{"start":{"line":5,"column":0},"end":{"line":8,"column":1}},"2":{"start":{"line":6,"column":1},"end":{"line":6,"column":22}},"3":{"start":{"line":7,"column":1},"end":{"line":7,"column":22}},"4":{"start":{"line":10,"column":0},"end":{"line":19,"column":2}},"5":{"start":{"line":11,"column":1},"end":{"line":11,"column":34}},"6":{"start":{"line":13,"column":1},"end":{"line":13,"column":47}},"7":{"start":{"line":14,"column":1},"end":{"line":16,"column":2}},"8":{"start":{"line":15,"column":2},"end":{"line":15,"column":45}},"9":{"start":{"line":18,"column":1},"end":{"line":18,"column":34}},"10":{"start":{"line":21,"column":0},"end":{"line":23,"column":2}},"11":{"start":{"line":22,"column":1},"end":{"line":22,"column":50}},"12":{"start":{"line":25,"column":0},"end":{"line":27,"column":2}},"13":{"start":{"line":26,"column":1},"end":{"line":26,"column":24}},"14":{"start":{"line":30,"column":0},"end":{"line":40,"column":1}},"15":{"start":{"line":31,"column":1},"end":{"line":33,"column":2}},"16":{"start":{"line":32,"column":2},"end":{"line":32,"column":50}},"17":{"start":{"line":35,"column":1},"end":{"line":37,"column":2}},"18":{"start":{"line":36,"column":2},"end":{"line":36,"column":35}},"19":{"start":{"line":39,"column":1},"end":{"line":39,"column":17}},"20":{"start":{"line":42,"column":0},"end":{"line":42,"column":41}}},"branchMap":{"1":{"line":14,"type":"if","locations":[{"start":{"line":14,"column":1},"end":{"line":14,"column":1}},{"start":{"line":14,"column":1},"end":{"line":14,"column":1}}]},"2":{"line":31,"type":"if","locations":[{"start":{"line":31,"column":1},"end":{"line":31,"column":1}},{"start":{"line":31,"column":1},"end":{"line":31,"column":1}}]},"3":{"line":35,"type":"if","locations":[{"start":{"line":35,"column":1},"end":{"line":35,"column":1}},{"start":{"line":35,"column":1},"end":{"line":35,"column":1}}]}},"l":{"5":1,"6":0,"7":0,"10":0,"11":0,"13":0,"14":0,"15":0,"18":0,"21":0,"22":0,"25":0,"26":0,"30":1,"31":0,"32":0,"35":0,"36":0,"39":0,"42":0}}}
