TN:
SF:/Users/joaofurriel/Documents/Estudo/MIEIC/Ano3/ESOF/pdfmake-1/src/columnCalculator.js
FN:4,buildColumnWidths
FN:13,(anonymous_2)
FN:27,(anonymous_3)
FN:51,(anonymous_4)
FN:55,(anonymous_5)
FN:61,(anonymous_6)
FN:70,(anonymous_7)
FN:80,(anonymous_8)
FN:87,isAutoColumn
FN:91,isStarColumn
FN:96,measureMinMax
FNF:11
FNH:0
FNDA:0,buildColumnWidths
FNDA:0,(anonymous_2)
FNDA:0,(anonymous_3)
FNDA:0,(anonymous_4)
FNDA:0,(anonymous_5)
FNDA:0,(anonymous_6)
FNDA:0,(anonymous_7)
FNDA:0,(anonymous_8)
FNDA:0,isAutoColumn
FNDA:0,isStarColumn
FNDA:0,measureMinMax
DA:4,1
DA:5,0
DA:13,0
DA:14,0
DA:15,0
DA:16,0
DA:17,0
DA:18,0
DA:19,0
DA:20,0
DA:21,0
DA:23,0
DA:27,0
DA:29,0
DA:30,0
DA:32,0
DA:33,0
DA:35,0
DA:38,0
DA:44,0
DA:45,0
DA:46,0
DA:51,0
DA:52,0
DA:55,0
DA:56,0
DA:59,0
DA:61,0
DA:62,0
DA:63,0
DA:67,0
DA:68,0
DA:70,0
DA:71,0
DA:72,0
DA:73,0
DA:77,0
DA:78,0
DA:80,0
DA:81,0
DA:87,1
DA:88,0
DA:91,1
DA:92,0
DA:96,1
DA:97,0
DA:99,0
DA:100,0
DA:102,0
DA:103,0
DA:105,0
DA:106,0
DA:107,0
DA:108,0
DA:109,0
DA:110,0
DA:111,0
DA:113,0
DA:114,0
DA:118,0
DA:119,0
DA:120,0
DA:123,0
DA:130,0
LF:64
LH:4
BRDA:14,1,0,0
BRDA:14,1,1,0
BRDA:18,2,0,0
BRDA:18,2,1,0
BRDA:29,3,0,0
BRDA:29,3,1,0
BRDA:29,4,0,0
BRDA:29,4,1,0
BRDA:32,5,0,0
BRDA:32,5,1,0
BRDA:32,6,0,0
BRDA:32,6,1,0
BRDA:46,7,0,0
BRDA:46,7,1,0
BRDA:59,8,0,0
BRDA:59,8,1,0
BRDA:77,9,0,0
BRDA:77,9,1,0
BRDA:92,10,0,0
BRDA:92,10,1,0
BRDA:92,10,2,0
BRDA:92,10,3,0
BRDA:105,11,0,0
BRDA:105,11,1,0
BRDA:109,12,0,0
BRDA:109,12,1,0
BRDA:113,13,0,0
BRDA:113,13,1,0
BRDA:113,13,2,0
BRDA:114,14,0,0
BRDA:114,14,1,0
BRDA:114,14,2,0
BRDA:118,15,0,0
BRDA:118,15,1,0
BRF:34
BRH:0
end_of_record
TN:
SF:/Users/joaofurriel/Documents/Estudo/MIEIC/Ano3/ESOF/pdfmake-1/src/docMeasure.js
FN:14,DocMeasure
FN:29,(anonymous_2)
FN:33,(anonymous_3)
FN:49,(anonymous_4)
FN:76,extendMargins
FN:87,getNodeMargin
FN:89,processSingleMargins
FN:101,flattenStyleArray
FN:115,convertMargin
FN:155,(anonymous_10)
FN:163,(anonymous_11)
FN:183,(anonymous_12)
FN:199,(anonymous_13)
FN:215,(anonymous_14)
FN:224,(anonymous_15)
FN:251,(anonymous_16)
FN:277,(anonymous_17)
FN:293,(anonymous_18)
FN:341,measureCb
FN:342,(anonymous_20)
FN:350,getLayout
FN:358,(anonymous_22)
FN:359,(anonymous_23)
FN:360,(anonymous_24)
FN:361,(anonymous_25)
FN:362,(anonymous_26)
FN:363,(anonymous_27)
FN:364,(anonymous_28)
FN:365,(anonymous_29)
FN:371,getOffsets
FN:391,extendWidthsForColSpans
FN:419,getMinMax
FN:430,markSpans
FN:441,markVSpans
FN:452,extendTableWidths
FN:474,(anonymous_36)
FN:508,(anonymous_37)
FNF:37
FNH:0
FNDA:0,DocMeasure
FNDA:0,(anonymous_2)
FNDA:0,(anonymous_3)
FNDA:0,(anonymous_4)
FNDA:0,extendMargins
FNDA:0,getNodeMargin
FNDA:0,processSingleMargins
FNDA:0,flattenStyleArray
FNDA:0,convertMargin
FNDA:0,(anonymous_10)
FNDA:0,(anonymous_11)
FNDA:0,(anonymous_12)
FNDA:0,(anonymous_13)
FNDA:0,(anonymous_14)
FNDA:0,(anonymous_15)
FNDA:0,(anonymous_16)
FNDA:0,(anonymous_17)
FNDA:0,(anonymous_18)
FNDA:0,measureCb
FNDA:0,(anonymous_20)
FNDA:0,getLayout
FNDA:0,(anonymous_22)
FNDA:0,(anonymous_23)
FNDA:0,(anonymous_24)
FNDA:0,(anonymous_25)
FNDA:0,(anonymous_26)
FNDA:0,(anonymous_27)
FNDA:0,(anonymous_28)
FNDA:0,(anonymous_29)
FNDA:0,getOffsets
FNDA:0,extendWidthsForColSpans
FNDA:0,getMinMax
FNDA:0,markSpans
FNDA:0,markVSpans
FNDA:0,extendTableWidths
FNDA:0,(anonymous_36)
FNDA:0,(anonymous_37)
DA:4,0
DA:5,0
DA:6,0
DA:7,0
DA:8,0
DA:9,0
DA:14,1
DA:15,0
DA:16,0
DA:17,0
DA:18,0
DA:19,0
DA:20,0
DA:29,0
DA:30,0
DA:33,0
DA:35,0
DA:36,0
DA:37,0
DA:38,0
DA:42,0
DA:44,0
DA:47,0
DA:49,0
DA:51,0
DA:53,0
DA:54,0
DA:55,0
DA:56,0
DA:57,0
DA:58,0
DA:59,0
DA:60,0
DA:61,0
DA:62,0
DA:63,0
DA:64,0
DA:65,0
DA:66,0
DA:67,0
DA:68,0
DA:69,0
DA:70,0
DA:72,0
DA:76,1
DA:77,0
DA:79,0
DA:80,0
DA:81,0
DA:84,0
DA:87,1
DA:89,1
DA:90,0
DA:91,0
DA:98,0
DA:101,1
DA:102,0
DA:103,0
DA:104,0
DA:105,0
DA:106,0
DA:107,0
DA:108,0
DA:112,0
DA:115,1
DA:116,0
DA:117,0
DA:118,0
DA:119,0
DA:120,0
DA:123,0
DA:126,0
DA:128,0
DA:129,0
DA:130,0
DA:132,0
DA:133,0
DA:136,0
DA:137,0
DA:141,0
DA:143,0
DA:144,0
DA:147,0
DA:148,0
DA:150,0
DA:155,0
DA:156,0
DA:157,0
DA:158,0
DA:159,0
DA:163,0
DA:164,0
DA:165,0
DA:168,0
DA:170,0
DA:171,0
DA:172,0
DA:173,0
DA:175,0
DA:176,0
DA:179,0
DA:180,0
DA:183,0
DA:187,0
DA:188,0
DA:190,0
DA:192,0
DA:193,0
DA:194,0
DA:196,0
DA:199,0
DA:200,0
DA:202,0
DA:203,0
DA:205,0
DA:206,0
DA:208,0
DA:209,0
DA:212,0
DA:215,0
DA:216,0
DA:217,0
DA:218,0
DA:220,0
DA:224,0
DA:225,0
DA:227,0
DA:228,0
DA:232,0
DA:233,0
DA:245,0
DA:246,0
DA:248,0
DA:251,0
DA:252,0
DA:254,0
DA:255,0
DA:256,0
DA:257,0
DA:259,0
DA:261,0
DA:262,0
DA:264,0
DA:266,0
DA:267,0
DA:270,0
DA:271,0
DA:274,0
DA:277,0
DA:278,0
DA:279,0
DA:281,0
DA:282,0
DA:285,0
DA:287,0
DA:288,0
DA:290,0
DA:293,0
DA:294,0
DA:295,0
DA:296,0
DA:298,0
DA:299,0
DA:301,0
DA:302,0
DA:303,0
DA:304,0
DA:306,0
DA:307,0
DA:308,0
DA:309,0
DA:310,0
DA:311,0
DA:313,0
DA:314,0
DA:315,0
DA:317,0
DA:318,0
DA:319,0
DA:321,0
DA:322,0
DA:326,0
DA:327,0
DA:332,0
DA:334,0
DA:336,0
DA:337,0
DA:339,0
DA:341,1
DA:342,0
DA:343,0
DA:344,0
DA:346,0
DA:350,1
DA:351,0
DA:353,0
DA:354,0
DA:357,0
DA:358,0
DA:359,0
DA:360,0
DA:361,0
DA:362,0
DA:363,0
DA:364,0
DA:365,0
DA:368,0
DA:371,1
DA:372,0
DA:373,0
DA:374,0
DA:376,0
DA:377,0
DA:378,0
DA:379,0
DA:380,0
DA:383,0
DA:385,0
DA:391,1
DA:392,0
DA:394,0
DA:395,0
DA:397,0
DA:398,0
DA:399,0
DA:401,0
DA:402,0
DA:404,0
DA:405,0
DA:409,0
DA:410,0
DA:412,0
DA:413,0
DA:419,1
DA:420,0
DA:422,0
DA:423,0
DA:424,0
DA:427,0
DA:430,1
DA:431,0
DA:432,0
DA:441,1
DA:442,0
DA:443,0
DA:452,1
DA:453,0
DA:454,0
DA:457,0
DA:458,0
DA:460,0
DA:461,0
DA:465,0
DA:466,0
DA:467,0
DA:468,0
DA:474,0
DA:475,0
DA:477,0
DA:478,0
DA:480,0
DA:482,0
DA:483,0
DA:484,0
DA:486,0
DA:487,0
DA:488,0
DA:490,0
DA:491,0
DA:492,0
DA:494,0
DA:495,0
DA:496,0
DA:498,0
DA:502,0
DA:503,0
DA:505,0
DA:508,0
DA:509,0
DA:510,0
DA:511,0
DA:514,0
LF:282
LH:14
BRDA:35,1,0,0
BRDA:35,1,1,0
BRDA:37,2,0,0
BRDA:37,2,1,0
BRDA:37,3,0,0
BRDA:37,3,1,0
BRDA:42,4,0,0
BRDA:42,4,1,0
BRDA:53,5,0,0
BRDA:53,5,1,0
BRDA:55,6,0,0
BRDA:55,6,1,0
BRDA:57,7,0,0
BRDA:57,7,1,0
BRDA:59,8,0,0
BRDA:59,8,1,0
BRDA:61,9,0,0
BRDA:61,9,1,0
BRDA:63,10,0,0
BRDA:63,10,1,0
BRDA:65,11,0,0
BRDA:65,11,1,0
BRDA:67,12,0,0
BRDA:67,12,1,0
BRDA:69,13,0,0
BRDA:69,13,1,0
BRDA:79,14,0,0
BRDA:79,14,1,0
BRDA:90,15,0,0
BRDA:90,15,1,0
BRDA:90,16,0,0
BRDA:90,16,1,0
BRDA:90,16,2,0
BRDA:90,16,3,0
BRDA:92,17,0,0
BRDA:92,17,1,0
BRDA:92,17,2,0
BRDA:93,18,0,0
BRDA:93,18,1,0
BRDA:93,18,2,0
BRDA:94,19,0,0
BRDA:94,19,1,0
BRDA:94,19,2,0
BRDA:95,20,0,0
BRDA:95,20,1,0
BRDA:95,20,2,0
BRDA:107,21,0,0
BRDA:107,21,1,0
BRDA:116,22,0,0
BRDA:116,22,1,0
BRDA:116,23,0,0
BRDA:116,23,1,0
BRDA:118,24,0,0
BRDA:118,24,1,0
BRDA:119,25,0,0
BRDA:119,25,1,0
BRDA:128,26,0,0
BRDA:128,26,1,0
BRDA:129,27,0,0
BRDA:129,27,1,0
BRDA:132,28,0,0
BRDA:132,28,1,0
BRDA:136,29,0,0
BRDA:136,29,1,0
BRDA:143,30,0,0
BRDA:143,30,1,0
BRDA:147,31,0,0
BRDA:147,31,1,0
BRDA:147,32,0,0
BRDA:147,32,1,0
BRDA:147,32,2,0
BRDA:147,32,3,0
BRDA:156,33,0,0
BRDA:156,33,1,0
BRDA:164,34,0,0
BRDA:164,34,1,0
BRDA:170,35,0,0
BRDA:170,35,1,0
BRDA:171,36,0,0
BRDA:171,36,1,0
BRDA:175,37,0,0
BRDA:175,37,1,0
BRDA:176,38,0,0
BRDA:176,38,1,0
BRDA:216,39,0,0
BRDA:216,39,1,0
BRDA:227,40,0,0
BRDA:227,40,1,0
BRDA:254,41,0,0
BRDA:254,41,1,0
BRDA:266,42,0,0
BRDA:266,42,1,0
BRDA:266,43,0,0
BRDA:266,43,1,0
BRDA:267,44,0,0
BRDA:267,44,1,0
BRDA:279,45,0,0
BRDA:279,45,1,0
BRDA:309,46,0,0
BRDA:309,46,1,0
BRDA:313,47,0,0
BRDA:313,47,1,0
BRDA:317,48,0,0
BRDA:317,48,1,0
BRDA:317,49,0,0
BRDA:317,49,1,0
BRDA:326,50,0,0
BRDA:326,50,1,0
BRDA:326,51,0,0
BRDA:326,51,1,0
BRDA:343,52,0,0
BRDA:343,52,1,0
BRDA:343,53,0,0
BRDA:343,53,1,0
BRDA:353,54,0,0
BRDA:353,54,1,0
BRDA:353,55,0,0
BRDA:353,55,1,0
BRDA:401,56,0,0
BRDA:401,56,1,0
BRDA:409,57,0,0
BRDA:409,57,1,0
BRDA:423,58,0,0
BRDA:423,58,1,0
BRDA:424,59,0,0
BRDA:424,59,1,0
BRDA:453,60,0,0
BRDA:453,60,1,0
BRDA:457,61,0,0
BRDA:457,61,1,0
BRDA:457,62,0,0
BRDA:457,62,1,0
BRDA:467,63,0,0
BRDA:467,63,1,0
BRDA:467,64,0,0
BRDA:467,64,1,0
BRDA:467,64,2,0
BRDA:467,64,3,0
BRDA:480,65,0,0
BRDA:480,65,1,0
BRDA:480,65,2,0
BRDA:480,65,3,0
BRF:142
BRH:0
end_of_record
TN:
SF:/Users/joaofurriel/Documents/Estudo/MIEIC/Ano3/ESOF/pdfmake-1/src/documentContext.js
FN:10,DocumentContext
FN:29,(anonymous_2)
FN:44,(anonymous_3)
FN:59,(anonymous_4)
FN:68,(anonymous_5)
FN:77,(anonymous_6)
FN:88,(anonymous_7)
FN:102,(anonymous_8)
FN:107,(anonymous_9)
FN:114,(anonymous_10)
FN:120,(anonymous_11)
FN:128,(anonymous_12)
FN:139,(anonymous_13)
FN:151,(anonymous_14)
FN:163,pageOrientation
FN:173,(anonymous_16)
FN:194,(anonymous_17)
FN:217,(anonymous_18)
FN:228,(anonymous_19)
FN:234,(anonymous_20)
FN:251,bottomMostContext
FNF:21
FNH:0
FNDA:0,DocumentContext
FNDA:0,(anonymous_2)
FNDA:0,(anonymous_3)
FNDA:0,(anonymous_4)
FNDA:0,(anonymous_5)
FNDA:0,(anonymous_6)
FNDA:0,(anonymous_7)
FNDA:0,(anonymous_8)
FNDA:0,(anonymous_9)
FNDA:0,(anonymous_10)
FNDA:0,(anonymous_11)
FNDA:0,(anonymous_12)
FNDA:0,(anonymous_13)
FNDA:0,(anonymous_14)
FNDA:0,pageOrientation
FNDA:0,(anonymous_16)
FNDA:0,(anonymous_17)
FNDA:0,(anonymous_18)
FNDA:0,(anonymous_19)
FNDA:0,(anonymous_20)
FNDA:0,bottomMostContext
DA:4,0
DA:10,1
DA:11,0
DA:13,0
DA:15,0
DA:16,0
DA:17,0
DA:18,0
DA:20,0
DA:22,0
DA:24,0
DA:26,0
DA:29,0
DA:30,0
DA:41,0
DA:44,0
DA:45,0
DA:47,0
DA:49,0
DA:50,0
DA:51,0
DA:52,0
DA:53,0
DA:54,0
DA:56,0
DA:59,0
DA:60,0
DA:61,0
DA:62,0
DA:64,0
DA:68,0
DA:69,0
DA:70,0
DA:71,0
DA:72,0
DA:73,0
DA:74,0
DA:77,0
DA:78,0
DA:88,0
DA:89,0
DA:91,0
DA:93,0
DA:94,0
DA:95,0
DA:96,0
DA:97,0
DA:98,0
DA:99,0
DA:102,0
DA:103,0
DA:104,0
DA:107,0
DA:108,0
DA:109,0
DA:111,0
DA:114,0
DA:115,0
DA:116,0
DA:117,0
DA:120,0
DA:121,0
DA:122,0
DA:124,0
DA:128,0
DA:129,0
DA:130,0
DA:131,0
DA:133,0
DA:134,0
DA:135,0
DA:139,0
DA:140,0
DA:151,0
DA:152,0
DA:154,0
DA:155,0
DA:156,0
DA:157,0
DA:158,0
DA:159,0
DA:160,0
DA:163,1
DA:164,0
DA:165,0
DA:166,0
DA:167,0
DA:169,0
DA:173,0
DA:175,0
DA:177,0
DA:178,0
DA:184,0
DA:194,0
DA:195,0
DA:197,0
DA:198,0
DA:200,0
DA:201,0
DA:202,0
DA:204,0
DA:205,0
DA:208,0
DA:217,0
DA:218,0
DA:219,0
DA:220,0
DA:221,0
DA:223,0
DA:225,0
DA:228,0
DA:229,0
DA:231,0
DA:234,0
DA:235,0
DA:236,0
DA:237,0
DA:239,0
DA:251,1
DA:252,0
DA:254,0
DA:255,0
DA:256,0
DA:258,0
DA:271,0
LF:125
LH:3
BRDA:51,1,0,0
BRDA:51,1,1,0
BRDA:60,2,0,0
BRDA:60,2,1,0
BRDA:104,3,0,0
BRDA:104,3,1,0
BRDA:121,4,0,0
BRDA:121,4,1,0
BRDA:129,5,0,0
BRDA:129,5,1,0
BRDA:129,6,0,0
BRDA:129,6,1,0
BRDA:133,7,0,0
BRDA:133,7,1,0
BRDA:133,8,0,0
BRDA:133,8,1,0
BRDA:164,9,0,0
BRDA:164,9,1,0
BRDA:166,10,0,0
BRDA:166,10,1,0
BRDA:177,11,0,0
BRDA:177,11,1,0
BRDA:201,12,0,0
BRDA:201,12,1,0
BRDA:229,13,0,0
BRDA:229,13,1,0
BRDA:229,14,0,0
BRDA:229,14,1,0
BRDA:254,15,0,0
BRDA:254,15,1,0
BRDA:255,16,0,0
BRDA:255,16,1,0
BRDA:256,17,0,0
BRDA:256,17,1,0
BRF:34
BRH:0
end_of_record
TN:
SF:/Users/joaofurriel/Documents/Estudo/MIEIC/Ano3/ESOF/pdfmake-1/src/elementWriter.js
FN:13,ElementWriter
FN:19,addPageItem
FN:27,(anonymous_3)
FN:53,(anonymous_4)
FN:87,(anonymous_5)
FN:111,(anonymous_6)
FN:137,(anonymous_7)
FN:155,(anonymous_8)
FN:170,cloneLine
FN:182,(anonymous_10)
FN:188,(anonymous_11)
FN:238,(anonymous_12)
FN:252,(anonymous_13)
FN:256,(anonymous_14)
FNF:14
FNH:0
FNDA:0,ElementWriter
FNDA:0,addPageItem
FNDA:0,(anonymous_3)
FNDA:0,(anonymous_4)
FNDA:0,(anonymous_5)
FNDA:0,(anonymous_6)
FNDA:0,(anonymous_7)
FNDA:0,(anonymous_8)
FNDA:0,cloneLine
FNDA:0,(anonymous_10)
FNDA:0,(anonymous_11)
FNDA:0,(anonymous_12)
FNDA:0,(anonymous_13)
FNDA:0,(anonymous_14)
DA:4,0
DA:5,0
DA:6,0
DA:7,0
DA:13,1
DA:14,0
DA:15,0
DA:16,0
DA:19,1
DA:20,0
DA:21,0
DA:23,0
DA:27,0
DA:28,0
DA:29,0
DA:30,0
DA:33,0
DA:34,0
DA:37,0
DA:38,0
DA:40,0
DA:42,0
DA:46,0
DA:48,0
DA:50,0
DA:53,0
DA:54,0
DA:55,0
DA:57,0
DA:59,0
DA:60,0
DA:62,0
DA:63,0
DA:65,0
DA:66,0
DA:69,0
DA:70,0
DA:73,0
DA:77,0
DA:79,0
DA:80,0
DA:82,0
DA:87,0
DA:88,0
DA:89,0
DA:92,0
DA:93,0
DA:96,0
DA:97,0
DA:99,0
DA:101,0
DA:106,0
DA:108,0
DA:111,0
DA:112,0
DA:113,0
DA:116,0
DA:117,0
DA:120,0
DA:121,0
DA:123,0
DA:125,0
DA:126,0
DA:127,0
DA:128,0
DA:129,0
DA:132,0
DA:134,0
DA:137,0
DA:138,0
DA:139,0
DA:140,0
DA:141,0
DA:143,0
DA:144,0
DA:146,0
DA:147,0
DA:150,0
DA:151,0
DA:155,0
DA:156,0
DA:157,0
DA:160,0
DA:161,0
DA:162,0
DA:166,0
DA:170,1
DA:171,0
DA:173,0
DA:174,0
DA:175,0
DA:179,0
DA:182,0
DA:183,0
DA:184,0
DA:186,0
DA:188,0
DA:189,0
DA:191,0
DA:193,0
DA:194,0
DA:196,0
DA:200,0
DA:203,0
DA:205,0
DA:206,0
DA:210,0
DA:213,0
DA:215,0
DA:216,0
DA:218,0
DA:222,0
DA:226,0
DA:228,0
DA:238,0
DA:239,0
DA:240,0
DA:241,0
DA:244,0
DA:245,0
DA:248,0
DA:249,0
DA:252,0
DA:253,0
DA:256,0
DA:257,0
DA:261,0
LF:127
LH:3
BRDA:20,1,0,0
BRDA:20,1,1,0
BRDA:20,2,0,0
BRDA:20,2,1,0
BRDA:20,2,2,0
BRDA:20,2,3,0
BRDA:33,3,0,0
BRDA:33,3,1,0
BRDA:33,4,0,0
BRDA:33,4,1,0
BRDA:37,5,0,0
BRDA:37,5,1,0
BRDA:38,6,0,0
BRDA:38,6,1,0
BRDA:48,7,0,0
BRDA:48,7,1,0
BRDA:57,8,0,0
BRDA:57,8,1,0
BRDA:57,8,2,0
BRDA:60,9,0,0
BRDA:60,9,1,0
BRDA:69,10,0,0
BRDA:69,10,1,0
BRDA:70,11,0,0
BRDA:70,11,1,0
BRDA:73,12,0,0
BRDA:73,12,1,0
BRDA:73,13,0,0
BRDA:73,13,1,0
BRDA:73,13,2,0
BRDA:73,13,3,0
BRDA:92,14,0,0
BRDA:92,14,1,0
BRDA:92,15,0,0
BRDA:92,15,1,0
BRDA:96,16,0,0
BRDA:96,16,1,0
BRDA:116,17,0,0
BRDA:116,17,1,0
BRDA:116,18,0,0
BRDA:116,18,1,0
BRDA:120,19,0,0
BRDA:120,19,1,0
BRDA:141,20,0,0
BRDA:141,20,1,0
BRDA:150,21,0,0
BRDA:150,21,1,0
BRDA:151,22,0,0
BRDA:151,22,1,0
BRDA:160,23,0,0
BRDA:160,23,1,0
BRDA:161,24,0,0
BRDA:161,24,1,0
BRDA:161,25,0,0
BRDA:161,25,1,0
BRDA:174,26,0,0
BRDA:174,26,1,0
BRDA:186,27,0,0
BRDA:186,27,1,0
BRDA:186,28,0,0
BRDA:186,28,1,0
BRDA:189,29,0,0
BRDA:189,29,1,0
BRDA:189,29,2,0
BRDA:193,30,0,0
BRDA:193,30,1,0
BRDA:193,31,0,0
BRDA:193,31,1,0
BRDA:193,32,0,0
BRDA:193,32,1,0
BRDA:194,33,0,0
BRDA:194,33,1,0
BRDA:194,34,0,0
BRDA:194,34,1,0
BRDA:194,35,0,0
BRDA:194,35,1,0
BRDA:205,36,0,0
BRDA:205,36,1,0
BRDA:205,37,0,0
BRDA:205,37,1,0
BRDA:205,38,0,0
BRDA:205,38,1,0
BRDA:205,39,0,0
BRDA:205,39,1,0
BRDA:215,40,0,0
BRDA:215,40,1,0
BRDA:215,41,0,0
BRDA:215,41,1,0
BRDA:215,42,0,0
BRDA:215,42,1,0
BRDA:216,43,0,0
BRDA:216,43,1,0
BRDA:216,44,0,0
BRDA:216,44,1,0
BRDA:216,45,0,0
BRDA:216,45,1,0
BRDA:226,46,0,0
BRDA:226,46,1,0
BRDA:239,47,0,0
BRDA:239,47,1,0
BRDA:244,48,0,0
BRDA:244,48,1,0
BRDA:244,49,0,0
BRDA:244,49,1,0
BRDA:257,50,0,0
BRDA:257,50,1,0
BRF:106
BRH:0
end_of_record
TN:
SF:/Users/joaofurriel/Documents/Estudo/MIEIC/Ano3/ESOF/pdfmake-1/src/fontProvider.js
FN:9,typeName
FN:17,FontProvider
FN:36,(anonymous_3)
FN:51,(anonymous_4)
FN:54,(anonymous_5)
FN:55,(anonymous_6)
FN:56,(anonymous_7)
FNF:7
FNH:0
FNDA:0,typeName
FNDA:0,FontProvider
FNDA:0,(anonymous_3)
FNDA:0,(anonymous_4)
FNDA:0,(anonymous_5)
FNDA:0,(anonymous_6)
FNDA:0,(anonymous_7)
DA:4,0
DA:5,0
DA:7,0
DA:9,1
DA:10,0
DA:11,0
DA:12,0
DA:13,0
DA:14,0
DA:17,1
DA:18,0
DA:19,0
DA:20,0
DA:22,0
DA:23,0
DA:24,0
DA:26,0
DA:36,0
DA:37,0
DA:38,0
DA:39,0
DA:42,0
DA:44,0
DA:45,0
DA:48,0
DA:51,0
DA:52,0
DA:54,0
DA:55,0
DA:56,0
DA:57,0
DA:58,0
DA:65,0
LF:33
LH:2
BRDA:11,1,0,0
BRDA:11,1,1,0
BRDA:11,2,0,0
BRDA:11,2,1,0
BRDA:12,3,0,0
BRDA:12,3,1,0
BRDA:13,4,0,0
BRDA:13,4,1,0
BRDA:23,5,0,0
BRDA:23,5,1,0
BRDA:38,6,0,0
BRDA:38,6,1,0
BRDA:38,7,0,0
BRDA:38,7,1,0
BRDA:42,8,0,0
BRDA:42,8,1,0
BRDA:44,9,0,0
BRDA:44,9,1,0
BRDA:57,10,0,0
BRDA:57,10,1,0
BRF:20
BRH:0
end_of_record
TN:
SF:/Users/joaofurriel/Documents/Estudo/MIEIC/Ano3/ESOF/pdfmake-1/src/fontWrapper.js
FN:8,FontWrapper
FN:18,(anonymous_2)
FN:24,(anonymous_3)
FN:33,(anonymous_4)
FN:52,(anonymous_5)
FN:57,(anonymous_6)
FN:62,(anonymous_7)
FN:67,(anonymous_8)
FN:71,(anonymous_9)
FN:80,(anonymous_10)
FN:94,(anonymous_11)
FN:100,(anonymous_12)
FNF:12
FNH:0
FNDA:0,FontWrapper
FNDA:0,(anonymous_2)
FNDA:0,(anonymous_3)
FNDA:0,(anonymous_4)
FNDA:0,(anonymous_5)
FNDA:0,(anonymous_6)
FNDA:0,(anonymous_7)
FNDA:0,(anonymous_8)
FNDA:0,(anonymous_9)
FNDA:0,(anonymous_10)
FNDA:0,(anonymous_11)
FNDA:0,(anonymous_12)
DA:4,0
DA:6,0
DA:8,1
DA:9,0
DA:11,0
DA:12,0
DA:13,0
DA:14,0
DA:15,0
DA:17,0
DA:19,0
DA:20,0
DA:23,0
DA:25,0
DA:26,0
DA:33,0
DA:34,0
DA:36,0
DA:38,0
DA:39,0
DA:42,0
DA:43,0
DA:44,0
DA:48,0
DA:52,0
DA:53,0
DA:54,0
DA:57,0
DA:58,0
DA:59,0
DA:62,0
DA:63,0
DA:64,0
DA:67,0
DA:68,0
DA:71,0
DA:72,0
DA:74,0
DA:75,0
DA:76,0
DA:80,0
DA:81,0
DA:84,0
DA:86,0
DA:87,0
DA:88,0
DA:91,0
DA:92,0
DA:94,0
DA:95,0
DA:96,0
DA:100,0
DA:101,0
DA:104,0
DA:111,0
LF:55
LH:1
BRDA:34,1,0,0
BRDA:34,1,1,0
BRDA:38,2,0,0
BRDA:38,2,1,0
BRDA:43,3,0,0
BRDA:43,3,1,0
BRDA:75,4,0,0
BRDA:75,4,1,0
BRDA:86,5,0,0
BRDA:86,5,1,0
BRDA:95,6,0,0
BRDA:95,6,1,0
BRF:12
BRH:0
end_of_record
TN:
SF:/Users/joaofurriel/Documents/Estudo/MIEIC/Ano3/ESOF/pdfmake-1/src/helpers.js
FN:4,pack
FN:22,offsetVector
FN:44,fontStringify
FN:51,isFunction
FNF:4
FNH:0
FNDA:0,pack
FNDA:0,offsetVector
FNDA:0,fontStringify
FNDA:0,isFunction
DA:4,1
DA:5,0
DA:7,0
DA:8,0
DA:10,0
DA:11,0
DA:12,0
DA:13,0
DA:19,0
DA:22,1
DA:23,0
DA:26,0
DA:27,0
DA:28,0
DA:30,0
DA:31,0
DA:32,0
DA:33,0
DA:34,0
DA:36,0
DA:37,0
DA:38,0
DA:40,0
DA:44,1
DA:45,0
DA:46,0
DA:48,0
DA:51,1
DA:52,0
DA:53,0
DA:57,0
LF:31
LH:4
BRDA:10,1,0,0
BRDA:10,1,1,0
BRDA:12,2,0,0
BRDA:12,2,1,0
BRDA:23,3,0,0
BRDA:23,3,1,0
BRDA:23,3,2,0
BRDA:23,3,3,0
BRDA:45,4,0,0
BRDA:45,4,1,0
BRDA:53,5,0,0
BRDA:53,5,1,0
BRF:12
BRH:0
end_of_record
TN:
SF:/Users/joaofurriel/Documents/Estudo/MIEIC/Ano3/ESOF/pdfmake-1/src/imageMeasure.js
FN:7,ImageMeasure
FN:12,(anonymous_2)
FN:27,realImageSrc
FNF:3
FNH:0
FNDA:0,ImageMeasure
FNDA:0,(anonymous_2)
FNDA:0,realImageSrc
DA:4,0
DA:5,0
DA:7,1
DA:8,0
DA:9,0
DA:12,0
DA:13,0
DA:14,0
DA:16,0
DA:17,0
DA:18,0
DA:19,0
DA:20,0
DA:22,0
DA:25,0
DA:27,1
DA:28,0
DA:30,0
DA:32,0
DA:33,0
DA:34,0
DA:37,0
DA:41,0
LF:23
LH:2
BRDA:9,1,0,0
BRDA:9,1,1,0
BRDA:16,2,0,0
BRDA:16,2,1,0
BRDA:30,3,0,0
BRDA:30,3,1,0
BRDA:33,4,0,0
BRDA:33,4,1,0
BRF:8
BRH:0
end_of_record
TN:
SF:/Users/joaofurriel/Documents/Estudo/MIEIC/Ano3/ESOF/pdfmake-1/src/layoutBuilder.js
FN:19,addAll
FN:20,(anonymous_2)
FN:32,LayoutBuilder
FN:40,(anonymous_4)
FN:54,(anonymous_5)
FN:56,addPageBreaksIfNecessary
FN:62,(anonymous_7)
FN:66,(anonymous_8)
FN:80,(anonymous_9)
FN:85,(anonymous_10)
FN:89,(anonymous_11)
FN:93,(anonymous_12)
FN:111,resetXYs
FN:112,(anonymous_14)
FN:126,(anonymous_15)
FN:135,(anonymous_16)
FN:150,(anonymous_17)
FN:151,(anonymous_18)
FN:163,(anonymous_19)
FN:164,(anonymous_20)
FN:167,(anonymous_21)
FN:184,(anonymous_22)
FN:185,(anonymous_23)
FN:194,(anonymous_24)
FN:216,(anonymous_25)
FN:229,getSize
FN:267,decorateNode
FN:271,(anonymous_28)
FN:273,(anonymous_29)
FN:283,(anonymous_30)
FN:286,(anonymous_31)
FN:292,(anonymous_32)
FN:298,(anonymous_33)
FN:332,applyMargins
FN:358,(anonymous_35)
FN:360,(anonymous_36)
FN:369,(anonymous_37)
FN:381,gapArray
FN:395,(anonymous_39)
FN:399,(anonymous_40)
FN:430,storePageBreakData
FN:449,colLeftOffset
FN:454,getEndingCell
FN:466,(anonymous_44)
FN:474,(anonymous_45)
FN:475,(anonymous_46)
FN:484,addMarkerToFirstLeaf
FN:508,(anonymous_48)
FN:526,(anonymous_49)
FN:541,(anonymous_50)
FN:556,(anonymous_51)
FN:561,(anonymous_52)
FN:571,(anonymous_53)
FN:579,(anonymous_54)
FNF:54
FNH:0
FNDA:0,addAll
FNDA:0,(anonymous_2)
FNDA:0,LayoutBuilder
FNDA:0,(anonymous_4)
FNDA:0,(anonymous_5)
FNDA:0,addPageBreaksIfNecessary
FNDA:0,(anonymous_7)
FNDA:0,(anonymous_8)
FNDA:0,(anonymous_9)
FNDA:0,(anonymous_10)
FNDA:0,(anonymous_11)
FNDA:0,(anonymous_12)
FNDA:0,resetXYs
FNDA:0,(anonymous_14)
FNDA:0,(anonymous_15)
FNDA:0,(anonymous_16)
FNDA:0,(anonymous_17)
FNDA:0,(anonymous_18)
FNDA:0,(anonymous_19)
FNDA:0,(anonymous_20)
FNDA:0,(anonymous_21)
FNDA:0,(anonymous_22)
FNDA:0,(anonymous_23)
FNDA:0,(anonymous_24)
FNDA:0,(anonymous_25)
FNDA:0,getSize
FNDA:0,decorateNode
FNDA:0,(anonymous_28)
FNDA:0,(anonymous_29)
FNDA:0,(anonymous_30)
FNDA:0,(anonymous_31)
FNDA:0,(anonymous_32)
FNDA:0,(anonymous_33)
FNDA:0,applyMargins
FNDA:0,(anonymous_35)
FNDA:0,(anonymous_36)
FNDA:0,(anonymous_37)
FNDA:0,gapArray
FNDA:0,(anonymous_39)
FNDA:0,(anonymous_40)
FNDA:0,storePageBreakData
FNDA:0,colLeftOffset
FNDA:0,getEndingCell
FNDA:0,(anonymous_44)
FNDA:0,(anonymous_45)
FNDA:0,(anonymous_46)
FNDA:0,addMarkerToFirstLeaf
FNDA:0,(anonymous_48)
FNDA:0,(anonymous_49)
FNDA:0,(anonymous_50)
FNDA:0,(anonymous_51)
FNDA:0,(anonymous_52)
FNDA:0,(anonymous_53)
FNDA:0,(anonymous_54)
DA:4,0
DA:5,0
DA:6,0
DA:7,0
DA:8,0
DA:9,0
DA:10,0
DA:11,0
DA:12,0
DA:13,0
DA:14,0
DA:15,0
DA:16,0
DA:17,0
DA:19,1
DA:20,0
DA:21,0
DA:32,1
DA:33,0
DA:34,0
DA:35,0
DA:36,0
DA:37,0
DA:40,0
DA:41,0
DA:54,0
DA:56,1
DA:58,0
DA:59,0
DA:62,0
DA:63,0
DA:66,0
DA:67,0
DA:72,0
DA:73,0
DA:74,0
DA:75,0
DA:77,0
DA:80,0
DA:81,0
DA:82,0
DA:83,0
DA:85,0
DA:86,0
DA:89,0
DA:90,0
DA:93,0
DA:94,0
DA:97,0
DA:101,0
DA:102,0
DA:108,0
DA:111,1
DA:112,0
DA:113,0
DA:117,0
DA:118,0
DA:119,0
DA:120,0
DA:123,0
DA:126,0
DA:128,0
DA:129,0
DA:131,0
DA:134,0
DA:135,0
DA:136,0
DA:139,0
DA:140,0
DA:141,0
DA:143,0
DA:144,0
DA:146,0
DA:150,0
DA:151,0
DA:153,0
DA:155,0
DA:156,0
DA:157,0
DA:158,0
DA:159,0
DA:163,0
DA:164,0
DA:167,0
DA:168,0
DA:170,0
DA:171,0
DA:173,0
DA:175,0
DA:176,0
DA:177,0
DA:178,0
DA:179,0
DA:184,0
DA:185,0
DA:186,0
DA:194,0
DA:195,0
DA:203,0
DA:204,0
DA:205,0
DA:206,0
DA:209,0
DA:210,0
DA:211,0
DA:212,0
DA:216,0
DA:217,0
DA:218,0
DA:224,0
DA:225,0
DA:226,0
DA:229,1
DA:230,0
DA:231,0
DA:232,0
DA:233,0
DA:234,0
DA:235,0
DA:242,0
DA:243,0
DA:244,0
DA:245,0
DA:246,0
DA:249,0
DA:250,0
DA:251,0
DA:252,0
DA:254,0
DA:255,0
DA:256,0
DA:258,0
DA:263,0
DA:267,1
DA:268,0
DA:269,0
DA:271,0
DA:272,0
DA:273,0
DA:274,0
DA:275,0
DA:276,0
DA:277,0
DA:278,0
DA:279,0
DA:283,0
DA:284,0
DA:285,0
DA:286,0
DA:287,0
DA:292,0
DA:293,0
DA:295,0
DA:296,0
DA:298,0
DA:299,0
DA:300,0
DA:301,0
DA:302,0
DA:305,0
DA:306,0
DA:307,0
DA:308,0
DA:309,0
DA:310,0
DA:311,0
DA:312,0
DA:313,0
DA:314,0
DA:315,0
DA:316,0
DA:317,0
DA:318,0
DA:319,0
DA:320,0
DA:321,0
DA:322,0
DA:323,0
DA:324,0
DA:327,0
DA:328,0
DA:332,1
DA:333,0
DA:335,0
DA:336,0
DA:339,0
DA:340,0
DA:341,0
DA:344,0
DA:346,0
DA:347,0
DA:348,0
DA:351,0
DA:352,0
DA:358,0
DA:359,0
DA:360,0
DA:361,0
DA:362,0
DA:369,0
DA:370,0
DA:371,0
DA:372,0
DA:374,0
DA:376,0
DA:377,0
DA:378,0
DA:381,1
DA:382,0
DA:384,0
DA:385,0
DA:387,0
DA:388,0
DA:391,0
DA:395,0
DA:396,0
DA:397,0
DA:399,0
DA:400,0
DA:402,0
DA:404,0
DA:405,0
DA:406,0
DA:407,0
DA:409,0
DA:410,0
DA:411,0
DA:415,0
DA:416,0
DA:417,0
DA:418,0
DA:419,0
DA:421,0
DA:425,0
DA:428,0
DA:430,1
DA:431,0
DA:433,0
DA:434,0
DA:435,0
DA:436,0
DA:437,0
DA:441,0
DA:442,0
DA:443,0
DA:445,0
DA:446,0
DA:449,1
DA:450,0
DA:451,0
DA:454,1
DA:455,0
DA:456,0
DA:457,0
DA:458,0
DA:461,0
DA:466,0
DA:467,0
DA:471,0
DA:473,0
DA:474,0
DA:475,0
DA:476,0
DA:477,0
DA:478,0
DA:482,0
DA:484,1
DA:487,0
DA:488,0
DA:489,0
DA:491,0
DA:492,0
DA:494,0
DA:495,0
DA:497,0
DA:498,0
DA:499,0
DA:500,0
DA:501,0
DA:508,0
DA:509,0
DA:511,0
DA:513,0
DA:514,0
DA:516,0
DA:517,0
DA:519,0
DA:522,0
DA:526,0
DA:527,0
DA:528,0
DA:529,0
DA:531,0
DA:532,0
DA:533,0
DA:534,0
DA:535,0
DA:536,0
DA:541,0
DA:542,0
DA:544,0
DA:546,0
DA:547,0
DA:550,0
DA:552,0
DA:556,0
DA:557,0
DA:558,0
DA:561,0
DA:562,0
DA:564,0
DA:568,0
DA:571,0
DA:572,0
DA:573,0
DA:576,0
DA:579,0
DA:580,0
DA:581,0
DA:584,0
LF:320
LH:12
BRDA:58,1,0,0
BRDA:58,1,1,0
BRDA:81,2,0,0
BRDA:81,2,1,0
BRDA:81,3,0,0
BRDA:81,3,1,0
BRDA:97,4,0,0
BRDA:97,4,1,0
BRDA:143,5,0,0
BRDA:143,5,1,0
BRDA:151,6,0,0
BRDA:151,6,1,0
BRDA:155,7,0,0
BRDA:155,7,1,0
BRDA:175,8,0,0
BRDA:175,8,1,0
BRDA:203,9,0,0
BRDA:203,9,1,0
BRDA:205,10,0,0
BRDA:205,10,1,0
BRDA:209,11,0,0
BRDA:209,11,1,0
BRDA:211,12,0,0
BRDA:211,12,1,0
BRDA:250,13,0,0
BRDA:250,13,1,0
BRDA:254,14,0,0
BRDA:254,14,1,0
BRDA:300,15,0,0
BRDA:300,15,1,0
BRDA:302,16,0,0
BRDA:302,16,1,0
BRDA:302,17,0,0
BRDA:302,17,1,0
BRDA:305,18,0,0
BRDA:305,18,1,0
BRDA:307,19,0,0
BRDA:307,19,1,0
BRDA:309,20,0,0
BRDA:309,20,1,0
BRDA:311,21,0,0
BRDA:311,21,1,0
BRDA:313,22,0,0
BRDA:313,22,1,0
BRDA:315,23,0,0
BRDA:315,23,1,0
BRDA:317,24,0,0
BRDA:317,24,1,0
BRDA:319,25,0,0
BRDA:319,25,1,0
BRDA:321,26,0,0
BRDA:321,26,1,0
BRDA:323,27,0,0
BRDA:323,27,1,0
BRDA:327,28,0,0
BRDA:327,28,1,0
BRDA:335,29,0,0
BRDA:335,29,1,0
BRDA:339,30,0,0
BRDA:339,30,1,0
BRDA:346,31,0,0
BRDA:346,31,1,0
BRDA:351,32,0,0
BRDA:351,32,1,0
BRDA:374,33,0,0
BRDA:374,33,1,0
BRDA:382,34,0,0
BRDA:382,34,1,0
BRDA:400,35,0,0
BRDA:400,35,1,0
BRDA:409,36,0,0
BRDA:409,36,1,0
BRDA:409,37,0,0
BRDA:409,37,1,0
BRDA:416,38,0,0
BRDA:416,38,1,0
BRDA:419,39,0,0
BRDA:419,39,1,0
BRDA:435,40,0,0
BRDA:435,40,1,0
BRDA:441,41,0,0
BRDA:441,41,1,0
BRDA:450,42,0,0
BRDA:450,42,1,0
BRDA:450,43,0,0
BRDA:450,43,1,0
BRDA:455,44,0,0
BRDA:455,44,1,0
BRDA:455,45,0,0
BRDA:455,45,1,0
BRDA:457,46,0,0
BRDA:457,46,1,0
BRDA:468,47,0,0
BRDA:468,47,1,0
BRDA:487,48,0,0
BRDA:487,48,1,0
BRDA:491,49,0,0
BRDA:491,49,1,0
BRDA:528,50,0,0
BRDA:528,50,1,0
BRDA:529,51,0,0
BRDA:529,51,1,0
BRDA:531,52,0,0
BRDA:531,52,1,0
BRDA:531,52,2,0
BRDA:535,53,0,0
BRDA:535,53,1,0
BRDA:542,54,0,0
BRDA:542,54,1,0
BRDA:542,55,0,0
BRDA:542,55,1,0
BRDA:546,56,0,0
BRDA:546,56,1,0
BRDA:546,56,2,0
BRDA:564,57,0,0
BRDA:564,57,1,0
BRF:116
BRH:0
end_of_record
TN:
SF:/Users/joaofurriel/Documents/Estudo/MIEIC/Ano3/ESOF/pdfmake-1/src/line.js
FN:11,Line
FN:19,(anonymous_2)
FN:22,(anonymous_3)
FN:28,(anonymous_4)
FN:35,(anonymous_5)
FN:51,(anonymous_6)
FN:59,(anonymous_7)
FN:62,(anonymous_8)
FNF:8
FNH:0
FNDA:0,Line
FNDA:0,(anonymous_2)
FNDA:0,(anonymous_3)
FNDA:0,(anonymous_4)
FNDA:0,(anonymous_5)
FNDA:0,(anonymous_6)
FNDA:0,(anonymous_7)
FNDA:0,(anonymous_8)
DA:11,1
DA:12,0
DA:13,0
DA:14,0
DA:15,0
DA:16,0
DA:19,0
DA:20,0
DA:22,0
DA:23,0
DA:25,0
DA:28,0
DA:29,0
DA:30,0
DA:32,0
DA:35,0
DA:36,0
DA:37,0
DA:39,0
DA:41,0
DA:43,0
DA:44,0
DA:46,0
DA:47,0
DA:51,0
DA:52,0
DA:59,0
DA:60,0
DA:62,0
DA:63,0
DA:66,0
DA:69,0
LF:32
LH:1
BRDA:29,1,0,0
BRDA:29,1,1,0
BRDA:30,2,0,0
BRDA:30,2,1,0
BRDA:32,3,0,0
BRDA:32,3,1,0
BRDA:36,4,0,0
BRDA:36,4,1,0
BRDA:37,5,0,0
BRDA:37,5,1,0
BRDA:39,6,0,0
BRDA:39,6,1,0
BRDA:46,7,0,0
BRDA:46,7,1,0
BRDA:63,8,0,0
BRDA:63,8,1,0
BRF:16
BRH:0
end_of_record
TN:
SF:/Users/joaofurriel/Documents/Estudo/MIEIC/Ano3/ESOF/pdfmake-1/src/pageElementWriter.js
FN:15,PageElementWriter
FN:22,fitOnPage
FN:31,(anonymous_3)
FN:32,(anonymous_4)
FN:37,(anonymous_5)
FN:38,(anonymous_6)
FN:43,(anonymous_7)
FN:44,(anonymous_8)
FN:49,(anonymous_9)
FN:53,(anonymous_10)
FN:60,(anonymous_11)
FN:65,(anonymous_12)
FN:69,(anonymous_13)
FN:81,(anonymous_14)
FN:88,(anonymous_15)
FN:124,(anonymous_16)
FN:128,(anonymous_17)
FN:140,(anonymous_18)
FN:144,(anonymous_19)
FN:148,(anonymous_20)
FNF:20
FNH:0
FNDA:0,PageElementWriter
FNDA:0,fitOnPage
FNDA:0,(anonymous_3)
FNDA:0,(anonymous_4)
FNDA:0,(anonymous_5)
FNDA:0,(anonymous_6)
FNDA:0,(anonymous_7)
FNDA:0,(anonymous_8)
FNDA:0,(anonymous_9)
FNDA:0,(anonymous_10)
FNDA:0,(anonymous_11)
FNDA:0,(anonymous_12)
FNDA:0,(anonymous_13)
FNDA:0,(anonymous_14)
FNDA:0,(anonymous_15)
FNDA:0,(anonymous_16)
FNDA:0,(anonymous_17)
FNDA:0,(anonymous_18)
FNDA:0,(anonymous_19)
FNDA:0,(anonymous_20)
DA:4,0
DA:15,1
DA:16,0
DA:17,0
DA:18,0
DA:19,0
DA:22,1
DA:23,0
DA:24,0
DA:25,0
DA:26,0
DA:28,0
DA:31,0
DA:32,0
DA:33,0
DA:37,0
DA:38,0
DA:39,0
DA:43,0
DA:44,0
DA:45,0
DA:49,0
DA:50,0
DA:53,0
DA:54,0
DA:55,0
DA:56,0
DA:60,0
DA:62,0
DA:64,0
DA:65,0
DA:66,0
DA:69,0
DA:70,0
DA:74,0
DA:81,0
DA:82,0
DA:83,0
DA:84,0
DA:88,0
DA:89,0
DA:90,0
DA:91,0
DA:93,0
DA:94,0
DA:96,0
DA:97,0
DA:98,0
DA:101,0
DA:103,0
DA:104,0
DA:106,0
DA:107,0
DA:108,0
DA:112,0
DA:115,0
DA:116,0
DA:118,0
DA:124,0
DA:125,0
DA:126,0
DA:128,0
DA:129,0
DA:132,0
DA:135,0
DA:137,0
DA:140,0
DA:141,0
DA:144,0
DA:145,0
DA:148,0
DA:149,0
DA:152,0
LF:73
LH:2
BRDA:24,1,0,0
BRDA:24,1,1,0
BRDA:54,2,0,0
BRDA:54,2,1,0
BRDA:64,3,0,0
BRDA:64,3,1,0
BRDA:82,4,0,0
BRDA:82,4,1,0
BRDA:89,5,0,0
BRDA:89,5,1,0
BRDA:94,6,0,0
BRDA:94,6,1,0
BRDA:101,7,0,0
BRDA:101,7,1,0
BRDA:103,8,0,0
BRDA:103,8,1,0
BRDA:103,9,0,0
BRDA:103,9,1,0
BRDA:115,10,0,0
BRDA:115,10,1,0
BRDA:115,11,0,0
BRDA:115,11,1,0
BRF:22
BRH:0
end_of_record
TN:
SF:/Users/joaofurriel/Documents/Estudo/MIEIC/Ano3/ESOF/pdfmake-1/src/printer.js
FN:37,PdfPrinter
FN:83,(anonymous_2)
FN:139,fixPageMargins
FN:155,registerDefaultTableLayouts
FN:158,(anonymous_5)
FN:159,(anonymous_6)
FN:160,(anonymous_7)
FN:161,(anonymous_8)
FN:164,(anonymous_9)
FN:168,(anonymous_10)
FN:169,(anonymous_11)
FN:172,(anonymous_12)
FN:177,(anonymous_13)
FN:181,(anonymous_14)
FN:182,(anonymous_15)
FN:183,(anonymous_16)
FN:186,(anonymous_17)
FN:194,(anonymous_18)
FN:195,(anonymous_19)
FN:196,(anonymous_20)
FN:197,(anonymous_21)
FN:198,(anonymous_22)
FN:199,(anonymous_23)
FN:200,(anonymous_24)
FN:201,(anonymous_25)
FN:204,pageSize2widthAndHeight
FN:214,StringObject
FN:216,(anonymous_28)
FN:221,updatePageOrientationInOptions
FN:231,renderPages
FN:262,renderLine
FN:302,renderWatermark
FN:323,renderVector
FN:380,renderImage
FNF:34
FNH:0
FNDA:0,PdfPrinter
FNDA:0,(anonymous_2)
FNDA:0,fixPageMargins
FNDA:0,registerDefaultTableLayouts
FNDA:0,(anonymous_5)
FNDA:0,(anonymous_6)
FNDA:0,(anonymous_7)
FNDA:0,(anonymous_8)
FNDA:0,(anonymous_9)
FNDA:0,(anonymous_10)
FNDA:0,(anonymous_11)
FNDA:0,(anonymous_12)
FNDA:0,(anonymous_13)
FNDA:0,(anonymous_14)
FNDA:0,(anonymous_15)
FNDA:0,(anonymous_16)
FNDA:0,(anonymous_17)
FNDA:0,(anonymous_18)
FNDA:0,(anonymous_19)
FNDA:0,(anonymous_20)
FNDA:0,(anonymous_21)
FNDA:0,(anonymous_22)
FNDA:0,(anonymous_23)
FNDA:0,(anonymous_24)
FNDA:0,(anonymous_25)
FNDA:0,pageSize2widthAndHeight
FNDA:0,StringObject
FNDA:0,(anonymous_28)
FNDA:0,updatePageOrientationInOptions
FNDA:0,renderPages
FNDA:0,renderLine
FNDA:0,renderWatermark
FNDA:0,renderVector
FNDA:0,renderImage
DA:5,0
DA:6,0
DA:7,0
DA:8,0
DA:9,0
DA:10,0
DA:11,0
DA:12,0
DA:13,0
DA:15,0
DA:37,1
DA:38,0
DA:83,0
DA:84,0
DA:86,0
DA:88,0
DA:89,0
DA:91,0
DA:93,0
DA:94,0
DA:95,0
DA:99,0
DA:100,0
DA:102,0
DA:103,0
DA:104,0
DA:105,0
DA:106,0
DA:109,0
DA:111,0
DA:113,0
DA:118,0
DA:119,0
DA:120,0
DA:123,0
DA:125,0
DA:127,0
DA:128,0
DA:133,0
DA:134,0
DA:136,0
DA:139,1
DA:140,0
DA:142,0
DA:143,0
DA:144,0
DA:145,0
DA:146,0
DA:147,0
DA:148,0
DA:149,0
DA:152,0
DA:155,1
DA:156,0
DA:158,0
DA:159,0
DA:160,0
DA:161,0
DA:165,0
DA:166,0
DA:168,0
DA:170,0
DA:173,0
DA:178,0
DA:179,0
DA:181,0
DA:182,0
DA:184,0
DA:187,0
DA:193,0
DA:194,0
DA:195,0
DA:196,0
DA:197,0
DA:198,0
DA:199,0
DA:200,0
DA:201,0
DA:204,1
DA:205,0
DA:206,0
DA:207,0
DA:208,0
DA:211,0
DA:214,1
DA:215,0
DA:216,0
DA:217,0
DA:221,1
DA:222,0
DA:224,0
DA:225,0
DA:226,0
DA:227,0
DA:231,1
DA:232,0
DA:233,0
DA:234,0
DA:235,0
DA:236,0
DA:239,0
DA:240,0
DA:241,0
DA:242,0
DA:244,0
DA:245,0
DA:247,0
DA:248,0
DA:250,0
DA:251,0
DA:254,0
DA:255,0
DA:258,0
DA:262,1
DA:263,0
DA:264,0
DA:266,0
DA:267,0
DA:269,0
DA:272,0
DA:273,0
DA:275,0
DA:277,0
DA:278,0
DA:281,0
DA:282,0
DA:284,0
DA:285,0
DA:287,0
DA:289,0
DA:291,0
DA:292,0
DA:295,0
DA:298,0
DA:302,1
DA:303,0
DA:305,0
DA:306,0
DA:308,0
DA:309,0
DA:311,0
DA:312,0
DA:314,0
DA:315,0
DA:316,0
DA:317,0
DA:318,0
DA:319,0
DA:320,0
DA:323,1
DA:325,0
DA:326,0
DA:327,0
DA:329,0
DA:331,0
DA:332,0
DA:333,0
DA:337,0
DA:339,0
DA:340,0
DA:342,0
DA:343,0
DA:345,0
DA:347,0
DA:349,0
DA:350,0
DA:351,0
DA:353,0
DA:355,0
DA:356,0
DA:357,0
DA:360,0
DA:361,0
DA:362,0
DA:364,0
DA:365,0
DA:368,0
DA:371,0
DA:372,0
DA:373,0
DA:374,0
DA:376,0
DA:380,1
DA:381,0
DA:384,0
DA:388,0
LF:186
LH:11
BRDA:84,1,0,0
BRDA:84,1,1,0
BRDA:86,2,0,0
BRDA:86,2,1,0
BRDA:88,3,0,0
BRDA:88,3,1,0
BRDA:91,4,0,0
BRDA:91,4,1,0
BRDA:99,5,0,0
BRDA:99,5,1,0
BRDA:102,6,0,0
BRDA:102,6,1,0
BRDA:103,7,0,0
BRDA:103,7,1,0
BRDA:104,8,0,0
BRDA:104,8,1,0
BRDA:105,9,0,0
BRDA:105,9,1,0
BRDA:106,10,0,0
BRDA:106,10,1,0
BRDA:111,11,0,0
BRDA:111,11,1,0
BRDA:115,12,0,0
BRDA:115,12,1,0
BRDA:119,13,0,0
BRDA:119,13,1,0
BRDA:123,14,0,0
BRDA:123,14,1,0
BRDA:123,15,0,0
BRDA:123,15,1,0
BRDA:127,16,0,0
BRDA:127,16,1,0
BRDA:140,17,0,0
BRDA:140,17,1,0
BRDA:142,18,0,0
BRDA:142,18,1,0
BRDA:142,19,0,0
BRDA:142,19,1,0
BRDA:144,20,0,0
BRDA:144,20,1,0
BRDA:145,21,0,0
BRDA:145,21,1,0
BRDA:147,22,0,0
BRDA:147,22,1,0
BRDA:160,23,0,0
BRDA:160,23,1,0
BRDA:160,23,2,0
BRDA:161,24,0,0
BRDA:161,24,1,0
BRDA:165,25,0,0
BRDA:165,25,1,0
BRDA:165,26,0,0
BRDA:165,26,1,0
BRDA:166,27,0,0
BRDA:166,27,1,0
BRDA:170,28,0,0
BRDA:170,28,1,0
BRDA:173,29,0,0
BRDA:173,29,1,0
BRDA:178,30,0,0
BRDA:178,30,1,0
BRDA:178,31,0,0
BRDA:178,31,1,0
BRDA:179,32,0,0
BRDA:179,32,1,0
BRDA:182,33,0,0
BRDA:182,33,1,0
BRDA:184,34,0,0
BRDA:184,34,1,0
BRDA:187,35,0,0
BRDA:187,35,1,0
BRDA:205,36,0,0
BRDA:205,36,1,0
BRDA:205,37,0,0
BRDA:205,37,1,0
BRDA:207,38,0,0
BRDA:207,38,1,0
BRDA:222,39,0,0
BRDA:222,39,1,0
BRDA:224,40,0,0
BRDA:224,40,1,0
BRDA:234,41,0,0
BRDA:234,41,1,0
BRDA:242,42,0,0
BRDA:242,42,1,0
BRDA:242,42,2,0
BRDA:254,43,0,0
BRDA:254,43,1,0
BRDA:263,44,0,0
BRDA:263,44,1,0
BRDA:264,45,0,0
BRDA:264,45,1,0
BRDA:275,46,0,0
BRDA:275,46,1,0
BRDA:291,47,0,0
BRDA:291,47,1,0
BRDA:325,48,0,0
BRDA:325,48,1,0
BRDA:326,49,0,0
BRDA:326,49,1,0
BRDA:327,50,0,0
BRDA:327,50,1,0
BRDA:331,51,0,0
BRDA:331,51,1,0
BRDA:332,52,0,0
BRDA:332,52,1,0
BRDA:333,53,0,0
BRDA:333,53,1,0
BRDA:337,54,0,0
BRDA:337,54,1,0
BRDA:337,54,2,0
BRDA:337,54,3,0
BRDA:342,55,0,0
BRDA:342,55,1,0
BRDA:353,56,0,0
BRDA:353,56,1,0
BRDA:360,57,0,0
BRDA:360,57,1,0
BRDA:364,58,0,0
BRDA:364,58,1,0
BRDA:364,59,0,0
BRDA:364,59,1,0
BRDA:364,59,2,0
BRDA:371,60,0,0
BRDA:371,60,1,0
BRDA:371,61,0,0
BRDA:371,61,1,0
BRDA:373,62,0,0
BRDA:373,62,1,0
BRDA:376,63,0,0
BRDA:376,63,1,0
BRF:131
BRH:0
end_of_record
TN:
SF:/Users/joaofurriel/Documents/Estudo/MIEIC/Ano3/ESOF/pdfmake-1/src/qrEnc.js
FN:112,(anonymous_1)
FN:113,(anonymous_2)
FN:114,(anonymous_3)
FN:115,(anonymous_4)
FN:116,(anonymous_5)
FN:117,(anonymous_6)
FN:118,(anonymous_7)
FN:119,(anonymous_8)
FN:122,(anonymous_9)
FN:125,(anonymous_10)
FN:128,(anonymous_11)
FN:173,(anonymous_12)
FN:182,(anonymous_13)
FN:192,(anonymous_14)
FN:212,(anonymous_15)
FN:253,(anonymous_16)
FN:259,(anonymous_17)
FN:319,(anonymous_18)
FN:341,(anonymous_19)
FN:385,(anonymous_20)
FN:400,(anonymous_21)
FN:408,(anonymous_22)
FN:456,(anonymous_23)
FN:480,(anonymous_24)
FN:492,(anonymous_25)
FN:515,(anonymous_26)
FN:530,(anonymous_27)
FN:593,(anonymous_28)
FN:636,generateFrame
FN:693,buildCanvas
FN:732,measure
FNF:31
FNH:0
FNDA:0,(anonymous_1)
FNDA:0,(anonymous_2)
FNDA:0,(anonymous_3)
FNDA:0,(anonymous_4)
FNDA:0,(anonymous_5)
FNDA:0,(anonymous_6)
FNDA:0,(anonymous_7)
FNDA:0,(anonymous_8)
FNDA:0,(anonymous_9)
FNDA:0,(anonymous_10)
FNDA:0,(anonymous_11)
FNDA:0,(anonymous_12)
FNDA:0,(anonymous_13)
FNDA:0,(anonymous_14)
FNDA:0,(anonymous_15)
FNDA:0,(anonymous_16)
FNDA:0,(anonymous_17)
FNDA:0,(anonymous_18)
FNDA:0,(anonymous_19)
FNDA:0,(anonymous_20)
FNDA:0,(anonymous_21)
FNDA:0,(anonymous_22)
FNDA:0,(anonymous_23)
FNDA:0,(anonymous_24)
FNDA:0,(anonymous_25)
FNDA:0,(anonymous_26)
FNDA:0,(anonymous_27)
FNDA:0,(anonymous_28)
FNDA:0,generateFrame
FNDA:0,buildCanvas
FNDA:0,measure
DA:21,0
DA:65,0
DA:66,0
DA:69,0
DA:70,0
DA:71,0
DA:74,0
DA:78,0
DA:79,0
DA:80,0
DA:81,0
DA:82,0
DA:92,0
DA:93,0
DA:94,0
DA:95,0
DA:96,0
DA:97,0
DA:98,0
DA:100,0
DA:104,0
DA:105,0
DA:106,0
DA:111,0
DA:112,0
DA:113,0
DA:114,0
DA:115,0
DA:116,0
DA:117,0
DA:118,0
DA:119,0
DA:122,0
DA:125,0
DA:128,0
DA:162,0
DA:163,0
DA:164,0
DA:165,0
DA:166,0
DA:168,0
DA:173,0
DA:174,0
DA:175,0
DA:176,0
DA:177,0
DA:182,0
DA:183,0
DA:184,0
DA:185,0
DA:186,0
DA:187,0
DA:192,0
DA:193,0
DA:194,0
DA:196,0
DA:198,0
DA:200,0
DA:202,0
DA:212,0
DA:213,0
DA:215,0
DA:216,0
DA:219,0
DA:220,0
DA:223,0
DA:224,0
DA:225,0
DA:226,0
DA:227,0
DA:228,0
DA:229,0
DA:230,0
DA:232,0
DA:233,0
DA:237,0
DA:243,0
DA:245,0
DA:253,0
DA:254,0
DA:255,0
DA:256,0
DA:259,0
DA:260,0
DA:261,0
DA:262,0
DA:263,0
DA:264,0
DA:266,0
DA:269,0
DA:270,0
DA:271,0
DA:273,0
DA:275,0
DA:276,0
DA:278,0
DA:279,0
DA:282,0
DA:283,0
DA:286,0
DA:287,0
DA:289,0
DA:292,0
DA:293,0
DA:295,0
DA:302,0
DA:303,0
DA:307,0
DA:308,0
DA:309,0
DA:319,0
DA:320,0
DA:321,0
DA:322,0
DA:323,0
DA:324,0
DA:325,0
DA:326,0
DA:327,0
DA:331,0
DA:341,0
DA:342,0
DA:343,0
DA:344,0
DA:345,0
DA:346,0
DA:347,0
DA:349,0
DA:350,0
DA:351,0
DA:353,0
DA:355,0
DA:356,0
DA:357,0
DA:360,0
DA:361,0
DA:362,0
DA:363,0
DA:364,0
DA:367,0
DA:368,0
DA:370,0
DA:371,0
DA:372,0
DA:375,0
DA:385,0
DA:386,0
DA:387,0
DA:388,0
DA:390,0
DA:400,0
DA:401,0
DA:402,0
DA:403,0
DA:404,0
DA:405,0
DA:408,0
DA:409,0
DA:410,0
DA:411,0
DA:412,0
DA:419,0
DA:420,0
DA:421,0
DA:424,0
DA:425,0
DA:426,0
DA:430,0
DA:431,0
DA:432,0
DA:433,0
DA:434,0
DA:439,0
DA:440,0
DA:441,0
DA:442,0
DA:443,0
DA:444,0
DA:445,0
DA:450,0
DA:456,0
DA:457,0
DA:458,0
DA:459,0
DA:460,0
DA:461,0
DA:462,0
DA:463,0
DA:464,0
DA:467,0
DA:468,0
DA:471,0
DA:473,0
DA:475,0
DA:480,0
DA:481,0
DA:482,0
DA:483,0
DA:484,0
DA:485,0
DA:488,0
DA:492,0
DA:493,0
DA:494,0
DA:495,0
DA:496,0
DA:497,0
DA:498,0
DA:502,0
DA:515,0
DA:518,0
DA:521,0
DA:525,0
DA:528,0
DA:530,0
DA:531,0
DA:532,0
DA:533,0
DA:535,0
DA:536,0
DA:537,0
DA:540,0
DA:543,0
DA:546,0
DA:547,0
DA:548,0
DA:549,0
DA:550,0
DA:553,0
DA:554,0
DA:555,0
DA:556,0
DA:557,0
DA:558,0
DA:559,0
DA:561,0
DA:564,0
DA:565,0
DA:566,0
DA:567,0
DA:568,0
DA:569,0
DA:570,0
DA:572,0
DA:575,0
DA:576,0
DA:577,0
DA:578,0
DA:579,0
DA:581,0
DA:582,0
DA:587,0
DA:588,0
DA:593,0
DA:594,0
DA:595,0
DA:596,0
DA:598,0
DA:599,0
DA:600,0
DA:602,0
DA:604,0
DA:605,0
DA:606,0
DA:607,0
DA:608,0
DA:609,0
DA:610,0
DA:611,0
DA:612,0
DA:613,0
DA:614,0
DA:616,0
DA:618,0
DA:621,0
DA:622,0
DA:623,0
DA:636,1
DA:637,0
DA:639,0
DA:642,0
DA:643,0
DA:644,0
DA:645,0
DA:646,0
DA:648,0
DA:649,0
DA:650,0
DA:651,0
DA:652,0
DA:654,0
DA:656,0
DA:659,0
DA:661,0
DA:663,0
DA:666,0
DA:667,0
DA:669,0
DA:671,0
DA:672,0
DA:673,0
DA:675,0
DA:676,0
DA:677,0
DA:680,0
DA:682,0
DA:693,1
DA:695,0
DA:696,0
DA:697,0
DA:699,0
DA:700,0
DA:701,0
DA:702,0
DA:704,0
DA:709,0
DA:710,0
DA:711,0
DA:712,0
DA:725,0
DA:732,1
DA:733,0
DA:734,0
DA:735,0
DA:736,0
DA:739,0
LF:326
LH:3
BRDA:82,1,0,0
BRDA:82,1,1,0
BRDA:96,2,0,0
BRDA:96,2,1,0
BRDA:97,3,0,0
BRDA:97,3,1,0
BRDA:164,4,0,0
BRDA:164,4,1,0
BRDA:165,5,0,0
BRDA:165,5,1,0
BRDA:183,6,0,0
BRDA:183,6,1,0
BRDA:183,6,2,0
BRDA:183,6,3,0
BRDA:184,7,0,0
BRDA:184,7,1,0
BRDA:184,8,0,0
BRDA:184,8,1,0
BRDA:185,9,0,0
BRDA:185,9,1,0
BRDA:185,10,0,0
BRDA:185,10,1,0
BRDA:186,11,0,0
BRDA:186,11,1,0
BRDA:187,12,0,0
BRDA:187,12,1,0
BRDA:187,13,0,0
BRDA:187,13,1,0
BRDA:194,14,0,0
BRDA:194,14,1,0
BRDA:194,14,2,0
BRDA:194,14,3,0
BRDA:196,15,0,0
BRDA:196,15,1,0
BRDA:196,16,0,0
BRDA:196,16,1,0
BRDA:198,17,0,0
BRDA:198,17,1,0
BRDA:213,18,0,0
BRDA:213,18,1,0
BRDA:213,18,2,0
BRDA:215,19,0,0
BRDA:215,19,1,0
BRDA:219,20,0,0
BRDA:219,20,1,0
BRDA:223,21,0,0
BRDA:223,21,1,0
BRDA:227,22,0,0
BRDA:227,22,1,0
BRDA:229,23,0,0
BRDA:229,23,1,0
BRDA:232,24,0,0
BRDA:232,24,1,0
BRDA:260,25,0,0
BRDA:260,25,1,0
BRDA:266,26,0,0
BRDA:266,26,1,0
BRDA:273,27,0,0
BRDA:273,27,1,0
BRDA:273,27,2,0
BRDA:286,28,0,0
BRDA:286,28,1,0
BRDA:303,29,0,0
BRDA:303,29,1,0
BRDA:308,30,0,0
BRDA:308,30,1,0
BRDA:325,31,0,0
BRDA:325,31,1,0
BRDA:388,32,0,0
BRDA:388,32,1,0
BRDA:432,33,0,0
BRDA:432,33,1,0
BRDA:432,34,0,0
BRDA:432,34,1,0
BRDA:432,35,0,0
BRDA:432,35,1,0
BRDA:439,36,0,0
BRDA:439,36,1,0
BRDA:460,37,0,0
BRDA:460,37,1,0
BRDA:461,38,0,0
BRDA:461,38,1,0
BRDA:464,39,0,0
BRDA:464,39,1,0
BRDA:485,40,0,0
BRDA:485,40,1,0
BRDA:533,41,0,0
BRDA:533,41,1,0
BRDA:537,42,0,0
BRDA:537,42,1,0
BRDA:537,43,0,0
BRDA:537,43,1,0
BRDA:537,43,2,0
BRDA:537,43,3,0
BRDA:537,43,4,0
BRDA:537,43,5,0
BRDA:556,44,0,0
BRDA:556,44,1,0
BRDA:558,45,0,0
BRDA:558,45,1,0
BRDA:567,46,0,0
BRDA:567,46,1,0
BRDA:569,47,0,0
BRDA:569,47,1,0
BRDA:575,48,0,0
BRDA:575,48,1,0
BRDA:581,49,0,0
BRDA:581,49,1,0
BRDA:581,50,0,0
BRDA:581,50,1,0
BRDA:581,50,2,0
BRDA:602,51,0,0
BRDA:602,51,1,0
BRDA:612,52,0,0
BRDA:612,52,1,0
BRDA:642,53,0,0
BRDA:642,53,1,0
BRDA:643,54,0,0
BRDA:643,54,1,0
BRDA:644,55,0,0
BRDA:644,55,1,0
BRDA:645,56,0,0
BRDA:645,56,1,0
BRDA:646,57,0,0
BRDA:646,57,1,0
BRDA:648,58,0,0
BRDA:648,58,1,0
BRDA:649,59,0,0
BRDA:649,59,1,0
BRDA:650,60,0,0
BRDA:650,60,1,0
BRDA:652,61,0,0
BRDA:652,61,1,0
BRDA:661,62,0,0
BRDA:661,62,1,0
BRDA:661,63,0,0
BRDA:661,63,1,0
BRDA:661,63,2,0
BRDA:667,64,0,0
BRDA:667,64,1,0
BRDA:669,65,0,0
BRDA:669,65,1,0
BRDA:669,66,0,0
BRDA:669,66,1,0
BRDA:671,67,0,0
BRDA:671,67,1,0
BRDA:673,68,0,0
BRDA:673,68,1,0
BRDA:675,69,0,0
BRDA:675,69,1,0
BRDA:676,70,0,0
BRDA:676,70,1,0
BRDA:676,71,0,0
BRDA:676,71,1,0
BRDA:680,72,0,0
BRDA:680,72,1,0
BRDA:680,73,0,0
BRDA:680,73,1,0
BRDA:680,73,2,0
BRDA:696,74,0,0
BRDA:696,74,1,0
BRDA:697,75,0,0
BRDA:697,75,1,0
BRDA:701,76,0,0
BRDA:701,76,1,0
BRDA:711,77,0,0
BRDA:711,77,1,0
BRF:167
BRH:0
end_of_record
TN:
SF:/Users/joaofurriel/Documents/Estudo/MIEIC/Ano3/ESOF/pdfmake-1/src/standardPageSizes.js
FNF:0
FNH:0
DA:1,0
LF:1
LH:0
BRF:0
BRH:0
end_of_record
TN:
SF:/Users/joaofurriel/Documents/Estudo/MIEIC/Ano3/ESOF/pdfmake-1/src/styleContextStack.js
FN:12,StyleContextStack
FN:22,(anonymous_2)
FN:25,(anonymous_3)
FN:38,(anonymous_4)
FN:48,(anonymous_5)
FN:64,(anonymous_6)
FN:105,(anonymous_7)
FN:127,(anonymous_8)
FN:144,(anonymous_9)
FNF:9
FNH:0
FNDA:0,StyleContextStack
FNDA:0,(anonymous_2)
FNDA:0,(anonymous_3)
FNDA:0,(anonymous_4)
FNDA:0,(anonymous_5)
FNDA:0,(anonymous_6)
FNDA:0,(anonymous_7)
FNDA:0,(anonymous_8)
FNDA:0,(anonymous_9)
DA:12,1
DA:13,0
DA:14,0
DA:15,0
DA:22,0
DA:23,0
DA:25,0
DA:26,0
DA:29,0
DA:38,0
DA:39,0
DA:48,0
DA:49,0
DA:51,0
DA:52,0
DA:64,0
DA:65,0
DA:67,0
DA:69,0
DA:70,0
DA:71,0
DA:73,0
DA:77,0
DA:78,0
DA:81,0
DA:82,0
DA:84,0
DA:106,0
DA:107,0
DA:108,0
DA:112,0
DA:113,0
DA:116,0
DA:127,0
DA:128,0
DA:129,0
DA:131,0
DA:132,0
DA:135,0
DA:144,0
DA:145,0
DA:146,0
DA:147,0
DA:149,0
DA:152,0
DA:153,0
DA:154,0
DA:158,0
DA:159,0
DA:165,0
DA:168,0
LF:51
LH:1
BRDA:13,1,0,0
BRDA:13,1,1,0
BRDA:49,2,0,0
BRDA:49,2,1,0
BRDA:65,3,0,0
BRDA:65,3,1,0
BRDA:65,4,0,0
BRDA:65,4,1,0
BRDA:69,5,0,0
BRDA:69,5,1,0
BRDA:70,6,0,0
BRDA:70,6,1,0
BRDA:106,7,0,0
BRDA:106,7,1,0
BRDA:106,8,0,0
BRDA:106,8,1,0
BRDA:112,9,0,0
BRDA:112,9,1,0
BRDA:116,10,0,0
BRDA:116,10,1,0
BRDA:131,11,0,0
BRDA:131,11,1,0
BRDA:145,12,0,0
BRDA:145,12,1,0
BRDA:149,13,0,0
BRDA:149,13,1,0
BRDA:149,14,0,0
BRDA:149,14,1,0
BRDA:153,15,0,0
BRDA:153,15,1,0
BRDA:153,16,0,0
BRDA:153,16,1,0
BRDA:153,16,2,0
BRDA:158,17,0,0
BRDA:158,17,1,0
BRDA:158,18,0,0
BRDA:158,18,1,0
BRDA:165,19,0,0
BRDA:165,19,1,0
BRF:39
BRH:0
end_of_record
TN:
SF:/Users/joaofurriel/Documents/Estudo/MIEIC/Ano3/ESOF/pdfmake-1/src/tableProcessor.js
FN:6,TableProcessor
FN:10,(anonymous_2)
FN:36,getTableInnerContentWidth
FN:39,(anonymous_4)
FN:46,prepareRowSpanData
FN:66,(anonymous_6)
FN:68,(anonymous_7)
FN:76,(anonymous_8)
FN:95,(anonymous_9)
FN:135,(anonymous_10)
FN:149,(anonymous_11)
FN:155,(anonymous_12)
FN:266,(anonymous_13)
FN:271,(anonymous_14)
FN:284,getLineXs
FNF:15
FNH:0
FNDA:0,TableProcessor
FNDA:0,(anonymous_2)
FNDA:0,getTableInnerContentWidth
FNDA:0,(anonymous_4)
FNDA:0,prepareRowSpanData
FNDA:0,(anonymous_6)
FNDA:0,(anonymous_7)
FNDA:0,(anonymous_8)
FNDA:0,(anonymous_9)
FNDA:0,(anonymous_10)
FNDA:0,(anonymous_11)
FNDA:0,(anonymous_12)
FNDA:0,(anonymous_13)
FNDA:0,(anonymous_14)
FNDA:0,getLineXs
DA:4,0
DA:6,1
DA:7,0
DA:10,0
DA:11,0
DA:12,0
DA:13,0
DA:15,0
DA:16,0
DA:17,0
DA:19,0
DA:20,0
DA:22,0
DA:23,0
DA:24,0
DA:26,0
DA:27,0
DA:28,0
DA:30,0
DA:31,0
DA:34,0
DA:36,1
DA:37,0
DA:39,0
DA:40,0
DA:43,0
DA:46,1
DA:47,0
DA:48,0
DA:49,0
DA:51,0
DA:53,0
DA:54,0
DA:55,0
DA:56,0
DA:57,0
DA:58,0
DA:59,0
DA:62,0
DA:66,0
DA:67,0
DA:68,0
DA:70,0
DA:71,0
DA:76,0
DA:77,0
DA:78,0
DA:79,0
DA:80,0
DA:82,0
DA:83,0
DA:84,0
DA:85,0
DA:87,0
DA:88,0
DA:90,0
DA:92,0
DA:95,0
DA:96,0
DA:97,0
DA:98,0
DA:99,0
DA:101,0
DA:102,0
DA:103,0
DA:105,0
DA:106,0
DA:109,0
DA:110,0
DA:113,0
DA:115,0
DA:116,0
DA:117,0
DA:126,0
DA:131,0
DA:135,0
DA:136,0
DA:137,0
DA:138,0
DA:149,0
DA:150,0
DA:151,0
DA:155,0
DA:156,0
DA:157,0
DA:158,0
DA:159,0
DA:160,0
DA:162,0
DA:163,0
DA:165,0
DA:167,0
DA:169,0
DA:171,0
DA:176,0
DA:177,0
DA:178,0
DA:179,0
DA:181,0
DA:185,0
DA:187,0
DA:188,0
DA:189,0
DA:190,0
DA:191,0
DA:192,0
DA:193,0
DA:195,0
DA:196,0
DA:199,0
DA:200,0
DA:204,0
DA:207,0
DA:208,0
DA:209,0
DA:210,0
DA:211,0
DA:212,0
DA:213,0
DA:214,0
DA:215,0
DA:216,0
DA:229,0
DA:230,0
DA:232,0
DA:233,0
DA:237,0
DA:238,0
DA:240,0
DA:241,0
DA:242,0
DA:243,0
DA:246,0
DA:247,0
DA:248,0
DA:253,0
DA:254,0
DA:258,0
DA:260,0
DA:261,0
DA:264,0
DA:265,0
DA:267,0
DA:268,0
DA:272,0
DA:277,0
DA:278,0
DA:279,0
DA:280,0
DA:281,0
DA:284,1
DA:285,0
DA:286,0
DA:288,0
DA:289,0
DA:290,0
DA:292,0
DA:293,0
DA:295,0
DA:296,0
DA:300,0
DA:302,0
DA:306,0
LF:163
LH:4
BRDA:26,1,0,0
BRDA:26,1,1,0
BRDA:27,2,0,0
BRDA:27,2,1,0
BRDA:28,3,0,0
BRDA:28,3,1,0
BRDA:30,4,0,0
BRDA:30,4,1,0
BRDA:70,5,0,0
BRDA:70,5,1,0
BRDA:84,6,0,0
BRDA:84,6,1,0
BRDA:97,7,0,0
BRDA:97,7,1,0
BRDA:105,8,0,0
BRDA:105,8,1,0
BRDA:105,9,0,0
BRDA:105,9,1,0
BRDA:109,10,0,0
BRDA:109,10,1,0
BRDA:110,11,0,0
BRDA:110,11,1,0
BRDA:113,12,0,0
BRDA:113,12,1,0
BRDA:115,13,0,0
BRDA:115,13,1,0
BRDA:115,14,0,0
BRDA:115,14,1,0
BRDA:116,15,0,0
BRDA:116,15,1,0
BRDA:124,16,0,0
BRDA:124,16,1,0
BRDA:137,17,0,0
BRDA:137,17,1,0
BRDA:145,18,0,0
BRDA:145,18,1,0
BRDA:150,19,0,0
BRDA:150,19,1,0
BRDA:169,20,0,0
BRDA:169,20,1,0
BRDA:173,21,0,0
BRDA:173,21,1,0
BRDA:176,22,0,0
BRDA:176,22,1,0
BRDA:190,23,0,0
BRDA:190,23,1,0
BRDA:191,24,0,0
BRDA:191,24,1,0
BRDA:195,25,0,0
BRDA:195,25,1,0
BRDA:199,26,0,0
BRDA:199,26,1,0
BRDA:209,27,0,0
BRDA:209,27,1,0
BRDA:212,28,0,0
BRDA:212,28,1,0
BRDA:229,29,0,0
BRDA:229,29,1,0
BRDA:229,30,0,0
BRDA:229,30,1,0
BRDA:232,31,0,0
BRDA:232,31,1,0
BRDA:232,32,0,0
BRDA:232,32,1,0
BRDA:242,33,0,0
BRDA:242,33,1,0
BRDA:246,34,0,0
BRDA:246,34,1,0
BRDA:246,35,0,0
BRDA:246,35,1,0
BRDA:253,36,0,0
BRDA:253,36,1,0
BRDA:260,37,0,0
BRDA:260,37,1,0
BRDA:260,38,0,0
BRDA:260,38,1,0
BRDA:264,39,0,0
BRDA:264,39,1,0
BRDA:267,40,0,0
BRDA:267,40,1,0
BRDA:267,41,0,0
BRDA:267,41,1,0
BRDA:277,42,0,0
BRDA:277,42,1,0
BRDA:277,43,0,0
BRDA:277,43,1,0
BRDA:277,43,2,0
BRDA:289,44,0,0
BRDA:289,44,1,0
BRDA:293,45,0,0
BRDA:293,45,1,0
BRDA:293,45,2,0
BRDA:295,46,0,0
BRDA:295,46,1,0
BRF:94
BRH:0
end_of_record
TN:
SF:/Users/joaofurriel/Documents/Estudo/MIEIC/Ano3/ESOF/pdfmake-1/src/textDecorator.js
FN:5,groupDecorations
FN:40,drawDecoration
FN:41,maxInline
FN:49,width
FN:126,drawDecorations
FN:133,drawBackground
FNF:6
FNH:0
FNDA:0,groupDecorations
FNDA:0,drawDecoration
FNDA:0,maxInline
FNDA:0,width
FNDA:0,drawDecorations
FNDA:0,drawBackground
DA:5,1
DA:6,0
DA:7,0
DA:8,0
DA:9,0
DA:10,0
DA:11,0
DA:12,0
DA:14,0
DA:15,0
DA:16,0
DA:17,0
DA:18,0
DA:19,0
DA:23,0
DA:30,0
DA:32,0
DA:37,0
DA:40,1
DA:41,1
DA:42,0
DA:43,0
DA:44,0
DA:45,0
DA:47,0
DA:49,1
DA:50,0
DA:51,0
DA:52,0
DA:54,0
DA:56,0
DA:64,0
DA:66,0
DA:68,0
DA:69,0
DA:71,0
DA:72,0
DA:74,0
DA:75,0
DA:77,0
DA:79,0
DA:81,0
DA:82,0
DA:83,0
DA:86,0
DA:87,0
DA:88,0
DA:89,0
DA:90,0
DA:91,0
DA:92,0
DA:93,0
DA:95,0
DA:96,0
DA:97,0
DA:98,0
DA:99,0
DA:100,0
DA:101,0
DA:102,0
DA:104,0
DA:105,0
DA:106,0
DA:107,0
DA:108,0
DA:109,0
DA:110,0
DA:111,0
DA:112,0
DA:114,0
DA:116,0
DA:119,0
DA:123,0
DA:126,1
DA:127,0
DA:128,0
DA:129,0
DA:133,1
DA:134,0
DA:135,0
DA:136,0
DA:137,0
DA:138,0
DA:145,0
LF:84
LH:6
BRDA:10,1,0,0
BRDA:10,1,1,0
BRDA:14,2,0,0
BRDA:14,2,1,0
BRDA:14,2,2,0
BRDA:15,3,0,0
BRDA:15,3,1,0
BRDA:16,4,0,0
BRDA:16,4,1,0
BRDA:19,5,0,0
BRDA:19,5,1,0
BRDA:19,6,0,0
BRDA:19,6,1,0
BRDA:19,6,2,0
BRDA:19,6,3,0
BRDA:19,6,4,0
BRDA:45,7,0,0
BRDA:45,7,1,0
BRDA:66,8,0,0
BRDA:66,8,1,0
BRDA:66,8,2,0
BRDA:66,8,3,0
BRDA:81,9,0,0
BRDA:81,9,1,0
BRDA:86,10,0,0
BRDA:86,10,1,0
BRDA:95,11,0,0
BRDA:95,11,1,0
BRDA:104,12,0,0
BRDA:104,12,1,0
BRDA:137,13,0,0
BRDA:137,13,1,0
BRF:32
BRH:0
end_of_record
TN:
SF:/Users/joaofurriel/Documents/Estudo/MIEIC/Ano3/ESOF/pdfmake-1/src/textTools.js
FN:16,TextTools
FN:28,(anonymous_2)
FN:35,(anonymous_3)
FN:62,getTrimmedWidth
FN:73,(anonymous_5)
FN:95,splitWords
FN:129,copyStyle
FN:142,normalizeTextArray
FN:183,removeDiacritics
FN:184,(anonymous_10)
FN:189,getStyleProperty
FN:199,(anonymous_12)
FN:210,measure
FN:213,(anonymous_14)
FNF:14
FNH:0
FNDA:0,TextTools
FNDA:0,(anonymous_2)
FNDA:0,(anonymous_3)
FNDA:0,getTrimmedWidth
FNDA:0,(anonymous_5)
FNDA:0,splitWords
FNDA:0,copyStyle
FNDA:0,normalizeTextArray
FNDA:0,removeDiacritics
FNDA:0,(anonymous_10)
FNDA:0,getStyleProperty
FNDA:0,(anonymous_12)
FNDA:0,measure
FNDA:0,(anonymous_14)
DA:4,0
DA:7,0
DA:8,0
DA:16,1
DA:17,0
DA:28,0
DA:29,0
DA:31,0
DA:35,0
DA:36,0
DA:38,0
DA:39,0
DA:42,0
DA:43,0
DA:45,0
DA:47,0
DA:48,0
DA:52,0
DA:53,0
DA:56,0
DA:62,1
DA:63,0
DA:73,0
DA:74,0
DA:77,0
DA:78,0
DA:79,0
DA:80,0
DA:81,0
DA:83,0
DA:85,0
DA:95,1
DA:96,0
DA:97,0
DA:99,0
DA:100,0
DA:101,0
DA:103,0
DA:107,0
DA:108,0
DA:110,0
DA:112,0
DA:113,0
DA:116,0
DA:118,0
DA:119,0
DA:122,0
DA:126,0
DA:129,1
DA:130,0
DA:131,0
DA:133,0
DA:134,0
DA:135,0
DA:139,0
DA:142,1
DA:143,0
DA:145,0
DA:146,0
DA:149,0
DA:150,0
DA:151,0
DA:152,0
DA:154,0
DA:155,0
DA:157,0
DA:158,0
DA:161,0
DA:162,0
DA:166,0
DA:167,0
DA:170,0
DA:172,0
DA:176,0
DA:180,0
DA:183,1
DA:184,0
DA:185,0
DA:189,1
DA:190,0
DA:192,0
DA:194,0
DA:197,0
DA:199,0
DA:200,0
DA:203,0
DA:204,0
DA:206,0
DA:210,1
DA:211,0
DA:213,0
DA:214,0
DA:215,0
DA:216,0
DA:217,0
DA:218,0
DA:219,0
DA:220,0
DA:221,0
DA:222,0
DA:223,0
DA:224,0
DA:226,0
DA:229,0
DA:230,0
DA:232,0
DA:233,0
DA:234,0
DA:235,0
DA:238,0
DA:241,0
DA:242,0
DA:245,0
DA:248,0
DA:249,0
DA:250,0
DA:251,0
DA:252,0
DA:253,0
DA:254,0
DA:255,0
DA:256,0
DA:259,0
DA:269,0
LF:124
LH:8
BRDA:38,1,0,0
BRDA:38,1,1,0
BRDA:47,2,0,0
BRDA:47,2,1,0
BRDA:52,3,0,0
BRDA:52,3,1,0
BRDA:100,4,0,0
BRDA:100,4,1,0
BRDA:112,5,0,0
BRDA:112,5,1,0
BRDA:116,6,0,0
BRDA:116,6,1,0
BRDA:118,7,0,0
BRDA:118,7,1,0
BRDA:130,8,0,0
BRDA:130,8,1,0
BRDA:131,9,0,0
BRDA:131,9,1,0
BRDA:134,10,0,0
BRDA:134,10,1,0
BRDA:134,11,0,0
BRDA:134,11,1,0
BRDA:145,12,0,0
BRDA:145,12,1,0
BRDA:145,13,0,0
BRDA:145,13,1,0
BRDA:154,14,0,0
BRDA:154,14,1,0
BRDA:154,15,0,0
BRDA:154,15,1,0
BRDA:166,16,0,0
BRDA:166,16,1,0
BRDA:185,17,0,0
BRDA:185,17,1,0
BRDA:192,18,0,0
BRDA:192,18,1,0
BRDA:192,19,0,0
BRDA:192,19,1,0
BRDA:197,20,0,0
BRDA:197,20,1,0
BRDA:203,21,0,0
BRDA:203,21,1,0
BRDA:203,22,0,0
BRDA:203,22,1,0
BRDA:234,23,0,0
BRDA:234,23,1,0
BRDA:241,24,0,0
BRDA:241,24,1,0
BRF:48
BRH:0
end_of_record
TN:
SF:/Users/joaofurriel/Documents/Estudo/MIEIC/Ano3/ESOF/pdfmake-1/src/traversalTracker.js
FN:9,TraversalTracker
FN:13,(anonymous_2)
FN:21,(anonymous_3)
FN:32,(anonymous_4)
FN:38,(anonymous_5)
FN:44,(anonymous_6)
FNF:6
FNH:0
FNDA:0,TraversalTracker
FNDA:0,(anonymous_2)
FNDA:0,(anonymous_3)
FNDA:0,(anonymous_4)
FNDA:0,(anonymous_5)
FNDA:0,(anonymous_6)
DA:9,1
DA:10,0
DA:13,0
DA:14,0
DA:16,0
DA:17,0
DA:21,0
DA:22,0
DA:24,0
DA:25,0
DA:26,0
DA:27,0
DA:32,0
DA:33,0
DA:35,0
DA:37,0
DA:38,0
DA:39,0
DA:44,0
DA:45,0
DA:46,0
DA:47,0
DA:50,0
LF:23
LH:1
BRDA:14,1,0,0
BRDA:14,1,1,0
BRDA:16,2,0,0
BRDA:16,2,1,0
BRDA:24,3,0,0
BRDA:24,3,1,0
BRDA:26,4,0,0
BRDA:26,4,1,0
BRDA:37,5,0,0
BRDA:37,5,1,0
BRF:10
BRH:0
end_of_record
TN:
SF:/Users/joaofurriel/Documents/Estudo/MIEIC/Ano3/ESOF/pdfmake-1/src/browser-extensions/base64.js
FN:14,b64ToUint6
FN:31,base64DecToArr
FN:54,uint6ToB64
FN:71,base64EncArr
FN:91,UTF8ArrToStr
FN:118,strToUTF8Arr
FNF:6
FNH:0
FNDA:0,b64ToUint6
FNDA:0,base64DecToArr
FNDA:0,uint6ToB64
FNDA:0,base64EncArr
FNDA:0,UTF8ArrToStr
FNDA:0,strToUTF8Arr
DA:14,1
DA:16,0
DA:31,1
DA:33,0
DA:37,0
DA:38,0
DA:39,0
DA:40,0
DA:41,0
DA:42,0
DA:44,0
DA:49,0
DA:54,1
DA:56,0
DA:71,1
DA:73,0
DA:75,0
DA:76,0
DA:77,0
DA:78,0
DA:79,0
DA:80,0
DA:81,0
DA:85,0
DA:91,1
DA:93,0
DA:95,0
DA:96,0
DA:97,0
DA:114,0
DA:118,1
DA:120,0
DA:124,0
DA:125,0
DA:126,0
DA:129,0
DA:133,0
DA:134,0
DA:135,0
DA:137,0
DA:138,0
DA:140,0
DA:141,0
DA:142,0
DA:144,0
DA:145,0
DA:146,0
DA:147,0
DA:149,0
DA:150,0
DA:151,0
DA:152,0
DA:153,0
DA:155,0
DA:156,0
DA:157,0
DA:158,0
DA:159,0
DA:162,0
DA:163,0
DA:164,0
DA:165,0
DA:166,0
DA:167,0
DA:171,0
DA:175,0
LF:66
LH:6
BRDA:16,1,0,0
BRDA:16,1,1,0
BRDA:16,2,0,0
BRDA:16,2,1,0
BRDA:18,3,0,0
BRDA:18,3,1,0
BRDA:18,4,0,0
BRDA:18,4,1,0
BRDA:20,5,0,0
BRDA:20,5,1,0
BRDA:20,6,0,0
BRDA:20,6,1,0
BRDA:22,7,0,0
BRDA:22,7,1,0
BRDA:24,8,0,0
BRDA:24,8,1,0
BRDA:35,9,0,0
BRDA:35,9,1,0
BRDA:40,10,0,0
BRDA:40,10,1,0
BRDA:40,11,0,0
BRDA:40,11,1,0
BRDA:41,12,0,0
BRDA:41,12,1,0
BRDA:56,13,0,0
BRDA:56,13,1,0
BRDA:58,14,0,0
BRDA:58,14,1,0
BRDA:60,15,0,0
BRDA:60,15,1,0
BRDA:62,16,0,0
BRDA:62,16,1,0
BRDA:64,17,0,0
BRDA:64,17,1,0
BRDA:77,18,0,0
BRDA:77,18,1,0
BRDA:77,19,0,0
BRDA:77,19,1,0
BRDA:79,20,0,0
BRDA:79,20,1,0
BRDA:79,21,0,0
BRDA:79,21,1,0
BRDA:85,22,0,0
BRDA:85,22,1,0
BRDA:85,23,0,0
BRDA:85,23,1,0
BRDA:98,24,0,0
BRDA:98,24,1,0
BRDA:98,25,0,0
BRDA:98,25,1,0
BRDA:98,25,2,0
BRDA:101,26,0,0
BRDA:101,26,1,0
BRDA:101,27,0,0
BRDA:101,27,1,0
BRDA:101,27,2,0
BRDA:103,28,0,0
BRDA:103,28,1,0
BRDA:103,29,0,0
BRDA:103,29,1,0
BRDA:103,29,2,0
BRDA:105,30,0,0
BRDA:105,30,1,0
BRDA:105,31,0,0
BRDA:105,31,1,0
BRDA:105,31,2,0
BRDA:107,32,0,0
BRDA:107,32,1,0
BRDA:107,33,0,0
BRDA:107,33,1,0
BRDA:107,33,2,0
BRDA:126,34,0,0
BRDA:126,34,1,0
BRDA:126,35,0,0
BRDA:126,35,1,0
BRDA:126,36,0,0
BRDA:126,36,1,0
BRDA:126,37,0,0
BRDA:126,37,1,0
BRDA:126,38,0,0
BRDA:126,38,1,0
BRDA:135,39,0,0
BRDA:135,39,1,0
BRDA:138,40,0,0
BRDA:138,40,1,0
BRDA:142,41,0,0
BRDA:142,41,1,0
BRDA:147,42,0,0
BRDA:147,42,1,0
BRDA:153,43,0,0
BRDA:153,43,1,0
BRF:91
BRH:0
end_of_record
TN:
SF:/Users/joaofurriel/Documents/Estudo/MIEIC/Ano3/ESOF/pdfmake-1/src/browser-extensions/pdfMake.js
FN:19,Document
FN:25,canCreatePdf
FN:33,(anonymous_3)
FN:41,(anonymous_4)
FN:44,(anonymous_5)
FN:51,(anonymous_6)
FN:53,(anonymous_7)
FN:58,(anonymous_8)
FN:64,(anonymous_9)
FN:91,(anonymous_10)
FN:97,(anonymous_11)
FN:123,(anonymous_12)
FN:130,(anonymous_13)
FN:154,(anonymous_14)
FN:156,(anonymous_15)
FN:161,(anonymous_16)
FN:163,(anonymous_17)
FN:168,(anonymous_18)
FN:170,(anonymous_19)
FN:176,(anonymous_20)
FNF:20
FNH:0
FNDA:0,Document
FNDA:0,canCreatePdf
FNDA:0,(anonymous_3)
FNDA:0,(anonymous_4)
FNDA:0,(anonymous_5)
FNDA:0,(anonymous_6)
FNDA:0,(anonymous_7)
FNDA:0,(anonymous_8)
FNDA:0,(anonymous_9)
FNDA:0,(anonymous_10)
FNDA:0,(anonymous_11)
FNDA:0,(anonymous_12)
FNDA:0,(anonymous_13)
FNDA:0,(anonymous_14)
FNDA:0,(anonymous_15)
FNDA:0,(anonymous_16)
FNDA:0,(anonymous_17)
FNDA:0,(anonymous_18)
FNDA:0,(anonymous_19)
FNDA:0,(anonymous_20)
DA:6,0
DA:7,0
DA:8,0
DA:10,0
DA:19,1
DA:20,0
DA:21,0
DA:22,0
DA:25,1
DA:27,0
DA:28,0
DA:30,0
DA:33,0
DA:34,0
DA:35,0
DA:37,0
DA:38,0
DA:39,0
DA:41,0
DA:42,0
DA:44,0
DA:45,0
DA:46,0
DA:48,0
DA:51,0
DA:52,0
DA:53,0
DA:54,0
DA:58,0
DA:61,0
DA:63,0
DA:64,0
DA:65,0
DA:66,0
DA:67,0
DA:70,0
DA:71,0
DA:72,0
DA:76,0
DA:77,0
DA:78,0
DA:79,0
DA:81,0
DA:85,0
DA:86,0
DA:91,0
DA:94,0
DA:96,0
DA:97,0
DA:98,0
DA:99,0
DA:100,0
DA:103,0
DA:104,0
DA:105,0
DA:109,0
DA:110,0
DA:111,0
DA:112,0
DA:114,0
DA:118,0
DA:119,0
DA:123,0
DA:124,0
DA:125,0
DA:126,0
DA:129,0
DA:130,0
DA:131,0
DA:132,0
DA:133,0
DA:137,0
DA:138,0
DA:139,0
DA:142,0
DA:143,0
DA:146,0
DA:148,0
DA:149,0
DA:154,0
DA:155,0
DA:156,0
DA:157,0
DA:161,0
DA:162,0
DA:163,0
DA:164,0
DA:168,0
DA:169,0
DA:170,0
DA:171,0
DA:175,0
DA:177,0
DA:178,0
LF:94
LH:2
BRDA:21,1,0,0
BRDA:21,1,1,0
BRDA:27,2,0,0
BRDA:27,2,1,0
BRDA:52,3,0,0
BRDA:52,3,1,0
BRDA:70,4,0,0
BRDA:70,4,1,0
BRDA:76,5,0,0
BRDA:76,5,1,0
BRDA:77,6,0,0
BRDA:77,6,1,0
BRDA:103,7,0,0
BRDA:103,7,1,0
BRDA:109,8,0,0
BRDA:109,8,1,0
BRDA:110,9,0,0
BRDA:110,9,1,0
BRDA:124,10,0,0
BRDA:124,10,1,0
BRDA:129,11,0,0
BRDA:129,11,1,0
BRDA:137,12,0,0
BRDA:137,12,1,0
BRDA:142,13,0,0
BRDA:142,13,1,0
BRDA:148,14,0,0
BRDA:148,14,1,0
BRDA:155,15,0,0
BRDA:155,15,1,0
BRDA:162,16,0,0
BRDA:162,16,1,0
BRDA:169,17,0,0
BRDA:169,17,1,0
BRDA:177,18,0,0
BRDA:177,18,1,0
BRF:36
BRH:0
end_of_record
TN:
SF:/Users/joaofurriel/Documents/Estudo/MIEIC/Ano3/ESOF/pdfmake-1/src/browser-extensions/virtual-fs.js
FN:5,VirtualFileSystem
FN:10,(anonymous_2)
FN:21,(anonymous_3)
FN:25,(anonymous_4)
FN:30,fixFilename
FNF:5
FNH:0
FNDA:0,VirtualFileSystem
FNDA:0,(anonymous_2)
FNDA:0,(anonymous_3)
FNDA:0,(anonymous_4)
FNDA:0,fixFilename
DA:5,1
DA:6,0
DA:7,0
DA:10,0
DA:11,0
DA:13,0
DA:14,0
DA:15,0
DA:18,0
DA:21,0
DA:22,0
DA:25,0
DA:26,0
DA:30,1
DA:31,0
DA:32,0
DA:35,0
DA:36,0
DA:39,0
DA:42,0
LF:20
LH:2
BRDA:14,1,0,0
BRDA:14,1,1,0
BRDA:31,2,0,0
BRDA:31,2,1,0
BRDA:35,3,0,0
BRDA:35,3,1,0
BRF:6
BRH:0
end_of_record
